Start
TN:
SF:/Users/cognizant/Neethu/APNS_latest-master/APNS_Latest/test.js
FN:13,(anonymous_1)
FN:17,(anonymous_2)
FN:19,(anonymous_3)
FN:27,(anonymous_4)
FN:28,(anonymous_5)
FN:38,(anonymous_6)
FN:45,(anonymous_7)
FN:46,(anonymous_8)
FN:58,(anonymous_9)
FN:65,(anonymous_10)
FN:66,(anonymous_11)
FN:77,(anonymous_12)
FN:85,(anonymous_13)
FN:86,(anonymous_14)
FN:95,(anonymous_15)
FN:103,(anonymous_16)
FN:104,(anonymous_17)
FN:112,(anonymous_18)
FN:119,(anonymous_19)
FN:120,(anonymous_20)
FN:128,(anonymous_21)
FN:135,(anonymous_22)
FN:136,(anonymous_23)
FN:140,(anonymous_24)
FNF:24
FNH:24
FNDA:1,(anonymous_1)
FNDA:1,(anonymous_2)
FNDA:1,(anonymous_3)
FNDA:1,(anonymous_4)
FNDA:1,(anonymous_5)
FNDA:1,(anonymous_6)
FNDA:1,(anonymous_7)
FNDA:1,(anonymous_8)
FNDA:1,(anonymous_9)
FNDA:1,(anonymous_10)
FNDA:1,(anonymous_11)
FNDA:1,(anonymous_12)
FNDA:1,(anonymous_13)
FNDA:1,(anonymous_14)
FNDA:1,(anonymous_15)
FNDA:1,(anonymous_16)
FNDA:1,(anonymous_17)
FNDA:1,(anonymous_18)
FNDA:1,(anonymous_19)
FNDA:1,(anonymous_20)
FNDA:1,(anonymous_21)
FNDA:1,(anonymous_22)
FNDA:1,(anonymous_23)
FNDA:1,(anonymous_24)
DA:1,1
DA:2,1
DA:3,1
DA:4,1
DA:5,1
DA:6,1
DA:8,1
DA:13,1
DA:14,1
DA:15,1
DA:17,1
DA:18,1
DA:19,1
DA:20,1
DA:27,1
DA:28,1
DA:29,1
DA:30,1
DA:31,1
DA:36,1
DA:39,1
DA:40,1
DA:41,1
DA:45,1
DA:46,1
DA:47,1
DA:48,1
DA:49,1
DA:56,1
DA:59,1
DA:60,1
DA:61,1
DA:65,1
DA:66,1
DA:67,1
DA:68,1
DA:75,1
DA:78,1
DA:79,1
DA:80,1
DA:85,1
DA:86,1
DA:87,1
DA:89,1
DA:93,1
DA:96,1
DA:97,1
DA:98,1
DA:103,1
DA:104,1
DA:105,1
DA:106,1
DA:110,1
DA:113,1
DA:114,1
DA:115,1
DA:119,1
DA:120,1
DA:121,1
DA:122,1
DA:126,1
DA:129,1
DA:130,1
DA:131,1
DA:135,1
DA:136,1
DA:137,1
DA:139,1
DA:141,1
DA:142,1
DA:143,1
LF:71
LH:71
BRDA:39,1,0,0
BRDA:39,1,1,1
BRDA:59,2,0,0
BRDA:59,2,1,1
BRDA:78,3,0,0
BRDA:78,3,1,1
BRDA:96,4,0,0
BRDA:96,4,1,1
BRDA:113,5,0,0
BRDA:113,5,1,1
BRDA:129,6,0,0
BRDA:129,6,1,1
BRDA:141,7,0,0
BRDA:141,7,1,1
BRF:14
BRH:7
end_of_record
TN:
SF:/Users/cognizant/Neethu/APNS_latest-master/APNS_Latest/app.js
FNF:0
FNH:0
DA:1,1
DA:2,1
DA:3,1
DA:4,1
DA:5,1
DA:6,1
DA:8,1
DA:9,1
DA:10,1
DA:13,1
DA:14,1
DA:16,1
DA:18,1
DA:19,1
LF:14
LH:14
BRDA:4,1,0,1
BRDA:4,1,1,1
BRF:2
BRH:2
end_of_record
TN:
SF:/Users/cognizant/Neethu/APNS_latest-master/APNS_Latest/routes/routes.js
FN:11,(anonymous_1)
FN:14,(anonymous_2)
FN:19,(anonymous_3)
FN:25,(anonymous_4)
FN:34,(anonymous_5)
FN:69,(anonymous_6)
FN:87,(anonymous_7)
FN:89,(anonymous_8)
FN:99,(anonymous_9)
FN:121,(anonymous_10)
FN:129,(anonymous_11)
FN:132,(anonymous_12)
FN:137,(anonymous_13)
FN:152,(anonymous_14)
FN:157,(anonymous_15)
FN:215,(anonymous_16)
FN:228,(anonymous_17)
FN:233,(anonymous_18)
FNF:18
FNH:13
FNDA:1,(anonymous_1)
FNDA:0,(anonymous_2)
FNDA:0,(anonymous_3)
FNDA:0,(anonymous_4)
FNDA:2,(anonymous_5)
FNDA:2,(anonymous_6)
FNDA:0,(anonymous_7)
FNDA:0,(anonymous_8)
FNDA:1,(anonymous_9)
FNDA:1,(anonymous_10)
FNDA:1,(anonymous_11)
FNDA:1,(anonymous_12)
FNDA:2,(anonymous_13)
FNDA:2,(anonymous_14)
FNDA:2,(anonymous_15)
FNDA:1,(anonymous_16)
FNDA:1,(anonymous_17)
FNDA:1,(anonymous_18)
DA:1,1
DA:2,1
DA:3,1
DA:4,1
DA:5,1
DA:6,1
DA:7,1
DA:8,1
DA:9,1
DA:11,1
DA:14,1
DA:16,0
DA:17,0
DA:19,0
DA:21,0
DA:25,1
DA:27,0
DA:34,1
DA:36,2
DA:37,2
DA:38,2
DA:39,2
DA:40,2
DA:46,2
DA:49,0
DA:50,0
DA:52,2
DA:54,0
DA:55,0
DA:57,2
DA:60,2
DA:61,1
DA:64,2
DA:65,1
DA:69,2
DA:71,2
DA:73,2
DA:75,2
DA:81,0
DA:82,0
DA:87,1
DA:89,0
DA:91,0
DA:99,1
DA:101,1
DA:103,1
DA:110,1
DA:111,0
DA:112,0
DA:115,1
DA:116,0
DA:117,0
DA:121,1
DA:122,1
DA:129,1
DA:131,1
DA:132,1
DA:133,1
DA:137,1
DA:139,2
DA:141,2
DA:143,2
DA:144,0
DA:145,0
DA:149,2
DA:153,2
DA:154,0
DA:157,2
DA:158,2
DA:159,2
DA:160,2
DA:162,2
DA:164,2
DA:165,2
DA:167,1
DA:169,1
DA:170,0
DA:171,0
DA:175,1
DA:176,1
DA:178,2
DA:179,1
DA:181,1
DA:182,0
DA:183,0
DA:187,1
DA:189,2
DA:191,0
DA:193,0
DA:194,0
DA:195,0
DA:198,0
DA:201,2
DA:204,0
DA:215,1
DA:217,1
DA:219,1
DA:221,1
DA:222,0
DA:223,0
DA:226,1
DA:229,1
DA:230,0
DA:233,1
DA:234,1
DA:235,1
DA:236,1
DA:238,1
DA:240,1
DA:241,1
DA:243,1
DA:245,1
DA:246,0
DA:247,0
DA:251,1
DA:252,1
DA:254,1
DA:255,1
DA:257,1
DA:258,0
DA:259,0
DA:263,1
DA:265,1
DA:267,0
DA:269,0
DA:270,0
DA:271,0
DA:274,0
DA:277,1
DA:280,0
LF:130
LH:87
BRDA:46,1,0,0
BRDA:46,1,1,2
BRDA:46,2,0,2
BRDA:46,2,1,2
BRDA:46,2,2,2
BRDA:52,3,0,0
BRDA:52,3,1,2
BRDA:52,4,0,2
BRDA:52,4,1,2
BRDA:52,4,2,2
BRDA:57,5,0,2
BRDA:57,5,1,0
BRDA:57,6,0,2
BRDA:57,6,1,1
BRDA:57,6,2,0
BRDA:60,7,0,1
BRDA:60,7,1,1
BRDA:64,8,0,1
BRDA:64,8,1,1
BRDA:73,9,0,2
BRDA:73,9,1,0
BRDA:110,10,0,0
BRDA:110,10,1,1
BRDA:115,11,0,0
BRDA:115,11,1,1
BRDA:115,12,0,1
BRDA:115,12,1,0
BRDA:115,12,2,0
BRDA:143,13,0,0
BRDA:143,13,1,2
BRDA:143,14,0,2
BRDA:143,14,1,2
BRDA:153,15,0,0
BRDA:153,15,1,2
BRDA:164,16,0,2
BRDA:164,16,1,0
BRDA:164,17,0,2
BRDA:164,17,1,1
BRDA:164,17,2,0
BRDA:165,18,0,1
BRDA:165,18,1,1
BRDA:169,19,0,0
BRDA:169,19,1,1
BRDA:170,20,0,0
BRDA:170,20,1,0
BRDA:178,21,0,1
BRDA:178,21,1,1
BRDA:181,22,0,0
BRDA:181,22,1,1
BRDA:182,23,0,0
BRDA:182,23,1,0
BRDA:189,24,0,0
BRDA:189,24,1,2
BRDA:193,25,0,0
BRDA:193,25,1,0
BRDA:194,26,0,0
BRDA:194,26,1,0
BRDA:221,27,0,0
BRDA:221,27,1,1
BRDA:229,28,0,0
BRDA:229,28,1,1
BRDA:240,29,0,1
BRDA:240,29,1,0
BRDA:240,30,0,1
BRDA:240,30,1,0
BRDA:240,30,2,0
BRDA:241,31,0,1
BRDA:241,31,1,0
BRDA:245,32,0,0
BRDA:245,32,1,1
BRDA:246,33,0,0
BRDA:246,33,1,0
BRDA:254,34,0,1
BRDA:254,34,1,0
BRDA:257,35,0,0
BRDA:257,35,1,1
BRDA:258,36,0,0
BRDA:258,36,1,0
BRDA:265,37,0,0
BRDA:265,37,1,1
BRDA:269,38,0,0
BRDA:269,38,1,0
BRDA:270,39,0,0
BRDA:270,39,1,0
BRF:84
BRH:42
end_of_record
TN:
SF:/Users/cognizant/Neethu/APNS_latest-master/APNS_Latest/functions/register.js
FN:7,(anonymous_1)
FN:23,(anonymous_2)
FN:29,(anonymous_3)
FNF:3
FNH:3
FNDA:2,(anonymous_1)
FNDA:2,(anonymous_2)
FNDA:2,(anonymous_3)
DA:1,1
DA:2,1
DA:3,1
DA:4,1
DA:7,1
DA:10,2
DA:23,2
DA:25,2
DA:27,2
DA:29,2
DA:31,2
DA:33,2
DA:37,0
DA:43,0
LF:14
LH:12
BRDA:27,1,0,2
BRDA:27,1,1,0
BRDA:31,2,0,2
BRDA:31,2,1,0
BRF:4
BRH:2
end_of_record
TN:
SF:/Users/cognizant/Neethu/APNS_latest-master/APNS_Latest/models/device.js
FNF:0
FNH:0
DA:1,1
DA:3,1
DA:5,1
DA:16,1
DA:19,1
LF:5
LH:5
BRF:0
BRH:0
end_of_record
TN:
SF:/Users/cognizant/Neethu/APNS_latest-master/APNS_Latest/functions/devices.js
FN:7,(anonymous_1)
FN:9,(anonymous_2)
FNF:2
FNH:0
FNDA:0,(anonymous_1)
FNDA:0,(anonymous_2)
DA:1,1
DA:2,1
DA:3,1
DA:4,1
DA:7,1
DA:9,0
DA:11,0
DA:13,0
LF:8
LH:5
BRDA:11,1,0,0
BRDA:11,1,1,0
BRF:2
BRH:0
end_of_record
TN:
SF:/Users/cognizant/Neethu/APNS_latest-master/APNS_Latest/functions/delete.js
FN:7,(anonymous_1)
FN:10,(anonymous_2)
FNF:2
FNH:2
FNDA:1,(anonymous_1)
FNDA:1,(anonymous_2)
DA:1,1
DA:2,1
DA:3,1
DA:4,1
DA:7,1
DA:10,1
DA:12,1
DA:14,1
DA:18,0
LF:9
LH:8
BRDA:12,1,0,1
BRDA:12,1,1,0
BRF:2
BRH:1
end_of_record
TN:
SF:/Users/cognizant/Neethu/APNS_latest-master/APNS_Latest/functions/send-message.js
FN:6,(anonymous_1)
FN:41,(anonymous_2)
FN:46,(anonymous_3)
FN:51,(anonymous_4)
FN:63,(anonymous_5)
FN:67,(anonymous_6)
FN:71,(anonymous_7)
FN:86,(anonymous_8)
FN:92,(anonymous_9)
FNF:9
FNH:2
FNDA:2,(anonymous_1)
FNDA:0,(anonymous_2)
FNDA:0,(anonymous_3)
FNDA:0,(anonymous_4)
FNDA:0,(anonymous_5)
FNDA:0,(anonymous_6)
FNDA:0,(anonymous_7)
FNDA:2,(anonymous_8)
FNDA:0,(anonymous_9)
DA:1,1
DA:2,1
DA:3,1
DA:4,1
DA:6,1
DA:8,2
DA:9,2
DA:17,2
DA:18,2
DA:20,2
DA:22,2
DA:24,2
DA:25,0
DA:28,2
DA:29,0
DA:32,2
DA:33,0
DA:38,2
DA:41,2
DA:42,0
DA:46,2
DA:47,0
DA:51,2
DA:52,0
DA:54,0
DA:55,0
DA:59,0
DA:63,2
DA:64,0
DA:67,2
DA:68,0
DA:71,2
DA:72,0
DA:75,2
DA:79,0
DA:86,1
DA:88,2
DA:89,2
DA:90,2
DA:91,2
DA:92,2
DA:93,0
DA:94,0
DA:95,0
DA:97,0
DA:98,0
LF:46
LH:28
BRDA:24,1,0,0
BRDA:24,1,1,2
BRDA:24,2,0,2
BRDA:24,2,1,0
BRDA:28,3,0,0
BRDA:28,3,1,2
BRDA:28,4,0,2
BRDA:28,4,1,0
BRDA:32,5,0,0
BRDA:32,5,1,2
BRDA:32,6,0,2
BRDA:32,6,1,0
BRDA:54,7,0,0
BRDA:54,7,1,0
BRDA:93,8,0,0
BRDA:93,8,1,0
BRF:16
BRH:6
end_of_record
TN:
SF:/Users/cognizant/Neethu/APNS_latest-master/APNS_Latest/functions/update.js
FN:6,(anonymous_1)
FN:24,(anonymous_2)
FNF:2
FNH:2
FNDA:1,(anonymous_1)
FNDA:1,(anonymous_2)
DA:1,1
DA:2,1
DA:3,1
DA:4,1
DA:6,1
DA:8,1
DA:10,1
DA:11,1
DA:13,1
DA:14,1
DA:16,1
DA:17,1
DA:20,1
DA:24,1
DA:26,1
DA:28,1
DA:32,0
LF:17
LH:16
BRDA:10,1,0,1
BRDA:10,1,1,0
BRDA:13,2,0,1
BRDA:13,2,1,0
BRDA:16,3,0,1
BRDA:16,3,1,0
BRDA:26,4,0,1
BRDA:26,4,1,0
BRF:8
BRH:4
end_of_record
TN:
SF:/Users/cognizant/Neethu/APNS_latest-master/APNS_Latest/functions/getTokens.js
FN:3,(anonymous_1)
FN:9,(anonymous_2)
FN:23,(anonymous_3)
FNF:3
FNH:3
FNDA:3,(anonymous_1)
FNDA:23,(anonymous_2)
FNDA:3,(anonymous_3)
DA:1,1
DA:2,1
DA:3,1
DA:4,3
DA:5,3
DA:6,3
DA:8,3
DA:10,23
DA:11,8
DA:12,8
DA:14,15
DA:15,15
DA:16,15
DA:18,0
DA:19,0
DA:20,0
DA:25,3
DA:30,3
LF:18
LH:15
BRDA:10,1,0,8
BRDA:10,1,1,15
BRDA:14,2,0,15
BRDA:14,2,1,0
BRDA:18,3,0,0
BRDA:18,3,1,0
BRF:6
BRH:3
end_of_record
