{"/Users/Irshad/Desktop/santhosh/Auth_Microservice/ldap/Microservices-master/MicroServices/Authentication_MicroService/test/ldapTest.js":{"path":"/Users/Irshad/Desktop/santhosh/Auth_Microservice/ldap/Microservices-master/MicroServices/Authentication_MicroService/test/ldapTest.js","s":{"1":1,"2":1,"3":1,"4":1,"5":1,"6":1,"7":1,"8":1,"9":1,"10":1,"11":1,"12":1,"13":1,"14":1,"15":1,"16":1,"17":1,"18":1,"19":1,"20":1,"21":1,"22":1,"23":1,"24":1,"25":1,"26":1,"27":1,"28":1,"29":1,"30":1,"31":1,"32":1,"33":1},"b":{},"f":{"1":1,"2":1,"3":1,"4":1,"5":1,"6":1,"7":1,"8":1,"9":1},"fnMap":{"1":{"name":"(anonymous_1)","line":10,"loc":{"start":{"line":10,"column":28},"end":{"line":10,"column":40}}},"2":{"name":"(anonymous_2)","line":16,"loc":{"start":{"line":16,"column":11},"end":{"line":16,"column":27}}},"3":{"name":"(anonymous_3)","line":18,"loc":{"start":{"line":18,"column":19},"end":{"line":18,"column":31}}},"4":{"name":"(anonymous_4)","line":23,"loc":{"start":{"line":23,"column":39},"end":{"line":23,"column":51}}},"5":{"name":"(anonymous_5)","line":24,"loc":{"start":{"line":24,"column":61},"end":{"line":24,"column":77}}},"6":{"name":"(anonymous_6)","line":29,"loc":{"start":{"line":29,"column":21},"end":{"line":29,"column":41}}},"7":{"name":"(anonymous_7)","line":40,"loc":{"start":{"line":40,"column":34},"end":{"line":40,"column":46}}},"8":{"name":"(anonymous_8)","line":41,"loc":{"start":{"line":41,"column":76},"end":{"line":41,"column":92}}},"9":{"name":"(anonymous_9)","line":48,"loc":{"start":{"line":48,"column":21},"end":{"line":48,"column":41}}}},"statementMap":{"1":{"start":{"line":2,"column":0},"end":{"line":2,"column":27}},"2":{"start":{"line":3,"column":0},"end":{"line":3,"column":36}},"3":{"start":{"line":4,"column":0},"end":{"line":4,"column":27}},"4":{"start":{"line":5,"column":0},"end":{"line":5,"column":36}},"5":{"start":{"line":6,"column":0},"end":{"line":6,"column":38}},"6":{"start":{"line":7,"column":0},"end":{"line":7,"column":19}},"7":{"start":{"line":10,"column":0},"end":{"line":59,"column":3}},"8":{"start":{"line":12,"column":4},"end":{"line":12,"column":56}},"9":{"start":{"line":13,"column":4},"end":{"line":13,"column":44}},"10":{"start":{"line":14,"column":4},"end":{"line":14,"column":32}},"11":{"start":{"line":15,"column":4},"end":{"line":15,"column":483}},"12":{"start":{"line":16,"column":4},"end":{"line":21,"column":7}},"13":{"start":{"line":17,"column":8},"end":{"line":17,"column":44}},"14":{"start":{"line":18,"column":8},"end":{"line":20,"column":17}},"15":{"start":{"line":19,"column":12},"end":{"line":19,"column":19}},"16":{"start":{"line":23,"column":4},"end":{"line":38,"column":7}},"17":{"start":{"line":24,"column":8},"end":{"line":37,"column":11}},"18":{"start":{"line":25,"column":12},"end":{"line":36,"column":19}},"19":{"start":{"line":30,"column":20},"end":{"line":30,"column":94}},"20":{"start":{"line":31,"column":20},"end":{"line":31,"column":48}},"21":{"start":{"line":32,"column":20},"end":{"line":32,"column":62}},"22":{"start":{"line":33,"column":20},"end":{"line":33,"column":59}},"23":{"start":{"line":34,"column":20},"end":{"line":34,"column":53}},"24":{"start":{"line":35,"column":20},"end":{"line":35,"column":27}},"25":{"start":{"line":40,"column":4},"end":{"line":57,"column":7}},"26":{"start":{"line":41,"column":8},"end":{"line":56,"column":11}},"27":{"start":{"line":42,"column":12},"end":{"line":55,"column":19}},"28":{"start":{"line":49,"column":20},"end":{"line":49,"column":94}},"29":{"start":{"line":50,"column":20},"end":{"line":50,"column":48}},"30":{"start":{"line":51,"column":20},"end":{"line":51,"column":61}},"31":{"start":{"line":52,"column":20},"end":{"line":52,"column":62}},"32":{"start":{"line":53,"column":20},"end":{"line":53,"column":53}},"33":{"start":{"line":54,"column":20},"end":{"line":54,"column":27}}},"branchMap":{}}}