TN:
SF:/Users/Srividya/Microservices/ServiceBrokers/AuthServiceBroker/test.js
FN:18,(anonymous_1)
FN:20,(anonymous_2)
FN:22,(anonymous_3)
FN:28,(anonymous_4)
FN:29,(anonymous_5)
FN:32,(anonymous_6)
FN:41,(anonymous_7)
FN:42,(anonymous_8)
FN:79,(anonymous_9)
FN:91,(anonymous_10)
FN:92,(anonymous_11)
FN:109,(anonymous_12)
FN:122,(anonymous_13)
FN:123,(anonymous_14)
FN:136,(anonymous_15)
FN:145,(anonymous_16)
FN:146,(anonymous_17)
FN:160,(anonymous_18)
FNF:18
FNH:18
FNDA:1,(anonymous_1)
FNDA:1,(anonymous_2)
FNDA:1,(anonymous_3)
FNDA:1,(anonymous_4)
FNDA:1,(anonymous_5)
FNDA:1,(anonymous_6)
FNDA:1,(anonymous_7)
FNDA:1,(anonymous_8)
FNDA:1,(anonymous_9)
FNDA:1,(anonymous_10)
FNDA:1,(anonymous_11)
FNDA:1,(anonymous_12)
FNDA:1,(anonymous_13)
FNDA:1,(anonymous_14)
FNDA:1,(anonymous_15)
FNDA:1,(anonymous_16)
FNDA:1,(anonymous_17)
FNDA:1,(anonymous_18)
DA:4,1
DA:5,1
DA:6,1
DA:7,1
DA:9,1
DA:10,1
DA:18,1
DA:20,1
DA:21,1
DA:22,1
DA:23,1
DA:28,1
DA:29,1
DA:30,1
DA:31,1
DA:33,1
DA:34,1
DA:36,1
DA:41,1
DA:42,1
DA:43,1
DA:44,1
DA:75,1
DA:80,1
DA:81,1
DA:82,1
DA:83,1
DA:84,1
DA:91,1
DA:92,1
DA:93,1
DA:94,1
DA:104,1
DA:110,1
DA:111,1
DA:112,1
DA:113,1
DA:114,1
DA:122,1
DA:123,1
DA:124,1
DA:125,1
DA:131,1
DA:137,1
DA:138,1
DA:145,1
DA:146,1
DA:147,1
DA:148,1
DA:155,1
DA:161,1
DA:162,1
LF:52
LH:52
BRF:0
BRH:0
end_of_record
TN:
SF:/Users/Srividya/Microservices/ServiceBrokers/AuthServiceBroker/auth-service-broker.js
FN:34,checkConsistency
FN:52,(anonymous_2)
FN:59,(anonymous_3)
FN:64,(anonymous_4)
FN:88,(anonymous_5)
FN:109,(anonymous_6)
FN:120,(anonymous_7)
FN:156,(anonymous_8)
FN:166,(anonymous_9)
FN:174,apiVersionChecker
FN:176,(anonymous_11)
FN:191,authenticate
FN:192,(anonymous_13)
FN:215,(anonymous_14)
FN:223,(anonymous_15)
FNF:15
FNH:13
FNDA:1,checkConsistency
FNDA:1,(anonymous_2)
FNDA:1,(anonymous_3)
FNDA:1,(anonymous_4)
FNDA:1,(anonymous_5)
FNDA:1,(anonymous_6)
FNDA:1,(anonymous_7)
FNDA:1,(anonymous_8)
FNDA:0,(anonymous_9)
FNDA:1,apiVersionChecker
FNDA:5,(anonymous_11)
FNDA:1,authenticate
FNDA:5,(anonymous_13)
FNDA:0,(anonymous_14)
FNDA:1,(anonymous_15)
DA:10,1
DA:12,1
DA:13,1
DA:14,1
DA:15,1
DA:16,1
DA:19,1
DA:20,1
DA:21,1
DA:22,1
DA:26,1
DA:27,1
DA:28,1
DA:29,1
DA:30,1
DA:31,1
DA:34,1
DA:35,1
DA:37,1
DA:38,1
DA:40,1
DA:41,1
DA:42,1
DA:43,1
DA:44,0
DA:45,0
DA:52,1
DA:54,1
DA:55,1
DA:59,1
DA:61,1
DA:64,1
DA:69,1
DA:70,1
DA:72,1
DA:73,1
DA:75,1
DA:76,1
DA:78,1
DA:79,1
DA:83,1
DA:88,1
DA:89,1
DA:90,0
DA:91,0
DA:95,1
DA:96,1
DA:97,1
DA:102,1
DA:104,1
DA:109,1
DA:110,1
DA:111,1
DA:115,1
DA:120,1
DA:121,1
DA:122,0
DA:123,0
DA:127,1
DA:135,1
DA:136,1
DA:138,1
DA:139,1
DA:141,1
DA:142,1
DA:144,1
DA:145,0
DA:147,1
DA:149,1
DA:150,1
DA:156,1
DA:157,1
DA:160,1
DA:166,1
DA:168,0
DA:171,0
DA:174,1
DA:175,1
DA:176,1
DA:177,5
DA:178,0
DA:179,0
DA:180,0
DA:181,0
DA:182,0
DA:185,5
DA:187,5
DA:191,1
DA:192,1
DA:193,5
DA:194,0
DA:195,0
DA:196,0
DA:197,0
DA:203,5
DA:205,5
DA:209,1
DA:215,1
DA:216,0
DA:220,1
DA:221,1
DA:223,1
DA:224,1
DA:227,1
LF:104
LH:85
BRDA:43,1,0,0
BRDA:43,1,1,1
BRDA:69,2,0,1
BRDA:69,2,1,0
BRDA:69,3,0,1
BRDA:69,3,1,1
BRDA:72,4,0,1
BRDA:72,4,1,0
BRDA:72,5,0,1
BRDA:72,5,1,1
BRDA:75,6,0,1
BRDA:75,6,1,0
BRDA:75,7,0,1
BRDA:75,7,1,1
BRDA:78,8,0,1
BRDA:78,8,1,0
BRDA:78,9,0,1
BRDA:78,9,1,1
BRDA:89,10,0,0
BRDA:89,10,1,1
BRDA:121,11,0,0
BRDA:121,11,1,1
BRDA:121,12,0,1
BRDA:121,12,1,1
BRDA:135,13,0,1
BRDA:135,13,1,0
BRDA:138,14,0,1
BRDA:138,14,1,0
BRDA:141,15,0,1
BRDA:141,15,1,0
BRDA:144,16,0,0
BRDA:144,16,1,1
BRDA:177,17,0,0
BRDA:177,17,1,5
BRDA:179,18,0,0
BRDA:179,18,1,0
BRDA:193,19,0,0
BRDA:193,19,1,5
BRDA:193,20,0,5
BRDA:193,20,1,5
BRDA:194,21,0,0
BRDA:194,21,1,0
BRDA:194,22,0,0
BRDA:194,22,1,0
BRDA:194,22,2,0
BRDA:194,22,3,0
BRDA:221,23,0,1
BRDA:221,23,1,1
BRF:48
BRH:27
end_of_record
TN:
SF:/Users/Srividya/Microservices/ServiceBrokers/AuthServiceBroker/cf-node-client.js
FN:12,(anonymous_1)
FN:17,(anonymous_2)
FN:29,(anonymous_3)
FN:32,(anonymous_4)
FN:49,(anonymous_5)
FN:51,(anonymous_6)
FN:58,(anonymous_7)
FN:73,(anonymous_8)
FN:77,(anonymous_9)
FN:88,(anonymous_10)
FN:101,(anonymous_11)
FN:112,(anonymous_12)
FN:116,(anonymous_13)
FN:119,(anonymous_14)
FN:123,(anonymous_15)
FN:127,(anonymous_16)
FN:136,(anonymous_17)
FNF:17
FNH:16
FNDA:1,(anonymous_1)
FNDA:1,(anonymous_2)
FNDA:1,(anonymous_3)
FNDA:1,(anonymous_4)
FNDA:1,(anonymous_5)
FNDA:1,(anonymous_6)
FNDA:1,(anonymous_7)
FNDA:1,(anonymous_8)
FNDA:1,(anonymous_9)
FNDA:1,(anonymous_10)
FNDA:1,(anonymous_11)
FNDA:1,(anonymous_12)
FNDA:1,(anonymous_13)
FNDA:1,(anonymous_14)
FNDA:1,(anonymous_15)
FNDA:0,(anonymous_16)
FNDA:1,(anonymous_17)
DA:9,1
DA:10,1
DA:11,1
DA:12,1
DA:17,1
DA:19,1
DA:20,1
DA:21,1
DA:22,1
DA:23,1
DA:24,1
DA:25,1
DA:26,1
DA:27,1
DA:29,1
DA:30,1
DA:31,1
DA:32,1
DA:33,1
DA:34,0
DA:35,0
DA:38,1
DA:44,0
DA:49,1
DA:50,1
DA:51,1
DA:52,1
DA:53,0
DA:54,0
DA:58,1
DA:59,1
DA:60,0
DA:61,0
DA:64,1
DA:73,1
DA:75,1
DA:76,1
DA:77,1
DA:78,1
DA:79,0
DA:80,0
DA:82,1
DA:88,1
DA:90,1
DA:91,1
DA:98,1
DA:99,1
DA:100,1
DA:101,1
DA:102,1
DA:104,1
DA:109,1
DA:111,1
DA:114,1
DA:115,1
DA:117,1
DA:118,1
DA:120,1
DA:121,1
DA:122,1
DA:124,1
DA:125,1
DA:128,0
DA:129,0
DA:135,1
DA:136,1
DA:137,1
DA:138,0
DA:139,0
DA:142,1
DA:149,1
LF:71
LH:58
BRDA:30,1,0,1
BRDA:30,1,1,0
BRDA:33,2,0,0
BRDA:33,2,1,1
BRDA:52,3,0,0
BRDA:52,3,1,1
BRDA:59,4,0,0
BRDA:59,4,1,1
BRDA:78,5,0,0
BRDA:78,5,1,1
BRDA:137,6,0,0
BRDA:137,6,1,1
BRF:12
BRH:6
end_of_record
