{"/Users/Srividya/Microservices/Services/PaaS_Catalog/test.js":{"path":"/Users/Srividya/Microservices/Services/PaaS_Catalog/test.js","s":{"1":1,"2":1,"3":1,"4":1,"5":1,"6":1,"7":1,"8":1,"9":1,"10":1,"11":1,"12":1,"13":1,"14":1,"15":1,"16":1,"17":1,"18":1,"19":1,"20":1,"21":1,"22":1,"23":1,"24":1,"25":1,"26":1,"27":1,"28":1,"29":1,"30":1,"31":1,"32":1,"33":1,"34":1,"35":1,"36":1,"37":1,"38":1,"39":1,"40":1,"41":1,"42":1,"43":1,"44":1,"45":1,"46":1,"47":1,"48":1,"49":1,"50":1,"51":1,"52":1,"53":1,"54":1,"55":1,"56":1,"57":1,"58":1,"59":1,"60":1,"61":1,"62":1,"63":1,"64":1,"65":1,"66":1,"67":1,"68":1,"69":1,"70":1,"71":1,"72":1,"73":1,"74":1,"75":1,"76":1,"77":1,"78":1,"79":1,"80":1,"81":1,"82":1,"83":1,"84":1,"85":1,"86":1},"b":{},"f":{"1":1,"2":1,"3":1,"4":1,"5":1,"6":1,"7":1,"8":1,"9":1,"10":1,"11":1,"12":1,"13":1,"14":1,"15":1,"16":1,"17":1,"18":1,"19":1,"20":1,"21":1,"22":1,"23":1,"24":1,"25":1,"26":1,"27":1,"28":1,"29":1,"30":1,"31":1,"32":1,"33":1},"fnMap":{"1":{"name":"(anonymous_1)","line":12,"loc":{"start":{"line":12,"column":35},"end":{"line":12,"column":47}}},"2":{"name":"(anonymous_2)","line":15,"loc":{"start":{"line":15,"column":11},"end":{"line":15,"column":27}}},"3":{"name":"(anonymous_3)","line":17,"loc":{"start":{"line":17,"column":19},"end":{"line":17,"column":31}}},"4":{"name":"(anonymous_4)","line":21,"loc":{"start":{"line":21,"column":57},"end":{"line":21,"column":69}}},"5":{"name":"(anonymous_5)","line":22,"loc":{"start":{"line":22,"column":68},"end":{"line":22,"column":84}}},"6":{"name":"(anonymous_6)","line":25,"loc":{"start":{"line":25,"column":21},"end":{"line":25,"column":41}}},"7":{"name":"(anonymous_7)","line":33,"loc":{"start":{"line":33,"column":57},"end":{"line":33,"column":69}}},"8":{"name":"(anonymous_8)","line":34,"loc":{"start":{"line":34,"column":68},"end":{"line":34,"column":84}}},"9":{"name":"(anonymous_9)","line":37,"loc":{"start":{"line":37,"column":21},"end":{"line":37,"column":41}}},"10":{"name":"(anonymous_10)","line":44,"loc":{"start":{"line":44,"column":57},"end":{"line":44,"column":69}}},"11":{"name":"(anonymous_11)","line":45,"loc":{"start":{"line":45,"column":68},"end":{"line":45,"column":84}}},"12":{"name":"(anonymous_12)","line":48,"loc":{"start":{"line":48,"column":21},"end":{"line":48,"column":41}}},"13":{"name":"(anonymous_13)","line":56,"loc":{"start":{"line":56,"column":30},"end":{"line":56,"column":42}}},"14":{"name":"(anonymous_14)","line":57,"loc":{"start":{"line":57,"column":69},"end":{"line":57,"column":85}}},"15":{"name":"(anonymous_15)","line":61,"loc":{"start":{"line":61,"column":21},"end":{"line":61,"column":41}}},"16":{"name":"(anonymous_16)","line":70,"loc":{"start":{"line":70,"column":32},"end":{"line":70,"column":44}}},"17":{"name":"(anonymous_17)","line":71,"loc":{"start":{"line":71,"column":67},"end":{"line":71,"column":83}}},"18":{"name":"(anonymous_18)","line":74,"loc":{"start":{"line":74,"column":21},"end":{"line":74,"column":41}}},"19":{"name":"(anonymous_19)","line":82,"loc":{"start":{"line":82,"column":41},"end":{"line":82,"column":53}}},"20":{"name":"(anonymous_20)","line":83,"loc":{"start":{"line":83,"column":75},"end":{"line":83,"column":91}}},"21":{"name":"(anonymous_21)","line":91,"loc":{"start":{"line":91,"column":21},"end":{"line":91,"column":41}}},"22":{"name":"(anonymous_22)","line":99,"loc":{"start":{"line":99,"column":34},"end":{"line":99,"column":46}}},"23":{"name":"(anonymous_23)","line":100,"loc":{"start":{"line":100,"column":68},"end":{"line":100,"column":84}}},"24":{"name":"(anonymous_24)","line":108,"loc":{"start":{"line":108,"column":21},"end":{"line":108,"column":41}}},"25":{"name":"(anonymous_25)","line":116,"loc":{"start":{"line":116,"column":40},"end":{"line":116,"column":52}}},"26":{"name":"(anonymous_26)","line":117,"loc":{"start":{"line":117,"column":71},"end":{"line":117,"column":87}}},"27":{"name":"(anonymous_27)","line":120,"loc":{"start":{"line":120,"column":21},"end":{"line":120,"column":41}}},"28":{"name":"(anonymous_28)","line":128,"loc":{"start":{"line":128,"column":40},"end":{"line":128,"column":52}}},"29":{"name":"(anonymous_29)","line":129,"loc":{"start":{"line":129,"column":71},"end":{"line":129,"column":87}}},"30":{"name":"(anonymous_30)","line":132,"loc":{"start":{"line":132,"column":21},"end":{"line":132,"column":41}}},"31":{"name":"(anonymous_31)","line":139,"loc":{"start":{"line":139,"column":50},"end":{"line":139,"column":62}}},"32":{"name":"(anonymous_32)","line":140,"loc":{"start":{"line":140,"column":93},"end":{"line":140,"column":109}}},"33":{"name":"(anonymous_33)","line":150,"loc":{"start":{"line":150,"column":21},"end":{"line":150,"column":41}}}},"statementMap":{"1":{"start":{"line":1,"column":0},"end":{"line":1,"column":27}},"2":{"start":{"line":2,"column":0},"end":{"line":2,"column":36}},"3":{"start":{"line":3,"column":0},"end":{"line":3,"column":33}},"4":{"start":{"line":4,"column":0},"end":{"line":4,"column":27}},"5":{"start":{"line":5,"column":0},"end":{"line":5,"column":19}},"6":{"start":{"line":7,"column":0},"end":{"line":7,"column":11}},"7":{"start":{"line":12,"column":0},"end":{"line":157,"column":3}},"8":{"start":{"line":13,"column":4},"end":{"line":13,"column":968}},"9":{"start":{"line":15,"column":4},"end":{"line":20,"column":7}},"10":{"start":{"line":16,"column":8},"end":{"line":16,"column":44}},"11":{"start":{"line":17,"column":8},"end":{"line":19,"column":17}},"12":{"start":{"line":18,"column":12},"end":{"line":18,"column":19}},"13":{"start":{"line":21,"column":4},"end":{"line":32,"column":7}},"14":{"start":{"line":22,"column":8},"end":{"line":31,"column":11}},"15":{"start":{"line":23,"column":12},"end":{"line":23,"column":32}},"16":{"start":{"line":24,"column":12},"end":{"line":30,"column":19}},"17":{"start":{"line":26,"column":20},"end":{"line":26,"column":48}},"18":{"start":{"line":27,"column":20},"end":{"line":27,"column":53}},"19":{"start":{"line":28,"column":20},"end":{"line":28,"column":64}},"20":{"start":{"line":29,"column":20},"end":{"line":29,"column":27}},"21":{"start":{"line":33,"column":4},"end":{"line":43,"column":7}},"22":{"start":{"line":34,"column":8},"end":{"line":42,"column":11}},"23":{"start":{"line":35,"column":12},"end":{"line":35,"column":32}},"24":{"start":{"line":36,"column":12},"end":{"line":41,"column":19}},"25":{"start":{"line":38,"column":20},"end":{"line":38,"column":48}},"26":{"start":{"line":39,"column":20},"end":{"line":39,"column":53}},"27":{"start":{"line":40,"column":20},"end":{"line":40,"column":27}},"28":{"start":{"line":44,"column":4},"end":{"line":54,"column":7}},"29":{"start":{"line":45,"column":8},"end":{"line":53,"column":11}},"30":{"start":{"line":46,"column":12},"end":{"line":46,"column":32}},"31":{"start":{"line":47,"column":12},"end":{"line":52,"column":19}},"32":{"start":{"line":49,"column":20},"end":{"line":49,"column":48}},"33":{"start":{"line":50,"column":20},"end":{"line":50,"column":53}},"34":{"start":{"line":51,"column":20},"end":{"line":51,"column":27}},"35":{"start":{"line":56,"column":4},"end":{"line":68,"column":7}},"36":{"start":{"line":57,"column":8},"end":{"line":67,"column":11}},"37":{"start":{"line":58,"column":12},"end":{"line":58,"column":32}},"38":{"start":{"line":59,"column":12},"end":{"line":59,"column":42}},"39":{"start":{"line":60,"column":12},"end":{"line":66,"column":19}},"40":{"start":{"line":62,"column":20},"end":{"line":62,"column":48}},"41":{"start":{"line":63,"column":20},"end":{"line":63,"column":53}},"42":{"start":{"line":64,"column":20},"end":{"line":64,"column":48}},"43":{"start":{"line":65,"column":20},"end":{"line":65,"column":27}},"44":{"start":{"line":70,"column":4},"end":{"line":80,"column":7}},"45":{"start":{"line":71,"column":8},"end":{"line":79,"column":11}},"46":{"start":{"line":72,"column":12},"end":{"line":72,"column":32}},"47":{"start":{"line":73,"column":12},"end":{"line":78,"column":19}},"48":{"start":{"line":75,"column":20},"end":{"line":75,"column":48}},"49":{"start":{"line":76,"column":20},"end":{"line":76,"column":58}},"50":{"start":{"line":77,"column":20},"end":{"line":77,"column":27}},"51":{"start":{"line":82,"column":4},"end":{"line":97,"column":7}},"52":{"start":{"line":83,"column":8},"end":{"line":96,"column":11}},"53":{"start":{"line":84,"column":12},"end":{"line":84,"column":32}},"54":{"start":{"line":85,"column":12},"end":{"line":88,"column":14}},"55":{"start":{"line":89,"column":12},"end":{"line":95,"column":19}},"56":{"start":{"line":92,"column":20},"end":{"line":92,"column":48}},"57":{"start":{"line":93,"column":20},"end":{"line":93,"column":48}},"58":{"start":{"line":94,"column":20},"end":{"line":94,"column":27}},"59":{"start":{"line":99,"column":4},"end":{"line":114,"column":7}},"60":{"start":{"line":100,"column":8},"end":{"line":113,"column":11}},"61":{"start":{"line":101,"column":12},"end":{"line":101,"column":32}},"62":{"start":{"line":102,"column":12},"end":{"line":105,"column":14}},"63":{"start":{"line":106,"column":12},"end":{"line":112,"column":19}},"64":{"start":{"line":109,"column":20},"end":{"line":109,"column":48}},"65":{"start":{"line":110,"column":20},"end":{"line":110,"column":48}},"66":{"start":{"line":111,"column":20},"end":{"line":111,"column":27}},"67":{"start":{"line":116,"column":4},"end":{"line":126,"column":7}},"68":{"start":{"line":117,"column":8},"end":{"line":125,"column":11}},"69":{"start":{"line":118,"column":12},"end":{"line":118,"column":32}},"70":{"start":{"line":119,"column":12},"end":{"line":124,"column":19}},"71":{"start":{"line":121,"column":20},"end":{"line":121,"column":48}},"72":{"start":{"line":122,"column":20},"end":{"line":122,"column":48}},"73":{"start":{"line":123,"column":20},"end":{"line":123,"column":27}},"74":{"start":{"line":128,"column":4},"end":{"line":137,"column":7}},"75":{"start":{"line":129,"column":8},"end":{"line":136,"column":11}},"76":{"start":{"line":130,"column":12},"end":{"line":130,"column":32}},"77":{"start":{"line":131,"column":12},"end":{"line":135,"column":19}},"78":{"start":{"line":133,"column":20},"end":{"line":133,"column":48}},"79":{"start":{"line":134,"column":20},"end":{"line":134,"column":27}},"80":{"start":{"line":139,"column":4},"end":{"line":156,"column":7}},"81":{"start":{"line":140,"column":8},"end":{"line":155,"column":11}},"82":{"start":{"line":141,"column":12},"end":{"line":141,"column":32}},"83":{"start":{"line":142,"column":12},"end":{"line":147,"column":14}},"84":{"start":{"line":148,"column":12},"end":{"line":154,"column":19}},"85":{"start":{"line":151,"column":20},"end":{"line":151,"column":48}},"86":{"start":{"line":153,"column":20},"end":{"line":153,"column":27}}},"branchMap":{}},"/Users/Srividya/Microservices/Services/PaaS_Catalog/app.js":{"path":"/Users/Srividya/Microservices/Services/PaaS_Catalog/app.js","s":{"1":1,"2":1,"3":1,"4":1,"5":1,"6":1,"7":0,"8":0,"9":0,"10":1,"11":1,"12":1},"b":{"1":[1,1]},"f":{"1":0},"fnMap":{"1":{"name":"(anonymous_1)","line":15,"loc":{"start":{"line":15,"column":8},"end":{"line":15,"column":28}}}},"statementMap":{"1":{"start":{"line":5,"column":0},"end":{"line":5,"column":33}},"2":{"start":{"line":6,"column":0},"end":{"line":6,"column":20}},"3":{"start":{"line":9,"column":0},"end":{"line":9,"column":45}},"4":{"start":{"line":10,"column":0},"end":{"line":10,"column":36}},"5":{"start":{"line":13,"column":0},"end":{"line":13,"column":36}},"6":{"start":{"line":15,"column":0},"end":{"line":19,"column":3}},"7":{"start":{"line":16,"column":4},"end":{"line":16,"column":20}},"8":{"start":{"line":17,"column":4},"end":{"line":17,"column":40}},"9":{"start":{"line":18,"column":4},"end":{"line":18,"column":11}},"10":{"start":{"line":22,"column":0},"end":{"line":22,"column":17}},"11":{"start":{"line":23,"column":0},"end":{"line":23,"column":45}},"12":{"start":{"line":25,"column":0},"end":{"line":25,"column":21}}},"branchMap":{"1":{"line":10,"type":"binary-expr","locations":[{"start":{"line":10,"column":11},"end":{"line":10,"column":27}},{"start":{"line":10,"column":31},"end":{"line":10,"column":35}}]}}},"/Users/Srividya/Microservices/Services/PaaS_Catalog/PaaSCatalog.js":{"path":"/Users/Srividya/Microservices/Services/PaaS_Catalog/PaaSCatalog.js","s":{"1":1,"2":1,"3":1,"4":1,"5":1,"6":3,"7":3,"8":0,"9":3,"10":3,"11":3,"12":3,"13":3,"14":3,"15":3,"16":1,"17":1,"18":1,"19":0,"20":1,"21":0,"22":1,"23":1,"24":1,"25":1,"26":1,"27":1,"28":1,"29":1,"30":1,"31":1,"32":1,"33":1,"34":0,"35":1,"36":0,"37":1,"38":1,"39":1,"40":1,"41":1,"42":1,"43":1,"44":1,"45":1,"46":1,"47":1,"48":1,"49":0,"50":1,"51":1,"52":1,"53":1,"54":1,"55":1,"56":1,"57":1,"58":1,"59":1,"60":1,"61":1,"62":0,"63":1,"64":1,"65":1,"66":1,"67":1,"68":1,"69":1,"70":1,"71":1,"72":1,"73":1,"74":1,"75":0,"76":1,"77":1,"78":1,"79":1,"80":1,"81":1,"82":1,"83":1,"84":1,"85":1,"86":1,"87":1,"88":0,"89":1,"90":1,"91":1,"92":1,"93":1,"94":1,"95":1,"96":1,"97":1,"98":1,"99":1,"100":1,"101":0,"102":1,"103":1,"104":1,"105":1,"106":1,"107":1,"108":1,"109":1,"110":1,"111":1},"b":{"1":[0,3],"2":[0,1],"3":[0,1],"4":[0,1],"5":[0,1],"6":[0,1],"7":[0,1],"8":[0,1],"9":[0,1],"10":[0,1]},"f":{"1":3,"2":3,"3":1,"4":1,"5":1,"6":1,"7":1,"8":1,"9":1,"10":1,"11":1,"12":1,"13":1,"14":1,"15":1,"16":1,"17":1,"18":1,"19":1,"20":1,"21":1,"22":1,"23":1},"fnMap":{"1":{"name":"(anonymous_1)","line":57,"loc":{"start":{"line":57,"column":9},"end":{"line":57,"column":38}}},"2":{"name":"(anonymous_2)","line":58,"loc":{"start":{"line":58,"column":30},"end":{"line":58,"column":55}}},"3":{"name":"(anonymous_3)","line":102,"loc":{"start":{"line":102,"column":9},"end":{"line":102,"column":38}}},"4":{"name":"(anonymous_4)","line":103,"loc":{"start":{"line":103,"column":23},"end":{"line":103,"column":48}}},"5":{"name":"(anonymous_5)","line":121,"loc":{"start":{"line":121,"column":25},"end":{"line":121,"column":45}}},"6":{"name":"(anonymous_6)","line":133,"loc":{"start":{"line":133,"column":9},"end":{"line":133,"column":38}}},"7":{"name":"(anonymous_7)","line":134,"loc":{"start":{"line":134,"column":23},"end":{"line":134,"column":48}}},"8":{"name":"(anonymous_8)","line":152,"loc":{"start":{"line":152,"column":26},"end":{"line":152,"column":46}}},"9":{"name":"(anonymous_9)","line":161,"loc":{"start":{"line":161,"column":9},"end":{"line":161,"column":38}}},"10":{"name":"(anonymous_10)","line":162,"loc":{"start":{"line":162,"column":23},"end":{"line":162,"column":48}}},"11":{"name":"(anonymous_11)","line":175,"loc":{"start":{"line":175,"column":26},"end":{"line":175,"column":46}}},"12":{"name":"(anonymous_12)","line":183,"loc":{"start":{"line":183,"column":9},"end":{"line":183,"column":38}}},"13":{"name":"(anonymous_13)","line":184,"loc":{"start":{"line":184,"column":23},"end":{"line":184,"column":48}}},"14":{"name":"(anonymous_14)","line":197,"loc":{"start":{"line":197,"column":31},"end":{"line":197,"column":51}}},"15":{"name":"(anonymous_15)","line":205,"loc":{"start":{"line":205,"column":9},"end":{"line":205,"column":38}}},"16":{"name":"(anonymous_16)","line":206,"loc":{"start":{"line":206,"column":23},"end":{"line":206,"column":48}}},"17":{"name":"(anonymous_17)","line":219,"loc":{"start":{"line":219,"column":25},"end":{"line":219,"column":45}}},"18":{"name":"(anonymous_18)","line":227,"loc":{"start":{"line":227,"column":9},"end":{"line":227,"column":38}}},"19":{"name":"(anonymous_19)","line":228,"loc":{"start":{"line":228,"column":23},"end":{"line":228,"column":48}}},"20":{"name":"(anonymous_20)","line":241,"loc":{"start":{"line":241,"column":25},"end":{"line":241,"column":45}}},"21":{"name":"(anonymous_21)","line":248,"loc":{"start":{"line":248,"column":9},"end":{"line":248,"column":38}}},"22":{"name":"(anonymous_22)","line":249,"loc":{"start":{"line":249,"column":23},"end":{"line":249,"column":48}}},"23":{"name":"(anonymous_23)","line":262,"loc":{"start":{"line":262,"column":26},"end":{"line":262,"column":46}}}},"statementMap":{"1":{"start":{"line":4,"column":0},"end":{"line":4,"column":33}},"2":{"start":{"line":5,"column":0},"end":{"line":5,"column":30}},"3":{"start":{"line":7,"column":0},"end":{"line":7,"column":29}},"4":{"start":{"line":9,"column":0},"end":{"line":9,"column":44}},"5":{"start":{"line":39,"column":0},"end":{"line":72,"column":7}},"6":{"start":{"line":58,"column":8},"end":{"line":70,"column":10}},"7":{"start":{"line":59,"column":12},"end":{"line":69,"column":13}},"8":{"start":{"line":60,"column":16},"end":{"line":60,"column":37}},"9":{"start":{"line":63,"column":16},"end":{"line":63,"column":55}},"10":{"start":{"line":64,"column":16},"end":{"line":64,"column":72}},"11":{"start":{"line":65,"column":16},"end":{"line":65,"column":71}},"12":{"start":{"line":66,"column":16},"end":{"line":66,"column":71}},"13":{"start":{"line":67,"column":16},"end":{"line":67,"column":102}},"14":{"start":{"line":68,"column":16},"end":{"line":68,"column":38}},"15":{"start":{"line":71,"column":8},"end":{"line":71,"column":63}},"16":{"start":{"line":101,"column":0},"end":{"line":125,"column":7}},"17":{"start":{"line":103,"column":8},"end":{"line":120,"column":10}},"18":{"start":{"line":104,"column":12},"end":{"line":119,"column":13}},"19":{"start":{"line":105,"column":16},"end":{"line":105,"column":37}},"20":{"start":{"line":108,"column":16},"end":{"line":118,"column":17}},"21":{"start":{"line":109,"column":20},"end":{"line":109,"column":54}},"22":{"start":{"line":112,"column":20},"end":{"line":112,"column":59}},"23":{"start":{"line":113,"column":20},"end":{"line":113,"column":76}},"24":{"start":{"line":114,"column":20},"end":{"line":114,"column":75}},"25":{"start":{"line":115,"column":20},"end":{"line":115,"column":75}},"26":{"start":{"line":116,"column":20},"end":{"line":116,"column":106}},"27":{"start":{"line":117,"column":20},"end":{"line":117,"column":42}},"28":{"start":{"line":121,"column":8},"end":{"line":123,"column":10}},"29":{"start":{"line":122,"column":12},"end":{"line":122,"column":63}},"30":{"start":{"line":124,"column":8},"end":{"line":124,"column":48}},"31":{"start":{"line":132,"column":0},"end":{"line":156,"column":7}},"32":{"start":{"line":134,"column":8},"end":{"line":151,"column":10}},"33":{"start":{"line":135,"column":12},"end":{"line":150,"column":13}},"34":{"start":{"line":136,"column":16},"end":{"line":136,"column":37}},"35":{"start":{"line":139,"column":16},"end":{"line":149,"column":17}},"36":{"start":{"line":140,"column":20},"end":{"line":140,"column":54}},"37":{"start":{"line":143,"column":20},"end":{"line":143,"column":59}},"38":{"start":{"line":144,"column":20},"end":{"line":144,"column":76}},"39":{"start":{"line":145,"column":20},"end":{"line":145,"column":75}},"40":{"start":{"line":146,"column":20},"end":{"line":146,"column":75}},"41":{"start":{"line":147,"column":20},"end":{"line":147,"column":106}},"42":{"start":{"line":148,"column":20},"end":{"line":148,"column":42}},"43":{"start":{"line":152,"column":8},"end":{"line":154,"column":10}},"44":{"start":{"line":153,"column":12},"end":{"line":153,"column":57}},"45":{"start":{"line":155,"column":8},"end":{"line":155,"column":49}},"46":{"start":{"line":160,"column":0},"end":{"line":179,"column":7}},"47":{"start":{"line":162,"column":8},"end":{"line":174,"column":10}},"48":{"start":{"line":163,"column":12},"end":{"line":173,"column":13}},"49":{"start":{"line":164,"column":16},"end":{"line":164,"column":37}},"50":{"start":{"line":167,"column":16},"end":{"line":167,"column":55}},"51":{"start":{"line":168,"column":16},"end":{"line":168,"column":72}},"52":{"start":{"line":169,"column":16},"end":{"line":169,"column":71}},"53":{"start":{"line":170,"column":16},"end":{"line":170,"column":71}},"54":{"start":{"line":171,"column":16},"end":{"line":171,"column":102}},"55":{"start":{"line":172,"column":16},"end":{"line":172,"column":38}},"56":{"start":{"line":175,"column":8},"end":{"line":177,"column":10}},"57":{"start":{"line":176,"column":12},"end":{"line":176,"column":53}},"58":{"start":{"line":178,"column":8},"end":{"line":178,"column":49}},"59":{"start":{"line":182,"column":0},"end":{"line":201,"column":7}},"60":{"start":{"line":184,"column":8},"end":{"line":196,"column":10}},"61":{"start":{"line":185,"column":12},"end":{"line":195,"column":13}},"62":{"start":{"line":186,"column":16},"end":{"line":186,"column":37}},"63":{"start":{"line":189,"column":16},"end":{"line":189,"column":55}},"64":{"start":{"line":190,"column":16},"end":{"line":190,"column":72}},"65":{"start":{"line":191,"column":16},"end":{"line":191,"column":71}},"66":{"start":{"line":192,"column":16},"end":{"line":192,"column":71}},"67":{"start":{"line":193,"column":16},"end":{"line":193,"column":102}},"68":{"start":{"line":194,"column":16},"end":{"line":194,"column":38}},"69":{"start":{"line":197,"column":8},"end":{"line":199,"column":10}},"70":{"start":{"line":198,"column":12},"end":{"line":198,"column":59}},"71":{"start":{"line":200,"column":8},"end":{"line":200,"column":54}},"72":{"start":{"line":204,"column":0},"end":{"line":223,"column":7}},"73":{"start":{"line":206,"column":8},"end":{"line":218,"column":10}},"74":{"start":{"line":207,"column":12},"end":{"line":217,"column":13}},"75":{"start":{"line":208,"column":16},"end":{"line":208,"column":37}},"76":{"start":{"line":211,"column":16},"end":{"line":211,"column":55}},"77":{"start":{"line":212,"column":16},"end":{"line":212,"column":72}},"78":{"start":{"line":213,"column":16},"end":{"line":213,"column":71}},"79":{"start":{"line":214,"column":16},"end":{"line":214,"column":71}},"80":{"start":{"line":215,"column":16},"end":{"line":215,"column":102}},"81":{"start":{"line":216,"column":16},"end":{"line":216,"column":38}},"82":{"start":{"line":219,"column":8},"end":{"line":221,"column":10}},"83":{"start":{"line":220,"column":12},"end":{"line":220,"column":52}},"84":{"start":{"line":222,"column":8},"end":{"line":222,"column":48}},"85":{"start":{"line":226,"column":0},"end":{"line":245,"column":7}},"86":{"start":{"line":228,"column":8},"end":{"line":240,"column":10}},"87":{"start":{"line":229,"column":12},"end":{"line":239,"column":13}},"88":{"start":{"line":230,"column":16},"end":{"line":230,"column":37}},"89":{"start":{"line":233,"column":16},"end":{"line":233,"column":55}},"90":{"start":{"line":234,"column":16},"end":{"line":234,"column":72}},"91":{"start":{"line":235,"column":16},"end":{"line":235,"column":71}},"92":{"start":{"line":236,"column":16},"end":{"line":236,"column":71}},"93":{"start":{"line":237,"column":16},"end":{"line":237,"column":102}},"94":{"start":{"line":238,"column":16},"end":{"line":238,"column":38}},"95":{"start":{"line":241,"column":8},"end":{"line":243,"column":10}},"96":{"start":{"line":242,"column":12},"end":{"line":242,"column":53}},"97":{"start":{"line":244,"column":8},"end":{"line":244,"column":48}},"98":{"start":{"line":247,"column":0},"end":{"line":266,"column":7}},"99":{"start":{"line":249,"column":8},"end":{"line":261,"column":10}},"100":{"start":{"line":250,"column":12},"end":{"line":260,"column":13}},"101":{"start":{"line":251,"column":16},"end":{"line":251,"column":37}},"102":{"start":{"line":254,"column":16},"end":{"line":254,"column":55}},"103":{"start":{"line":255,"column":16},"end":{"line":255,"column":72}},"104":{"start":{"line":256,"column":16},"end":{"line":256,"column":71}},"105":{"start":{"line":257,"column":16},"end":{"line":257,"column":71}},"106":{"start":{"line":258,"column":16},"end":{"line":258,"column":102}},"107":{"start":{"line":259,"column":16},"end":{"line":259,"column":38}},"108":{"start":{"line":262,"column":8},"end":{"line":264,"column":10}},"109":{"start":{"line":263,"column":12},"end":{"line":263,"column":64}},"110":{"start":{"line":265,"column":8},"end":{"line":265,"column":49}},"111":{"start":{"line":268,"column":0},"end":{"line":268,"column":24}}},"branchMap":{"1":{"line":59,"type":"if","locations":[{"start":{"line":59,"column":12},"end":{"line":59,"column":12}},{"start":{"line":59,"column":12},"end":{"line":59,"column":12}}]},"2":{"line":104,"type":"if","locations":[{"start":{"line":104,"column":12},"end":{"line":104,"column":12}},{"start":{"line":104,"column":12},"end":{"line":104,"column":12}}]},"3":{"line":108,"type":"if","locations":[{"start":{"line":108,"column":16},"end":{"line":108,"column":16}},{"start":{"line":108,"column":16},"end":{"line":108,"column":16}}]},"4":{"line":135,"type":"if","locations":[{"start":{"line":135,"column":12},"end":{"line":135,"column":12}},{"start":{"line":135,"column":12},"end":{"line":135,"column":12}}]},"5":{"line":139,"type":"if","locations":[{"start":{"line":139,"column":16},"end":{"line":139,"column":16}},{"start":{"line":139,"column":16},"end":{"line":139,"column":16}}]},"6":{"line":163,"type":"if","locations":[{"start":{"line":163,"column":12},"end":{"line":163,"column":12}},{"start":{"line":163,"column":12},"end":{"line":163,"column":12}}]},"7":{"line":185,"type":"if","locations":[{"start":{"line":185,"column":12},"end":{"line":185,"column":12}},{"start":{"line":185,"column":12},"end":{"line":185,"column":12}}]},"8":{"line":207,"type":"if","locations":[{"start":{"line":207,"column":12},"end":{"line":207,"column":12}},{"start":{"line":207,"column":12},"end":{"line":207,"column":12}}]},"9":{"line":229,"type":"if","locations":[{"start":{"line":229,"column":12},"end":{"line":229,"column":12}},{"start":{"line":229,"column":12},"end":{"line":229,"column":12}}]},"10":{"line":250,"type":"if","locations":[{"start":{"line":250,"column":12},"end":{"line":250,"column":12}},{"start":{"line":250,"column":12},"end":{"line":250,"column":12}}]}}},"/Users/Srividya/Microservices/Services/PaaS_Catalog/DataClient.js":{"path":"/Users/Srividya/Microservices/Services/PaaS_Catalog/DataClient.js","s":{"1":1,"2":1,"3":1,"4":1,"5":1,"6":1,"7":1,"8":1,"9":0,"10":1,"11":1,"12":1,"13":0,"14":1,"15":1,"16":1,"17":1,"18":1,"19":4,"20":4,"21":4,"22":4,"23":1,"24":1,"25":3,"26":1,"27":1,"28":1,"29":1,"30":1,"31":1,"32":0,"33":1,"34":3,"35":3,"36":2,"37":2,"38":0,"39":2,"40":1,"41":0,"42":1,"43":1,"44":1,"45":1,"46":6,"47":6,"48":1,"49":1,"50":2,"51":1,"52":1,"53":0,"54":1,"55":0,"56":0,"57":0,"58":0,"59":0,"60":0,"61":0,"62":0,"63":0,"64":1,"65":1,"66":1,"67":1,"68":1,"69":1,"70":1,"71":1,"72":1,"73":1,"74":1,"75":1,"76":1,"77":1,"78":0,"79":1,"80":1,"81":1,"82":1,"83":1,"84":1,"85":1,"86":1,"87":0,"88":0,"89":0,"90":0,"91":0,"92":0,"93":0,"94":1,"95":1,"96":1,"97":1,"98":0,"99":1,"100":1,"101":2,"102":1,"103":1,"104":1,"105":0,"106":1,"107":1,"108":1,"109":1,"110":1,"111":2,"112":0,"113":0,"114":1,"115":1,"116":1,"117":1,"118":1,"119":1,"120":1,"121":1,"122":2,"123":1,"124":0,"125":0,"126":0,"127":1,"128":1,"129":1,"130":1,"131":0,"132":1,"133":1,"134":1,"135":0,"136":0,"137":1,"138":1,"139":1,"140":1,"141":0,"142":1,"143":1,"144":1,"145":0,"146":1,"147":1,"148":1,"149":1,"150":1,"151":1,"152":1,"153":1,"154":1,"155":0,"156":1,"157":1,"158":1,"159":1,"160":0,"161":1,"162":1,"163":0,"164":1,"165":1,"166":1,"167":1,"168":0,"169":1,"170":0,"171":1,"172":1,"173":1,"174":1,"175":0,"176":1,"177":1,"178":1,"179":0,"180":1,"181":1,"182":1,"183":1,"184":0,"185":1,"186":1,"187":1,"188":1,"189":0,"190":1,"191":1,"192":1,"193":0,"194":0,"195":1,"196":1,"197":1,"198":1,"199":1,"200":1,"201":1,"202":1},"b":{"1":[0,1],"2":[0,1],"3":[4,0],"4":[1,1,1,0],"5":[2,1],"6":[0,2],"7":[1,1],"8":[0,1],"9":[6,0],"10":[0,1],"11":[0,1],"12":[0,0],"13":[0,0],"14":[0,1],"15":[1,0],"16":[0,0],"17":[0,1],"18":[1,1],"19":[0,1],"20":[0,2],"21":[1,1,0,0],"22":[0,0],"23":[0,1],"24":[0,1],"25":[0,1],"26":[1,0],"27":[1,1],"28":[0,1],"29":[1,0],"30":[1,1],"31":[0,1],"32":[0,1],"33":[1,1],"34":[0,1],"35":[0,1],"36":[1,0],"37":[0,1],"38":[1,0],"39":[1,1],"40":[1,0]},"f":{"1":1,"2":1,"3":1,"4":1,"5":3,"6":3,"7":2,"8":1,"9":1,"10":1,"11":1,"12":1,"13":1,"14":1,"15":0,"16":0,"17":1,"18":1,"19":1,"20":1,"21":0,"22":1,"23":1,"24":1,"25":1,"26":1,"27":1,"28":1,"29":1,"30":1,"31":1,"32":1,"33":1,"34":1,"35":1},"fnMap":{"1":{"name":"(anonymous_1)","line":53,"loc":{"start":{"line":53,"column":18},"end":{"line":53,"column":38}}},"2":{"name":"(anonymous_2)","line":54,"loc":{"start":{"line":54,"column":39},"end":{"line":54,"column":62}}},"3":{"name":"(anonymous_3)","line":69,"loc":{"start":{"line":69,"column":32},"end":{"line":69,"column":57}}},"4":{"name":"(anonymous_4)","line":124,"loc":{"start":{"line":124,"column":24},"end":{"line":124,"column":69}}},"5":{"name":"(anonymous_5)","line":138,"loc":{"start":{"line":138,"column":19},"end":{"line":138,"column":50}}},"6":{"name":"(anonymous_6)","line":158,"loc":{"start":{"line":158,"column":14},"end":{"line":158,"column":60}}},"7":{"name":"(anonymous_7)","line":163,"loc":{"start":{"line":163,"column":33},"end":{"line":163,"column":56}}},"8":{"name":"(anonymous_8)","line":193,"loc":{"start":{"line":193,"column":23},"end":{"line":193,"column":48}}},"9":{"name":"(anonymous_9)","line":219,"loc":{"start":{"line":219,"column":28},"end":{"line":219,"column":48}}},"10":{"name":"resultedDataBasedOnSelection","line":225,"loc":{"start":{"line":225,"column":4},"end":{"line":225,"column":81}}},"11":{"name":"(anonymous_11)","line":240,"loc":{"start":{"line":240,"column":31},"end":{"line":240,"column":43}}},"12":{"name":"(anonymous_12)","line":241,"loc":{"start":{"line":241,"column":37},"end":{"line":241,"column":60}}},"13":{"name":"(anonymous_13)","line":259,"loc":{"start":{"line":259,"column":17},"end":{"line":259,"column":56}}},"14":{"name":"(anonymous_14)","line":269,"loc":{"start":{"line":269,"column":35},"end":{"line":269,"column":58}}},"15":{"name":"(anonymous_15)","line":274,"loc":{"start":{"line":274,"column":23},"end":{"line":274,"column":48}}},"16":{"name":"(anonymous_16)","line":283,"loc":{"start":{"line":283,"column":28},"end":{"line":283,"column":48}}},"17":{"name":"searchFunction","line":291,"loc":{"start":{"line":291,"column":4},"end":{"line":291,"column":52}}},"18":{"name":"(anonymous_18)","line":317,"loc":{"start":{"line":317,"column":18},"end":{"line":317,"column":47}}},"19":{"name":"(anonymous_19)","line":332,"loc":{"start":{"line":332,"column":21},"end":{"line":332,"column":50}}},"20":{"name":"(anonymous_20)","line":350,"loc":{"start":{"line":350,"column":21},"end":{"line":350,"column":50}}},"21":{"name":"(anonymous_21)","line":360,"loc":{"start":{"line":360,"column":43},"end":{"line":360,"column":66}}},"22":{"name":"(anonymous_22)","line":372,"loc":{"start":{"line":372,"column":38},"end":{"line":372,"column":61}}},"23":{"name":"(anonymous_23)","line":393,"loc":{"start":{"line":393,"column":17},"end":{"line":393,"column":52}}},"24":{"name":"(anonymous_24)","line":394,"loc":{"start":{"line":394,"column":39},"end":{"line":394,"column":62}}},"25":{"name":"(anonymous_25)","line":409,"loc":{"start":{"line":409,"column":32},"end":{"line":409,"column":57}}},"26":{"name":"(anonymous_26)","line":425,"loc":{"start":{"line":425,"column":37},"end":{"line":425,"column":51}}},"27":{"name":"(anonymous_27)","line":443,"loc":{"start":{"line":443,"column":23},"end":{"line":443,"column":58}}},"28":{"name":"(anonymous_28)","line":454,"loc":{"start":{"line":454,"column":24},"end":{"line":454,"column":49}}},"29":{"name":"(anonymous_29)","line":471,"loc":{"start":{"line":471,"column":16},"end":{"line":471,"column":51}}},"30":{"name":"(anonymous_30)","line":482,"loc":{"start":{"line":482,"column":24},"end":{"line":482,"column":49}}},"31":{"name":"(anonymous_31)","line":498,"loc":{"start":{"line":498,"column":17},"end":{"line":498,"column":52}}},"32":{"name":"(anonymous_32)","line":499,"loc":{"start":{"line":499,"column":39},"end":{"line":499,"column":62}}},"33":{"name":"(anonymous_33)","line":514,"loc":{"start":{"line":514,"column":32},"end":{"line":514,"column":57}}},"34":{"name":"(anonymous_34)","line":534,"loc":{"start":{"line":534,"column":28},"end":{"line":534,"column":63}}},"35":{"name":"(anonymous_35)","line":546,"loc":{"start":{"line":546,"column":24},"end":{"line":546,"column":49}}}},"statementMap":{"1":{"start":{"line":4,"column":0},"end":{"line":4,"column":33}},"2":{"start":{"line":5,"column":0},"end":{"line":5,"column":23}},"3":{"start":{"line":8,"column":0},"end":{"line":8,"column":29}},"4":{"start":{"line":10,"column":0},"end":{"line":10,"column":33}},"5":{"start":{"line":11,"column":0},"end":{"line":11,"column":24}},"6":{"start":{"line":53,"column":0},"end":{"line":79,"column":2}},"7":{"start":{"line":54,"column":4},"end":{"line":78,"column":7}},"8":{"start":{"line":55,"column":8},"end":{"line":77,"column":9}},"9":{"start":{"line":56,"column":12},"end":{"line":56,"column":33}},"10":{"start":{"line":60,"column":12},"end":{"line":67,"column":14}},"11":{"start":{"line":69,"column":12},"end":{"line":76,"column":15}},"12":{"start":{"line":70,"column":16},"end":{"line":75,"column":17}},"13":{"start":{"line":71,"column":20},"end":{"line":71,"column":41}},"14":{"start":{"line":74,"column":20},"end":{"line":74,"column":68}},"15":{"start":{"line":124,"column":0},"end":{"line":136,"column":2}},"16":{"start":{"line":125,"column":4},"end":{"line":134,"column":5}},"17":{"start":{"line":126,"column":8},"end":{"line":126,"column":38}},"18":{"start":{"line":127,"column":8},"end":{"line":133,"column":9}},"19":{"start":{"line":128,"column":12},"end":{"line":132,"column":13}},"20":{"start":{"line":129,"column":16},"end":{"line":129,"column":40}},"21":{"start":{"line":130,"column":16},"end":{"line":130,"column":207}},"22":{"start":{"line":131,"column":16},"end":{"line":131,"column":51}},"23":{"start":{"line":135,"column":4},"end":{"line":135,"column":36}},"24":{"start":{"line":138,"column":0},"end":{"line":153,"column":2}},"25":{"start":{"line":139,"column":4},"end":{"line":152,"column":5}},"26":{"start":{"line":141,"column":12},"end":{"line":141,"column":60}},"27":{"start":{"line":142,"column":12},"end":{"line":142,"column":18}},"28":{"start":{"line":144,"column":12},"end":{"line":144,"column":58}},"29":{"start":{"line":145,"column":12},"end":{"line":145,"column":18}},"30":{"start":{"line":147,"column":12},"end":{"line":148,"column":59}},"31":{"start":{"line":149,"column":12},"end":{"line":149,"column":18}},"32":{"start":{"line":151,"column":12},"end":{"line":151,"column":79}},"33":{"start":{"line":158,"column":0},"end":{"line":254,"column":2}},"34":{"start":{"line":159,"column":4},"end":{"line":159,"column":53}},"35":{"start":{"line":162,"column":4},"end":{"line":223,"column":5}},"36":{"start":{"line":163,"column":8},"end":{"line":189,"column":10}},"37":{"start":{"line":164,"column":12},"end":{"line":188,"column":13}},"38":{"start":{"line":165,"column":16},"end":{"line":165,"column":39}},"39":{"start":{"line":168,"column":16},"end":{"line":187,"column":17}},"40":{"start":{"line":169,"column":20},"end":{"line":183,"column":21}},"41":{"start":{"line":170,"column":24},"end":{"line":170,"column":54}},"42":{"start":{"line":173,"column":24},"end":{"line":173,"column":76}},"43":{"start":{"line":175,"column":24},"end":{"line":175,"column":80}},"44":{"start":{"line":176,"column":24},"end":{"line":176,"column":52}},"45":{"start":{"line":177,"column":24},"end":{"line":181,"column":25}},"46":{"start":{"line":178,"column":28},"end":{"line":180,"column":29}},"47":{"start":{"line":179,"column":32},"end":{"line":179,"column":75}},"48":{"start":{"line":182,"column":24},"end":{"line":182,"column":79}},"49":{"start":{"line":186,"column":20},"end":{"line":186,"column":50}},"50":{"start":{"line":190,"column":8},"end":{"line":190,"column":75}},"51":{"start":{"line":193,"column":8},"end":{"line":218,"column":10}},"52":{"start":{"line":194,"column":12},"end":{"line":217,"column":13}},"53":{"start":{"line":195,"column":16},"end":{"line":195,"column":39}},"54":{"start":{"line":198,"column":16},"end":{"line":216,"column":17}},"55":{"start":{"line":199,"column":20},"end":{"line":212,"column":21}},"56":{"start":{"line":200,"column":24},"end":{"line":200,"column":54}},"57":{"start":{"line":203,"column":24},"end":{"line":203,"column":76}},"58":{"start":{"line":204,"column":24},"end":{"line":204,"column":80}},"59":{"start":{"line":205,"column":24},"end":{"line":205,"column":52}},"60":{"start":{"line":206,"column":24},"end":{"line":210,"column":25}},"61":{"start":{"line":207,"column":28},"end":{"line":209,"column":29}},"62":{"start":{"line":208,"column":32},"end":{"line":208,"column":75}},"63":{"start":{"line":211,"column":24},"end":{"line":211,"column":79}},"64":{"start":{"line":215,"column":20},"end":{"line":215,"column":50}},"65":{"start":{"line":219,"column":8},"end":{"line":221,"column":10}},"66":{"start":{"line":220,"column":12},"end":{"line":220,"column":34}},"67":{"start":{"line":222,"column":8},"end":{"line":222,"column":81}},"68":{"start":{"line":225,"column":4},"end":{"line":253,"column":5}},"69":{"start":{"line":226,"column":8},"end":{"line":226,"column":65}},"70":{"start":{"line":228,"column":8},"end":{"line":228,"column":92}},"71":{"start":{"line":229,"column":8},"end":{"line":229,"column":88}},"72":{"start":{"line":230,"column":8},"end":{"line":230,"column":82}},"73":{"start":{"line":231,"column":8},"end":{"line":231,"column":86}},"74":{"start":{"line":233,"column":8},"end":{"line":238,"column":11}},"75":{"start":{"line":240,"column":8},"end":{"line":250,"column":10}},"76":{"start":{"line":241,"column":12},"end":{"line":248,"column":14}},"77":{"start":{"line":242,"column":16},"end":{"line":247,"column":17}},"78":{"start":{"line":243,"column":20},"end":{"line":243,"column":53}},"79":{"start":{"line":246,"column":20},"end":{"line":246,"column":60}},"80":{"start":{"line":249,"column":12},"end":{"line":249,"column":79}},"81":{"start":{"line":252,"column":8},"end":{"line":252,"column":54}},"82":{"start":{"line":259,"column":0},"end":{"line":315,"column":2}},"83":{"start":{"line":266,"column":4},"end":{"line":266,"column":53}},"84":{"start":{"line":268,"column":4},"end":{"line":288,"column":5}},"85":{"start":{"line":269,"column":8},"end":{"line":271,"column":11}},"86":{"start":{"line":270,"column":12},"end":{"line":270,"column":35}},"87":{"start":{"line":274,"column":8},"end":{"line":281,"column":10}},"88":{"start":{"line":275,"column":12},"end":{"line":280,"column":13}},"89":{"start":{"line":276,"column":16},"end":{"line":276,"column":32}},"90":{"start":{"line":279,"column":16},"end":{"line":279,"column":39}},"91":{"start":{"line":283,"column":8},"end":{"line":285,"column":10}},"92":{"start":{"line":284,"column":12},"end":{"line":284,"column":49}},"93":{"start":{"line":287,"column":8},"end":{"line":287,"column":67}},"94":{"start":{"line":291,"column":4},"end":{"line":314,"column":5}},"95":{"start":{"line":293,"column":8},"end":{"line":293,"column":31}},"96":{"start":{"line":294,"column":8},"end":{"line":294,"column":30}},"97":{"start":{"line":296,"column":8},"end":{"line":313,"column":9}},"98":{"start":{"line":297,"column":12},"end":{"line":297,"column":41}},"99":{"start":{"line":300,"column":12},"end":{"line":300,"column":56}},"100":{"start":{"line":301,"column":12},"end":{"line":311,"column":13}},"101":{"start":{"line":302,"column":16},"end":{"line":310,"column":17}},"102":{"start":{"line":303,"column":20},"end":{"line":303,"column":65}},"103":{"start":{"line":306,"column":20},"end":{"line":306,"column":82}},"104":{"start":{"line":307,"column":20},"end":{"line":309,"column":21}},"105":{"start":{"line":308,"column":24},"end":{"line":308,"column":69}},"106":{"start":{"line":312,"column":12},"end":{"line":312,"column":42}},"107":{"start":{"line":317,"column":0},"end":{"line":327,"column":2}},"108":{"start":{"line":318,"column":4},"end":{"line":318,"column":53}},"109":{"start":{"line":319,"column":4},"end":{"line":319,"column":48}},"110":{"start":{"line":320,"column":4},"end":{"line":325,"column":5}},"111":{"start":{"line":321,"column":8},"end":{"line":324,"column":9}},"112":{"start":{"line":322,"column":12},"end":{"line":322,"column":51}},"113":{"start":{"line":323,"column":12},"end":{"line":323,"column":18}},"114":{"start":{"line":332,"column":0},"end":{"line":345,"column":2}},"115":{"start":{"line":333,"column":4},"end":{"line":333,"column":57}},"116":{"start":{"line":344,"column":4},"end":{"line":344,"column":47}},"117":{"start":{"line":350,"column":0},"end":{"line":390,"column":2}},"118":{"start":{"line":351,"column":4},"end":{"line":351,"column":46}},"119":{"start":{"line":353,"column":4},"end":{"line":353,"column":56}},"120":{"start":{"line":355,"column":4},"end":{"line":355,"column":24}},"121":{"start":{"line":357,"column":4},"end":{"line":388,"column":5}},"122":{"start":{"line":358,"column":8},"end":{"line":387,"column":9}},"123":{"start":{"line":360,"column":16},"end":{"line":367,"column":18}},"124":{"start":{"line":361,"column":20},"end":{"line":366,"column":21}},"125":{"start":{"line":362,"column":24},"end":{"line":362,"column":47}},"126":{"start":{"line":365,"column":24},"end":{"line":365,"column":46}},"127":{"start":{"line":369,"column":16},"end":{"line":369,"column":59}},"128":{"start":{"line":370,"column":16},"end":{"line":370,"column":22}},"129":{"start":{"line":372,"column":16},"end":{"line":379,"column":18}},"130":{"start":{"line":373,"column":20},"end":{"line":378,"column":21}},"131":{"start":{"line":374,"column":24},"end":{"line":374,"column":47}},"132":{"start":{"line":377,"column":24},"end":{"line":377,"column":46}},"133":{"start":{"line":381,"column":16},"end":{"line":381,"column":57}},"134":{"start":{"line":382,"column":16},"end":{"line":382,"column":22}},"135":{"start":{"line":384,"column":16},"end":{"line":384,"column":22}},"136":{"start":{"line":386,"column":16},"end":{"line":386,"column":22}},"137":{"start":{"line":389,"column":4},"end":{"line":389,"column":31}},"138":{"start":{"line":393,"column":0},"end":{"line":440,"column":2}},"139":{"start":{"line":394,"column":4},"end":{"line":439,"column":7}},"140":{"start":{"line":395,"column":8},"end":{"line":438,"column":9}},"141":{"start":{"line":396,"column":12},"end":{"line":396,"column":33}},"142":{"start":{"line":400,"column":12},"end":{"line":407,"column":14}},"143":{"start":{"line":409,"column":12},"end":{"line":437,"column":15}},"144":{"start":{"line":410,"column":16},"end":{"line":436,"column":17}},"145":{"start":{"line":411,"column":20},"end":{"line":411,"column":41}},"146":{"start":{"line":414,"column":20},"end":{"line":414,"column":63}},"147":{"start":{"line":417,"column":20},"end":{"line":417,"column":82}},"148":{"start":{"line":418,"column":20},"end":{"line":434,"column":21}},"149":{"start":{"line":419,"column":24},"end":{"line":419,"column":109}},"150":{"start":{"line":421,"column":24},"end":{"line":421,"column":75}},"151":{"start":{"line":423,"column":24},"end":{"line":423,"column":46}},"152":{"start":{"line":425,"column":24},"end":{"line":427,"column":27}},"153":{"start":{"line":426,"column":28},"end":{"line":426,"column":104}},"154":{"start":{"line":430,"column":24},"end":{"line":430,"column":72}},"155":{"start":{"line":433,"column":24},"end":{"line":433,"column":71}},"156":{"start":{"line":443,"column":0},"end":{"line":468,"column":2}},"157":{"start":{"line":445,"column":4},"end":{"line":452,"column":6}},"158":{"start":{"line":454,"column":4},"end":{"line":467,"column":7}},"159":{"start":{"line":455,"column":8},"end":{"line":466,"column":9}},"160":{"start":{"line":456,"column":12},"end":{"line":456,"column":33}},"161":{"start":{"line":460,"column":12},"end":{"line":465,"column":13}},"162":{"start":{"line":461,"column":16},"end":{"line":461,"column":74}},"163":{"start":{"line":464,"column":16},"end":{"line":464,"column":86}},"164":{"start":{"line":471,"column":0},"end":{"line":495,"column":2}},"165":{"start":{"line":473,"column":4},"end":{"line":480,"column":6}},"166":{"start":{"line":482,"column":4},"end":{"line":494,"column":7}},"167":{"start":{"line":483,"column":8},"end":{"line":493,"column":9}},"168":{"start":{"line":484,"column":12},"end":{"line":484,"column":33}},"169":{"start":{"line":487,"column":12},"end":{"line":492,"column":13}},"170":{"start":{"line":488,"column":16},"end":{"line":488,"column":74}},"171":{"start":{"line":491,"column":16},"end":{"line":491,"column":86}},"172":{"start":{"line":498,"column":0},"end":{"line":532,"column":2}},"173":{"start":{"line":499,"column":4},"end":{"line":531,"column":7}},"174":{"start":{"line":500,"column":8},"end":{"line":530,"column":9}},"175":{"start":{"line":501,"column":12},"end":{"line":501,"column":33}},"176":{"start":{"line":505,"column":12},"end":{"line":512,"column":14}},"177":{"start":{"line":514,"column":12},"end":{"line":529,"column":15}},"178":{"start":{"line":515,"column":16},"end":{"line":528,"column":17}},"179":{"start":{"line":516,"column":20},"end":{"line":516,"column":41}},"180":{"start":{"line":519,"column":20},"end":{"line":519,"column":63}},"181":{"start":{"line":521,"column":20},"end":{"line":521,"column":82}},"182":{"start":{"line":522,"column":20},"end":{"line":527,"column":21}},"183":{"start":{"line":523,"column":24},"end":{"line":523,"column":62}},"184":{"start":{"line":526,"column":24},"end":{"line":526,"column":71}},"185":{"start":{"line":534,"column":0},"end":{"line":564,"column":2}},"186":{"start":{"line":536,"column":4},"end":{"line":544,"column":6}},"187":{"start":{"line":546,"column":4},"end":{"line":563,"column":7}},"188":{"start":{"line":547,"column":8},"end":{"line":562,"column":9}},"189":{"start":{"line":548,"column":12},"end":{"line":548,"column":33}},"190":{"start":{"line":551,"column":12},"end":{"line":561,"column":13}},"191":{"start":{"line":552,"column":16},"end":{"line":557,"column":17}},"192":{"start":{"line":553,"column":20},"end":{"line":553,"column":78}},"193":{"start":{"line":556,"column":20},"end":{"line":556,"column":62}},"194":{"start":{"line":560,"column":16},"end":{"line":560,"column":86}},"195":{"start":{"line":569,"column":0},"end":{"line":569,"column":26}},"196":{"start":{"line":571,"column":0},"end":{"line":571,"column":32}},"197":{"start":{"line":572,"column":0},"end":{"line":572,"column":40}},"198":{"start":{"line":573,"column":0},"end":{"line":573,"column":32}},"199":{"start":{"line":574,"column":0},"end":{"line":574,"column":44}},"200":{"start":{"line":575,"column":0},"end":{"line":575,"column":30}},"201":{"start":{"line":576,"column":0},"end":{"line":576,"column":32}},"202":{"start":{"line":577,"column":0},"end":{"line":577,"column":54}}},"branchMap":{"1":{"line":55,"type":"if","locations":[{"start":{"line":55,"column":8},"end":{"line":55,"column":8}},{"start":{"line":55,"column":8},"end":{"line":55,"column":8}}]},"2":{"line":70,"type":"if","locations":[{"start":{"line":70,"column":16},"end":{"line":70,"column":16}},{"start":{"line":70,"column":16},"end":{"line":70,"column":16}}]},"3":{"line":128,"type":"if","locations":[{"start":{"line":128,"column":12},"end":{"line":128,"column":12}},{"start":{"line":128,"column":12},"end":{"line":128,"column":12}}]},"4":{"line":139,"type":"switch","locations":[{"start":{"line":140,"column":8},"end":{"line":142,"column":18}},{"start":{"line":143,"column":8},"end":{"line":145,"column":18}},{"start":{"line":146,"column":8},"end":{"line":149,"column":18}},{"start":{"line":150,"column":8},"end":{"line":151,"column":79}}]},"5":{"line":162,"type":"if","locations":[{"start":{"line":162,"column":4},"end":{"line":162,"column":4}},{"start":{"line":162,"column":4},"end":{"line":162,"column":4}}]},"6":{"line":164,"type":"if","locations":[{"start":{"line":164,"column":12},"end":{"line":164,"column":12}},{"start":{"line":164,"column":12},"end":{"line":164,"column":12}}]},"7":{"line":168,"type":"if","locations":[{"start":{"line":168,"column":16},"end":{"line":168,"column":16}},{"start":{"line":168,"column":16},"end":{"line":168,"column":16}}]},"8":{"line":169,"type":"if","locations":[{"start":{"line":169,"column":20},"end":{"line":169,"column":20}},{"start":{"line":169,"column":20},"end":{"line":169,"column":20}}]},"9":{"line":178,"type":"if","locations":[{"start":{"line":178,"column":28},"end":{"line":178,"column":28}},{"start":{"line":178,"column":28},"end":{"line":178,"column":28}}]},"10":{"line":194,"type":"if","locations":[{"start":{"line":194,"column":12},"end":{"line":194,"column":12}},{"start":{"line":194,"column":12},"end":{"line":194,"column":12}}]},"11":{"line":198,"type":"if","locations":[{"start":{"line":198,"column":16},"end":{"line":198,"column":16}},{"start":{"line":198,"column":16},"end":{"line":198,"column":16}}]},"12":{"line":199,"type":"if","locations":[{"start":{"line":199,"column":20},"end":{"line":199,"column":20}},{"start":{"line":199,"column":20},"end":{"line":199,"column":20}}]},"13":{"line":207,"type":"if","locations":[{"start":{"line":207,"column":28},"end":{"line":207,"column":28}},{"start":{"line":207,"column":28},"end":{"line":207,"column":28}}]},"14":{"line":242,"type":"if","locations":[{"start":{"line":242,"column":16},"end":{"line":242,"column":16}},{"start":{"line":242,"column":16},"end":{"line":242,"column":16}}]},"15":{"line":268,"type":"if","locations":[{"start":{"line":268,"column":4},"end":{"line":268,"column":4}},{"start":{"line":268,"column":4},"end":{"line":268,"column":4}}]},"16":{"line":275,"type":"if","locations":[{"start":{"line":275,"column":12},"end":{"line":275,"column":12}},{"start":{"line":275,"column":12},"end":{"line":275,"column":12}}]},"17":{"line":296,"type":"if","locations":[{"start":{"line":296,"column":8},"end":{"line":296,"column":8}},{"start":{"line":296,"column":8},"end":{"line":296,"column":8}}]},"18":{"line":302,"type":"if","locations":[{"start":{"line":302,"column":16},"end":{"line":302,"column":16}},{"start":{"line":302,"column":16},"end":{"line":302,"column":16}}]},"19":{"line":307,"type":"if","locations":[{"start":{"line":307,"column":20},"end":{"line":307,"column":20}},{"start":{"line":307,"column":20},"end":{"line":307,"column":20}}]},"20":{"line":321,"type":"if","locations":[{"start":{"line":321,"column":8},"end":{"line":321,"column":8}},{"start":{"line":321,"column":8},"end":{"line":321,"column":8}}]},"21":{"line":358,"type":"switch","locations":[{"start":{"line":359,"column":12},"end":{"line":370,"column":22}},{"start":{"line":371,"column":12},"end":{"line":382,"column":22}},{"start":{"line":383,"column":12},"end":{"line":384,"column":22}},{"start":{"line":385,"column":12},"end":{"line":386,"column":22}}]},"22":{"line":361,"type":"if","locations":[{"start":{"line":361,"column":20},"end":{"line":361,"column":20}},{"start":{"line":361,"column":20},"end":{"line":361,"column":20}}]},"23":{"line":373,"type":"if","locations":[{"start":{"line":373,"column":20},"end":{"line":373,"column":20}},{"start":{"line":373,"column":20},"end":{"line":373,"column":20}}]},"24":{"line":395,"type":"if","locations":[{"start":{"line":395,"column":8},"end":{"line":395,"column":8}},{"start":{"line":395,"column":8},"end":{"line":395,"column":8}}]},"25":{"line":410,"type":"if","locations":[{"start":{"line":410,"column":16},"end":{"line":410,"column":16}},{"start":{"line":410,"column":16},"end":{"line":410,"column":16}}]},"26":{"line":418,"type":"if","locations":[{"start":{"line":418,"column":20},"end":{"line":418,"column":20}},{"start":{"line":418,"column":20},"end":{"line":418,"column":20}}]},"27":{"line":418,"type":"binary-expr","locations":[{"start":{"line":418,"column":24},"end":{"line":418,"column":38}},{"start":{"line":418,"column":42},"end":{"line":418,"column":101}}]},"28":{"line":455,"type":"if","locations":[{"start":{"line":455,"column":8},"end":{"line":455,"column":8}},{"start":{"line":455,"column":8},"end":{"line":455,"column":8}}]},"29":{"line":460,"type":"if","locations":[{"start":{"line":460,"column":12},"end":{"line":460,"column":12}},{"start":{"line":460,"column":12},"end":{"line":460,"column":12}}]},"30":{"line":460,"type":"binary-expr","locations":[{"start":{"line":460,"column":16},"end":{"line":460,"column":35}},{"start":{"line":460,"column":39},"end":{"line":460,"column":65}}]},"31":{"line":483,"type":"if","locations":[{"start":{"line":483,"column":8},"end":{"line":483,"column":8}},{"start":{"line":483,"column":8},"end":{"line":483,"column":8}}]},"32":{"line":487,"type":"if","locations":[{"start":{"line":487,"column":12},"end":{"line":487,"column":12}},{"start":{"line":487,"column":12},"end":{"line":487,"column":12}}]},"33":{"line":487,"type":"binary-expr","locations":[{"start":{"line":487,"column":16},"end":{"line":487,"column":35}},{"start":{"line":487,"column":39},"end":{"line":487,"column":65}}]},"34":{"line":500,"type":"if","locations":[{"start":{"line":500,"column":8},"end":{"line":500,"column":8}},{"start":{"line":500,"column":8},"end":{"line":500,"column":8}}]},"35":{"line":515,"type":"if","locations":[{"start":{"line":515,"column":16},"end":{"line":515,"column":16}},{"start":{"line":515,"column":16},"end":{"line":515,"column":16}}]},"36":{"line":522,"type":"if","locations":[{"start":{"line":522,"column":20},"end":{"line":522,"column":20}},{"start":{"line":522,"column":20},"end":{"line":522,"column":20}}]},"37":{"line":547,"type":"if","locations":[{"start":{"line":547,"column":8},"end":{"line":547,"column":8}},{"start":{"line":547,"column":8},"end":{"line":547,"column":8}}]},"38":{"line":551,"type":"if","locations":[{"start":{"line":551,"column":12},"end":{"line":551,"column":12}},{"start":{"line":551,"column":12},"end":{"line":551,"column":12}}]},"39":{"line":551,"type":"binary-expr","locations":[{"start":{"line":551,"column":16},"end":{"line":551,"column":35}},{"start":{"line":551,"column":39},"end":{"line":551,"column":65}}]},"40":{"line":552,"type":"if","locations":[{"start":{"line":552,"column":16},"end":{"line":552,"column":16}},{"start":{"line":552,"column":16},"end":{"line":552,"column":16}}]}}}}