TN:
SF:/Users/Srividya/Microservices/Services/PaaS_Catalog/test.js
FN:12,(anonymous_1)
FN:15,(anonymous_2)
FN:17,(anonymous_3)
FN:21,(anonymous_4)
FN:22,(anonymous_5)
FN:25,(anonymous_6)
FN:33,(anonymous_7)
FN:34,(anonymous_8)
FN:37,(anonymous_9)
FN:44,(anonymous_10)
FN:45,(anonymous_11)
FN:48,(anonymous_12)
FN:56,(anonymous_13)
FN:57,(anonymous_14)
FN:61,(anonymous_15)
FN:70,(anonymous_16)
FN:71,(anonymous_17)
FN:74,(anonymous_18)
FN:82,(anonymous_19)
FN:83,(anonymous_20)
FN:91,(anonymous_21)
FN:99,(anonymous_22)
FN:100,(anonymous_23)
FN:108,(anonymous_24)
FN:116,(anonymous_25)
FN:117,(anonymous_26)
FN:120,(anonymous_27)
FN:128,(anonymous_28)
FN:129,(anonymous_29)
FN:132,(anonymous_30)
FN:139,(anonymous_31)
FN:140,(anonymous_32)
FN:150,(anonymous_33)
FNF:33
FNH:33
FNDA:1,(anonymous_1)
FNDA:1,(anonymous_2)
FNDA:1,(anonymous_3)
FNDA:1,(anonymous_4)
FNDA:1,(anonymous_5)
FNDA:1,(anonymous_6)
FNDA:1,(anonymous_7)
FNDA:1,(anonymous_8)
FNDA:1,(anonymous_9)
FNDA:1,(anonymous_10)
FNDA:1,(anonymous_11)
FNDA:1,(anonymous_12)
FNDA:1,(anonymous_13)
FNDA:1,(anonymous_14)
FNDA:1,(anonymous_15)
FNDA:1,(anonymous_16)
FNDA:1,(anonymous_17)
FNDA:1,(anonymous_18)
FNDA:1,(anonymous_19)
FNDA:1,(anonymous_20)
FNDA:1,(anonymous_21)
FNDA:1,(anonymous_22)
FNDA:1,(anonymous_23)
FNDA:1,(anonymous_24)
FNDA:1,(anonymous_25)
FNDA:1,(anonymous_26)
FNDA:1,(anonymous_27)
FNDA:1,(anonymous_28)
FNDA:1,(anonymous_29)
FNDA:1,(anonymous_30)
FNDA:1,(anonymous_31)
FNDA:1,(anonymous_32)
FNDA:1,(anonymous_33)
DA:1,1
DA:2,1
DA:3,1
DA:4,1
DA:5,1
DA:7,1
DA:12,1
DA:13,1
DA:15,1
DA:16,1
DA:17,1
DA:18,1
DA:21,1
DA:22,1
DA:23,1
DA:24,1
DA:26,1
DA:27,1
DA:28,1
DA:29,1
DA:33,1
DA:34,1
DA:35,1
DA:36,1
DA:38,1
DA:39,1
DA:40,1
DA:44,1
DA:45,1
DA:46,1
DA:47,1
DA:49,1
DA:50,1
DA:51,1
DA:56,1
DA:57,1
DA:58,1
DA:59,1
DA:60,1
DA:62,1
DA:63,1
DA:64,1
DA:65,1
DA:70,1
DA:71,1
DA:72,1
DA:73,1
DA:75,1
DA:76,1
DA:77,1
DA:82,1
DA:83,1
DA:84,1
DA:85,1
DA:89,1
DA:92,1
DA:93,1
DA:94,1
DA:99,1
DA:100,1
DA:101,1
DA:102,1
DA:106,1
DA:109,1
DA:110,1
DA:111,1
DA:116,1
DA:117,1
DA:118,1
DA:119,1
DA:121,1
DA:122,1
DA:123,1
DA:128,1
DA:129,1
DA:130,1
DA:131,1
DA:133,1
DA:134,1
DA:139,1
DA:140,1
DA:141,1
DA:142,1
DA:148,1
DA:151,1
DA:153,1
LF:86
LH:86
BRF:0
BRH:0
end_of_record
TN:
SF:/Users/Srividya/Microservices/Services/PaaS_Catalog/app.js
FN:15,(anonymous_1)
FNF:1
FNH:0
FNDA:0,(anonymous_1)
DA:5,1
DA:6,1
DA:9,1
DA:10,1
DA:13,1
DA:15,1
DA:16,0
DA:17,0
DA:18,0
DA:22,1
DA:23,1
DA:25,1
LF:12
LH:9
BRDA:10,1,0,1
BRDA:10,1,1,1
BRF:2
BRH:2
end_of_record
TN:
SF:/Users/Srividya/Microservices/Services/PaaS_Catalog/PaaSCatalog.js
FN:57,(anonymous_1)
FN:58,(anonymous_2)
FN:102,(anonymous_3)
FN:103,(anonymous_4)
FN:121,(anonymous_5)
FN:133,(anonymous_6)
FN:134,(anonymous_7)
FN:152,(anonymous_8)
FN:161,(anonymous_9)
FN:162,(anonymous_10)
FN:175,(anonymous_11)
FN:183,(anonymous_12)
FN:184,(anonymous_13)
FN:197,(anonymous_14)
FN:205,(anonymous_15)
FN:206,(anonymous_16)
FN:219,(anonymous_17)
FN:227,(anonymous_18)
FN:228,(anonymous_19)
FN:241,(anonymous_20)
FN:248,(anonymous_21)
FN:249,(anonymous_22)
FN:262,(anonymous_23)
FNF:23
FNH:23
FNDA:3,(anonymous_1)
FNDA:3,(anonymous_2)
FNDA:1,(anonymous_3)
FNDA:1,(anonymous_4)
FNDA:1,(anonymous_5)
FNDA:1,(anonymous_6)
FNDA:1,(anonymous_7)
FNDA:1,(anonymous_8)
FNDA:1,(anonymous_9)
FNDA:1,(anonymous_10)
FNDA:1,(anonymous_11)
FNDA:1,(anonymous_12)
FNDA:1,(anonymous_13)
FNDA:1,(anonymous_14)
FNDA:1,(anonymous_15)
FNDA:1,(anonymous_16)
FNDA:1,(anonymous_17)
FNDA:1,(anonymous_18)
FNDA:1,(anonymous_19)
FNDA:1,(anonymous_20)
FNDA:1,(anonymous_21)
FNDA:1,(anonymous_22)
FNDA:1,(anonymous_23)
DA:4,1
DA:5,1
DA:7,1
DA:9,1
DA:39,1
DA:58,3
DA:59,3
DA:60,0
DA:63,3
DA:64,3
DA:65,3
DA:66,3
DA:67,3
DA:68,3
DA:71,3
DA:101,1
DA:103,1
DA:104,1
DA:105,0
DA:108,1
DA:109,0
DA:112,1
DA:113,1
DA:114,1
DA:115,1
DA:116,1
DA:117,1
DA:121,1
DA:122,1
DA:124,1
DA:132,1
DA:134,1
DA:135,1
DA:136,0
DA:139,1
DA:140,0
DA:143,1
DA:144,1
DA:145,1
DA:146,1
DA:147,1
DA:148,1
DA:152,1
DA:153,1
DA:155,1
DA:160,1
DA:162,1
DA:163,1
DA:164,0
DA:167,1
DA:168,1
DA:169,1
DA:170,1
DA:171,1
DA:172,1
DA:175,1
DA:176,1
DA:178,1
DA:182,1
DA:184,1
DA:185,1
DA:186,0
DA:189,1
DA:190,1
DA:191,1
DA:192,1
DA:193,1
DA:194,1
DA:197,1
DA:198,1
DA:200,1
DA:204,1
DA:206,1
DA:207,1
DA:208,0
DA:211,1
DA:212,1
DA:213,1
DA:214,1
DA:215,1
DA:216,1
DA:219,1
DA:220,1
DA:222,1
DA:226,1
DA:228,1
DA:229,1
DA:230,0
DA:233,1
DA:234,1
DA:235,1
DA:236,1
DA:237,1
DA:238,1
DA:241,1
DA:242,1
DA:244,1
DA:247,1
DA:249,1
DA:250,1
DA:251,0
DA:254,1
DA:255,1
DA:256,1
DA:257,1
DA:258,1
DA:259,1
DA:262,1
DA:263,1
DA:265,1
DA:268,1
LF:111
LH:101
BRDA:59,1,0,0
BRDA:59,1,1,3
BRDA:104,2,0,0
BRDA:104,2,1,1
BRDA:108,3,0,0
BRDA:108,3,1,1
BRDA:135,4,0,0
BRDA:135,4,1,1
BRDA:139,5,0,0
BRDA:139,5,1,1
BRDA:163,6,0,0
BRDA:163,6,1,1
BRDA:185,7,0,0
BRDA:185,7,1,1
BRDA:207,8,0,0
BRDA:207,8,1,1
BRDA:229,9,0,0
BRDA:229,9,1,1
BRDA:250,10,0,0
BRDA:250,10,1,1
BRF:20
BRH:10
end_of_record
TN:
SF:/Users/Srividya/Microservices/Services/PaaS_Catalog/DataClient.js
FN:53,(anonymous_1)
FN:54,(anonymous_2)
FN:69,(anonymous_3)
FN:124,(anonymous_4)
FN:138,(anonymous_5)
FN:158,(anonymous_6)
FN:163,(anonymous_7)
FN:193,(anonymous_8)
FN:219,(anonymous_9)
FN:225,resultedDataBasedOnSelection
FN:240,(anonymous_11)
FN:241,(anonymous_12)
FN:259,(anonymous_13)
FN:269,(anonymous_14)
FN:274,(anonymous_15)
FN:283,(anonymous_16)
FN:291,searchFunction
FN:317,(anonymous_18)
FN:332,(anonymous_19)
FN:350,(anonymous_20)
FN:360,(anonymous_21)
FN:372,(anonymous_22)
FN:393,(anonymous_23)
FN:394,(anonymous_24)
FN:409,(anonymous_25)
FN:425,(anonymous_26)
FN:443,(anonymous_27)
FN:454,(anonymous_28)
FN:471,(anonymous_29)
FN:482,(anonymous_30)
FN:498,(anonymous_31)
FN:499,(anonymous_32)
FN:514,(anonymous_33)
FN:534,(anonymous_34)
FN:546,(anonymous_35)
FNF:35
FNH:32
FNDA:1,(anonymous_1)
FNDA:1,(anonymous_2)
FNDA:1,(anonymous_3)
FNDA:1,(anonymous_4)
FNDA:3,(anonymous_5)
FNDA:3,(anonymous_6)
FNDA:2,(anonymous_7)
FNDA:1,(anonymous_8)
FNDA:1,(anonymous_9)
FNDA:1,resultedDataBasedOnSelection
FNDA:1,(anonymous_11)
FNDA:1,(anonymous_12)
FNDA:1,(anonymous_13)
FNDA:1,(anonymous_14)
FNDA:0,(anonymous_15)
FNDA:0,(anonymous_16)
FNDA:1,searchFunction
FNDA:1,(anonymous_18)
FNDA:1,(anonymous_19)
FNDA:1,(anonymous_20)
FNDA:0,(anonymous_21)
FNDA:1,(anonymous_22)
FNDA:1,(anonymous_23)
FNDA:1,(anonymous_24)
FNDA:1,(anonymous_25)
FNDA:1,(anonymous_26)
FNDA:1,(anonymous_27)
FNDA:1,(anonymous_28)
FNDA:1,(anonymous_29)
FNDA:1,(anonymous_30)
FNDA:1,(anonymous_31)
FNDA:1,(anonymous_32)
FNDA:1,(anonymous_33)
FNDA:1,(anonymous_34)
FNDA:1,(anonymous_35)
DA:4,1
DA:5,1
DA:8,1
DA:10,1
DA:11,1
DA:53,1
DA:54,1
DA:55,1
DA:56,0
DA:60,1
DA:69,1
DA:70,1
DA:71,0
DA:74,1
DA:124,1
DA:125,1
DA:126,1
DA:127,1
DA:128,4
DA:129,4
DA:130,4
DA:131,4
DA:135,1
DA:138,1
DA:139,3
DA:141,1
DA:142,1
DA:144,1
DA:145,1
DA:147,1
DA:149,1
DA:151,0
DA:158,1
DA:159,3
DA:162,3
DA:163,2
DA:164,2
DA:165,0
DA:168,2
DA:169,1
DA:170,0
DA:173,1
DA:175,1
DA:176,1
DA:177,1
DA:178,6
DA:179,6
DA:182,1
DA:186,1
DA:190,2
DA:193,1
DA:194,1
DA:195,0
DA:198,1
DA:199,0
DA:200,0
DA:203,0
DA:204,0
DA:205,0
DA:206,0
DA:207,0
DA:208,0
DA:211,0
DA:215,1
DA:219,1
DA:220,1
DA:222,1
DA:225,1
DA:226,1
DA:228,1
DA:229,1
DA:230,1
DA:231,1
DA:233,1
DA:240,1
DA:241,1
DA:242,1
DA:243,0
DA:246,1
DA:249,1
DA:252,1
DA:259,1
DA:266,1
DA:268,1
DA:269,1
DA:270,1
DA:274,0
DA:275,0
DA:276,0
DA:279,0
DA:283,0
DA:284,0
DA:287,0
DA:291,1
DA:293,1
DA:294,1
DA:296,1
DA:297,0
DA:300,1
DA:301,1
DA:302,2
DA:303,1
DA:306,1
DA:307,1
DA:308,0
DA:312,1
DA:317,1
DA:318,1
DA:319,1
DA:320,1
DA:321,2
DA:322,0
DA:323,0
DA:332,1
DA:333,1
DA:344,1
DA:350,1
DA:351,1
DA:353,1
DA:355,1
DA:357,1
DA:358,2
DA:360,1
DA:361,0
DA:362,0
DA:365,0
DA:369,1
DA:370,1
DA:372,1
DA:373,1
DA:374,0
DA:377,1
DA:381,1
DA:382,1
DA:384,0
DA:386,0
DA:389,1
DA:393,1
DA:394,1
DA:395,1
DA:396,0
DA:400,1
DA:409,1
DA:410,1
DA:411,0
DA:414,1
DA:417,1
DA:418,1
DA:419,1
DA:421,1
DA:423,1
DA:425,1
DA:426,1
DA:430,1
DA:433,0
DA:443,1
DA:445,1
DA:454,1
DA:455,1
DA:456,0
DA:460,1
DA:461,1
DA:464,0
DA:471,1
DA:473,1
DA:482,1
DA:483,1
DA:484,0
DA:487,1
DA:488,0
DA:491,1
DA:498,1
DA:499,1
DA:500,1
DA:501,0
DA:505,1
DA:514,1
DA:515,1
DA:516,0
DA:519,1
DA:521,1
DA:522,1
DA:523,1
DA:526,0
DA:534,1
DA:536,1
DA:546,1
DA:547,1
DA:548,0
DA:551,1
DA:552,1
DA:553,1
DA:556,0
DA:560,0
DA:569,1
DA:571,1
DA:572,1
DA:573,1
DA:574,1
DA:575,1
DA:576,1
DA:577,1
LF:202
LH:156
BRDA:55,1,0,0
BRDA:55,1,1,1
BRDA:70,2,0,0
BRDA:70,2,1,1
BRDA:128,3,0,4
BRDA:128,3,1,0
BRDA:139,4,0,1
BRDA:139,4,1,1
BRDA:139,4,2,1
BRDA:139,4,3,0
BRDA:162,5,0,2
BRDA:162,5,1,1
BRDA:164,6,0,0
BRDA:164,6,1,2
BRDA:168,7,0,1
BRDA:168,7,1,1
BRDA:169,8,0,0
BRDA:169,8,1,1
BRDA:178,9,0,6
BRDA:178,9,1,0
BRDA:194,10,0,0
BRDA:194,10,1,1
BRDA:198,11,0,0
BRDA:198,11,1,1
BRDA:199,12,0,0
BRDA:199,12,1,0
BRDA:207,13,0,0
BRDA:207,13,1,0
BRDA:242,14,0,0
BRDA:242,14,1,1
BRDA:268,15,0,1
BRDA:268,15,1,0
BRDA:275,16,0,0
BRDA:275,16,1,0
BRDA:296,17,0,0
BRDA:296,17,1,1
BRDA:302,18,0,1
BRDA:302,18,1,1
BRDA:307,19,0,0
BRDA:307,19,1,1
BRDA:321,20,0,0
BRDA:321,20,1,2
BRDA:358,21,0,1
BRDA:358,21,1,1
BRDA:358,21,2,0
BRDA:358,21,3,0
BRDA:361,22,0,0
BRDA:361,22,1,0
BRDA:373,23,0,0
BRDA:373,23,1,1
BRDA:395,24,0,0
BRDA:395,24,1,1
BRDA:410,25,0,0
BRDA:410,25,1,1
BRDA:418,26,0,1
BRDA:418,26,1,0
BRDA:418,27,0,1
BRDA:418,27,1,1
BRDA:455,28,0,0
BRDA:455,28,1,1
BRDA:460,29,0,1
BRDA:460,29,1,0
BRDA:460,30,0,1
BRDA:460,30,1,1
BRDA:483,31,0,0
BRDA:483,31,1,1
BRDA:487,32,0,0
BRDA:487,32,1,1
BRDA:487,33,0,1
BRDA:487,33,1,1
BRDA:500,34,0,0
BRDA:500,34,1,1
BRDA:515,35,0,0
BRDA:515,35,1,1
BRDA:522,36,0,1
BRDA:522,36,1,0
BRDA:547,37,0,0
BRDA:547,37,1,1
BRDA:551,38,0,1
BRDA:551,38,1,0
BRDA:551,39,0,1
BRDA:551,39,1,1
BRDA:552,40,0,1
BRDA:552,40,1,0
BRF:84
BRH:46
end_of_record
