{"/Users/Srividya/Microservices/MicroServices/Channels/channelsTest.js":{"path":"/Users/Srividya/Microservices/MicroServices/Channels/channelsTest.js","s":{"1":1,"2":1,"3":1,"4":1,"5":1,"6":1,"7":1,"8":1,"9":1,"10":1,"11":1,"12":1,"13":1,"14":1,"15":1,"16":1,"17":1,"18":1,"19":1,"20":1,"21":1,"22":1,"23":1,"24":1,"25":1,"26":1,"27":1,"28":1,"29":1,"30":1,"31":1,"32":1,"33":1,"34":1,"35":1,"36":1,"37":1,"38":1,"39":1,"40":1,"41":1,"42":1,"43":1,"44":1,"45":1,"46":1,"47":1,"48":1,"49":1,"50":1,"51":1,"52":1,"53":1,"54":1,"55":1,"56":1,"57":1,"58":1,"59":1,"60":1,"61":1,"62":1,"63":1,"64":1,"65":1,"66":1,"67":1,"68":1,"69":1,"70":1,"71":1,"72":1,"73":1,"74":1,"75":1,"76":1,"77":1,"78":1,"79":1,"80":1,"81":1,"82":1,"83":1,"84":1,"85":1,"86":1,"87":0,"88":0,"89":1,"90":1,"91":1,"92":1,"93":1,"94":1,"95":1},"b":{},"f":{"1":1,"2":1,"3":1,"4":1,"5":1,"6":1,"7":1,"8":1,"9":1,"10":1,"11":1,"12":1,"13":1,"14":1,"15":1,"16":1,"17":1,"18":1,"19":1,"20":1,"21":1,"22":1,"23":1,"24":1,"25":1,"26":1,"27":1,"28":1,"29":1,"30":1,"31":1,"32":1,"33":1,"34":1,"35":1,"36":1,"37":1,"38":1,"39":1},"fnMap":{"1":{"name":"(anonymous_1)","line":13,"loc":{"start":{"line":13,"column":32},"end":{"line":13,"column":44}}},"2":{"name":"(anonymous_2)","line":15,"loc":{"start":{"line":15,"column":11},"end":{"line":15,"column":27}}},"3":{"name":"(anonymous_3)","line":17,"loc":{"start":{"line":17,"column":19},"end":{"line":17,"column":31}}},"4":{"name":"(anonymous_4)","line":22,"loc":{"start":{"line":22,"column":63},"end":{"line":22,"column":75}}},"5":{"name":"(anonymous_5)","line":23,"loc":{"start":{"line":23,"column":70},"end":{"line":23,"column":86}}},"6":{"name":"(anonymous_6)","line":27,"loc":{"start":{"line":27,"column":21},"end":{"line":27,"column":41}}},"7":{"name":"(anonymous_7)","line":35,"loc":{"start":{"line":35,"column":65},"end":{"line":35,"column":77}}},"8":{"name":"(anonymous_8)","line":36,"loc":{"start":{"line":36,"column":70},"end":{"line":36,"column":86}}},"9":{"name":"(anonymous_9)","line":41,"loc":{"start":{"line":41,"column":21},"end":{"line":41,"column":41}}},"10":{"name":"(anonymous_10)","line":49,"loc":{"start":{"line":49,"column":63},"end":{"line":49,"column":75}}},"11":{"name":"(anonymous_11)","line":50,"loc":{"start":{"line":50,"column":78},"end":{"line":50,"column":94}}},"12":{"name":"(anonymous_12)","line":54,"loc":{"start":{"line":54,"column":21},"end":{"line":54,"column":41}}},"13":{"name":"(anonymous_13)","line":62,"loc":{"start":{"line":62,"column":65},"end":{"line":62,"column":77}}},"14":{"name":"(anonymous_14)","line":63,"loc":{"start":{"line":63,"column":84},"end":{"line":63,"column":100}}},"15":{"name":"(anonymous_15)","line":68,"loc":{"start":{"line":68,"column":21},"end":{"line":68,"column":41}}},"16":{"name":"(anonymous_16)","line":76,"loc":{"start":{"line":76,"column":67},"end":{"line":76,"column":79}}},"17":{"name":"(anonymous_17)","line":77,"loc":{"start":{"line":77,"column":76},"end":{"line":77,"column":92}}},"18":{"name":"(anonymous_18)","line":82,"loc":{"start":{"line":82,"column":21},"end":{"line":82,"column":41}}},"19":{"name":"(anonymous_19)","line":90,"loc":{"start":{"line":90,"column":71},"end":{"line":90,"column":83}}},"20":{"name":"(anonymous_20)","line":91,"loc":{"start":{"line":91,"column":80},"end":{"line":91,"column":96}}},"21":{"name":"(anonymous_21)","line":96,"loc":{"start":{"line":96,"column":21},"end":{"line":96,"column":41}}},"22":{"name":"(anonymous_22)","line":104,"loc":{"start":{"line":104,"column":67},"end":{"line":104,"column":79}}},"23":{"name":"(anonymous_23)","line":105,"loc":{"start":{"line":105,"column":85},"end":{"line":105,"column":101}}},"24":{"name":"(anonymous_24)","line":110,"loc":{"start":{"line":110,"column":21},"end":{"line":110,"column":41}}},"25":{"name":"(anonymous_25)","line":118,"loc":{"start":{"line":118,"column":67},"end":{"line":118,"column":79}}},"26":{"name":"(anonymous_26)","line":119,"loc":{"start":{"line":119,"column":78},"end":{"line":119,"column":94}}},"27":{"name":"(anonymous_27)","line":124,"loc":{"start":{"line":124,"column":21},"end":{"line":124,"column":41}}},"28":{"name":"(anonymous_28)","line":132,"loc":{"start":{"line":132,"column":71},"end":{"line":132,"column":83}}},"29":{"name":"(anonymous_29)","line":133,"loc":{"start":{"line":133,"column":100},"end":{"line":133,"column":116}}},"30":{"name":"(anonymous_30)","line":138,"loc":{"start":{"line":138,"column":21},"end":{"line":138,"column":41}}},"31":{"name":"(anonymous_31)","line":146,"loc":{"start":{"line":146,"column":67},"end":{"line":146,"column":79}}},"32":{"name":"(anonymous_32)","line":147,"loc":{"start":{"line":147,"column":78},"end":{"line":147,"column":94}}},"33":{"name":"(anonymous_33)","line":152,"loc":{"start":{"line":152,"column":21},"end":{"line":152,"column":41}}},"34":{"name":"(anonymous_34)","line":160,"loc":{"start":{"line":160,"column":70},"end":{"line":160,"column":82}}},"35":{"name":"(anonymous_35)","line":161,"loc":{"start":{"line":161,"column":97},"end":{"line":161,"column":113}}},"36":{"name":"(anonymous_36)","line":178,"loc":{"start":{"line":178,"column":21},"end":{"line":178,"column":41}}},"37":{"name":"(anonymous_37)","line":187,"loc":{"start":{"line":187,"column":70},"end":{"line":187,"column":82}}},"38":{"name":"(anonymous_38)","line":188,"loc":{"start":{"line":188,"column":74},"end":{"line":188,"column":90}}},"39":{"name":"(anonymous_39)","line":193,"loc":{"start":{"line":193,"column":21},"end":{"line":193,"column":41}}}},"statementMap":{"1":{"start":{"line":4,"column":0},"end":{"line":4,"column":27}},"2":{"start":{"line":5,"column":0},"end":{"line":5,"column":36}},"3":{"start":{"line":6,"column":0},"end":{"line":6,"column":33}},"4":{"start":{"line":7,"column":0},"end":{"line":7,"column":27}},"5":{"start":{"line":8,"column":0},"end":{"line":8,"column":19}},"6":{"start":{"line":13,"column":0},"end":{"line":200,"column":3}},"7":{"start":{"line":15,"column":4},"end":{"line":20,"column":7}},"8":{"start":{"line":16,"column":8},"end":{"line":16,"column":44}},"9":{"start":{"line":17,"column":8},"end":{"line":19,"column":17}},"10":{"start":{"line":18,"column":12},"end":{"line":18,"column":19}},"11":{"start":{"line":22,"column":4},"end":{"line":33,"column":7}},"12":{"start":{"line":23,"column":8},"end":{"line":32,"column":11}},"13":{"start":{"line":24,"column":12},"end":{"line":24,"column":32}},"14":{"start":{"line":25,"column":12},"end":{"line":31,"column":19}},"15":{"start":{"line":28,"column":20},"end":{"line":28,"column":48}},"16":{"start":{"line":29,"column":20},"end":{"line":29,"column":53}},"17":{"start":{"line":30,"column":20},"end":{"line":30,"column":27}},"18":{"start":{"line":35,"column":4},"end":{"line":47,"column":7}},"19":{"start":{"line":36,"column":8},"end":{"line":46,"column":11}},"20":{"start":{"line":37,"column":12},"end":{"line":37,"column":32}},"21":{"start":{"line":39,"column":12},"end":{"line":45,"column":19}},"22":{"start":{"line":42,"column":20},"end":{"line":42,"column":48}},"23":{"start":{"line":43,"column":20},"end":{"line":43,"column":53}},"24":{"start":{"line":44,"column":20},"end":{"line":44,"column":27}},"25":{"start":{"line":49,"column":4},"end":{"line":60,"column":7}},"26":{"start":{"line":50,"column":8},"end":{"line":59,"column":11}},"27":{"start":{"line":51,"column":12},"end":{"line":51,"column":32}},"28":{"start":{"line":52,"column":12},"end":{"line":58,"column":19}},"29":{"start":{"line":55,"column":20},"end":{"line":55,"column":48}},"30":{"start":{"line":56,"column":20},"end":{"line":56,"column":53}},"31":{"start":{"line":57,"column":20},"end":{"line":57,"column":27}},"32":{"start":{"line":62,"column":4},"end":{"line":74,"column":7}},"33":{"start":{"line":63,"column":8},"end":{"line":73,"column":11}},"34":{"start":{"line":64,"column":12},"end":{"line":64,"column":32}},"35":{"start":{"line":66,"column":12},"end":{"line":72,"column":19}},"36":{"start":{"line":69,"column":20},"end":{"line":69,"column":48}},"37":{"start":{"line":70,"column":20},"end":{"line":70,"column":53}},"38":{"start":{"line":71,"column":20},"end":{"line":71,"column":27}},"39":{"start":{"line":76,"column":4},"end":{"line":88,"column":7}},"40":{"start":{"line":77,"column":8},"end":{"line":87,"column":11}},"41":{"start":{"line":78,"column":12},"end":{"line":78,"column":32}},"42":{"start":{"line":80,"column":12},"end":{"line":86,"column":19}},"43":{"start":{"line":83,"column":20},"end":{"line":83,"column":48}},"44":{"start":{"line":84,"column":20},"end":{"line":84,"column":53}},"45":{"start":{"line":85,"column":20},"end":{"line":85,"column":27}},"46":{"start":{"line":90,"column":4},"end":{"line":102,"column":7}},"47":{"start":{"line":91,"column":8},"end":{"line":101,"column":11}},"48":{"start":{"line":92,"column":12},"end":{"line":92,"column":32}},"49":{"start":{"line":94,"column":12},"end":{"line":100,"column":19}},"50":{"start":{"line":97,"column":20},"end":{"line":97,"column":48}},"51":{"start":{"line":98,"column":20},"end":{"line":98,"column":53}},"52":{"start":{"line":99,"column":20},"end":{"line":99,"column":27}},"53":{"start":{"line":104,"column":4},"end":{"line":116,"column":7}},"54":{"start":{"line":105,"column":8},"end":{"line":115,"column":11}},"55":{"start":{"line":106,"column":12},"end":{"line":106,"column":32}},"56":{"start":{"line":108,"column":12},"end":{"line":114,"column":19}},"57":{"start":{"line":111,"column":20},"end":{"line":111,"column":48}},"58":{"start":{"line":112,"column":20},"end":{"line":112,"column":53}},"59":{"start":{"line":113,"column":20},"end":{"line":113,"column":27}},"60":{"start":{"line":118,"column":4},"end":{"line":130,"column":7}},"61":{"start":{"line":119,"column":8},"end":{"line":129,"column":11}},"62":{"start":{"line":120,"column":12},"end":{"line":120,"column":32}},"63":{"start":{"line":122,"column":12},"end":{"line":128,"column":19}},"64":{"start":{"line":125,"column":20},"end":{"line":125,"column":48}},"65":{"start":{"line":126,"column":20},"end":{"line":126,"column":53}},"66":{"start":{"line":127,"column":20},"end":{"line":127,"column":27}},"67":{"start":{"line":132,"column":4},"end":{"line":144,"column":7}},"68":{"start":{"line":133,"column":8},"end":{"line":143,"column":11}},"69":{"start":{"line":134,"column":12},"end":{"line":134,"column":32}},"70":{"start":{"line":136,"column":12},"end":{"line":142,"column":19}},"71":{"start":{"line":139,"column":20},"end":{"line":139,"column":48}},"72":{"start":{"line":140,"column":20},"end":{"line":140,"column":53}},"73":{"start":{"line":141,"column":20},"end":{"line":141,"column":27}},"74":{"start":{"line":146,"column":4},"end":{"line":158,"column":7}},"75":{"start":{"line":147,"column":8},"end":{"line":157,"column":11}},"76":{"start":{"line":148,"column":12},"end":{"line":148,"column":32}},"77":{"start":{"line":150,"column":12},"end":{"line":156,"column":19}},"78":{"start":{"line":153,"column":20},"end":{"line":153,"column":48}},"79":{"start":{"line":154,"column":20},"end":{"line":154,"column":53}},"80":{"start":{"line":155,"column":20},"end":{"line":155,"column":27}},"81":{"start":{"line":160,"column":4},"end":{"line":184,"column":7}},"82":{"start":{"line":161,"column":8},"end":{"line":183,"column":11}},"83":{"start":{"line":162,"column":12},"end":{"line":162,"column":32}},"84":{"start":{"line":164,"column":12},"end":{"line":174,"column":14}},"85":{"start":{"line":176,"column":12},"end":{"line":182,"column":19}},"86":{"start":{"line":179,"column":20},"end":{"line":179,"column":48}},"87":{"start":{"line":180,"column":20},"end":{"line":180,"column":53}},"88":{"start":{"line":181,"column":20},"end":{"line":181,"column":27}},"89":{"start":{"line":187,"column":4},"end":{"line":199,"column":7}},"90":{"start":{"line":188,"column":8},"end":{"line":198,"column":11}},"91":{"start":{"line":189,"column":12},"end":{"line":189,"column":32}},"92":{"start":{"line":191,"column":12},"end":{"line":197,"column":19}},"93":{"start":{"line":194,"column":20},"end":{"line":194,"column":48}},"94":{"start":{"line":195,"column":20},"end":{"line":195,"column":53}},"95":{"start":{"line":196,"column":20},"end":{"line":196,"column":27}}},"branchMap":{}},"/Users/Srividya/Microservices/MicroServices/Channels/app.js":{"path":"/Users/Srividya/Microservices/MicroServices/Channels/app.js","s":{"1":1,"2":1,"3":1,"4":1,"5":1,"6":1,"7":1,"8":1,"9":1,"10":0,"11":0,"12":0,"13":0,"14":1,"15":1,"16":1},"b":{"1":[1,1]},"f":{"1":0},"fnMap":{"1":{"name":"(anonymous_1)","line":20,"loc":{"start":{"line":20,"column":8},"end":{"line":20,"column":28}}}},"statementMap":{"1":{"start":{"line":5,"column":0},"end":{"line":5,"column":33}},"2":{"start":{"line":6,"column":0},"end":{"line":6,"column":20}},"3":{"start":{"line":7,"column":0},"end":{"line":7,"column":40}},"4":{"start":{"line":10,"column":0},"end":{"line":10,"column":42}},"5":{"start":{"line":11,"column":0},"end":{"line":11,"column":36}},"6":{"start":{"line":13,"column":0},"end":{"line":13,"column":48}},"7":{"start":{"line":14,"column":0},"end":{"line":14,"column":27}},"8":{"start":{"line":17,"column":0},"end":{"line":17,"column":33}},"9":{"start":{"line":20,"column":0},"end":{"line":25,"column":3}},"10":{"start":{"line":21,"column":4},"end":{"line":21,"column":35}},"11":{"start":{"line":22,"column":4},"end":{"line":22,"column":20}},"12":{"start":{"line":23,"column":4},"end":{"line":23,"column":40}},"13":{"start":{"line":24,"column":4},"end":{"line":24,"column":11}},"14":{"start":{"line":28,"column":0},"end":{"line":28,"column":17}},"15":{"start":{"line":29,"column":0},"end":{"line":29,"column":45}},"16":{"start":{"line":31,"column":0},"end":{"line":31,"column":21}}},"branchMap":{"1":{"line":11,"type":"binary-expr","locations":[{"start":{"line":11,"column":11},"end":{"line":11,"column":27}},{"start":{"line":11,"column":31},"end":{"line":11,"column":35}}]}}},"/Users/Srividya/Microservices/MicroServices/Channels/channels.js":{"path":"/Users/Srividya/Microservices/MicroServices/Channels/channels.js","s":{"1":1,"2":1,"3":1,"4":1,"5":1,"6":2,"7":2,"8":2,"9":1,"10":1,"11":2,"12":2,"13":2,"14":0,"15":1,"16":2,"17":2,"18":2,"19":1,"20":1,"21":2,"22":2,"23":2,"24":0,"25":1,"26":3,"27":3,"28":3,"29":2,"30":1,"31":3,"32":3,"33":3,"34":0,"35":0,"36":0,"37":1,"38":3,"39":3,"40":3,"41":2,"42":1,"43":3,"44":3,"45":3,"46":0,"47":0,"48":0,"49":1,"50":2,"51":1,"52":1,"53":1,"54":0,"55":1,"56":1,"57":1,"58":1,"59":1,"60":0,"61":1},"b":{"1":[2,0],"2":[1,1],"3":[2,0],"4":[1,1],"5":[3,0],"6":[3,3],"7":[2,1],"8":[0,0],"9":[3,0],"10":[3,3],"11":[2,1],"12":[0,0],"13":[1,1],"14":[2,1],"15":[1,0],"16":[1,0]},"f":{"1":2,"2":2,"3":2,"4":2,"5":2,"6":2,"7":3,"8":3,"9":3,"10":3,"11":3,"12":3,"13":2,"14":1,"15":1},"fnMap":{"1":{"name":"(anonymous_1)","line":16,"loc":{"start":{"line":16,"column":10},"end":{"line":16,"column":39}}},"2":{"name":"(anonymous_2)","line":25,"loc":{"start":{"line":25,"column":27},"end":{"line":25,"column":50}}},"3":{"name":"(anonymous_3)","line":38,"loc":{"start":{"line":38,"column":35},"end":{"line":38,"column":55}}},"4":{"name":"(anonymous_4)","line":55,"loc":{"start":{"line":55,"column":12},"end":{"line":55,"column":41}}},"5":{"name":"(anonymous_5)","line":64,"loc":{"start":{"line":64,"column":27},"end":{"line":64,"column":50}}},"6":{"name":"(anonymous_6)","line":78,"loc":{"start":{"line":78,"column":35},"end":{"line":78,"column":55}}},"7":{"name":"(anonymous_7)","line":95,"loc":{"start":{"line":95,"column":10},"end":{"line":95,"column":39}}},"8":{"name":"(anonymous_8)","line":103,"loc":{"start":{"line":103,"column":27},"end":{"line":103,"column":50}}},"9":{"name":"(anonymous_9)","line":117,"loc":{"start":{"line":117,"column":37},"end":{"line":117,"column":57}}},"10":{"name":"(anonymous_10)","line":137,"loc":{"start":{"line":137,"column":12},"end":{"line":137,"column":41}}},"11":{"name":"(anonymous_11)","line":146,"loc":{"start":{"line":146,"column":27},"end":{"line":146,"column":50}}},"12":{"name":"(anonymous_12)","line":160,"loc":{"start":{"line":160,"column":39},"end":{"line":160,"column":59}}},"13":{"name":"(anonymous_13)","line":180,"loc":{"start":{"line":180,"column":10},"end":{"line":180,"column":39}}},"14":{"name":"(anonymous_14)","line":189,"loc":{"start":{"line":189,"column":27},"end":{"line":189,"column":50}}},"15":{"name":"(anonymous_15)","line":203,"loc":{"start":{"line":203,"column":45},"end":{"line":203,"column":65}}}},"statementMap":{"1":{"start":{"line":5,"column":0},"end":{"line":5,"column":33}},"2":{"start":{"line":6,"column":0},"end":{"line":6,"column":30}},"3":{"start":{"line":9,"column":0},"end":{"line":9,"column":53}},"4":{"start":{"line":11,"column":0},"end":{"line":11,"column":29}},"5":{"start":{"line":15,"column":0},"end":{"line":49,"column":7}},"6":{"start":{"line":20,"column":8},"end":{"line":48,"column":9}},"7":{"start":{"line":25,"column":12},"end":{"line":34,"column":14}},"8":{"start":{"line":28,"column":16},"end":{"line":33,"column":17}},"9":{"start":{"line":29,"column":20},"end":{"line":29,"column":60}},"10":{"start":{"line":32,"column":20},"end":{"line":32,"column":124}},"11":{"start":{"line":38,"column":12},"end":{"line":40,"column":14}},"12":{"start":{"line":39,"column":16},"end":{"line":39,"column":92}},"13":{"start":{"line":44,"column":12},"end":{"line":44,"column":58}},"14":{"start":{"line":47,"column":12},"end":{"line":47,"column":97}},"15":{"start":{"line":54,"column":0},"end":{"line":89,"column":7}},"16":{"start":{"line":59,"column":8},"end":{"line":88,"column":9}},"17":{"start":{"line":64,"column":12},"end":{"line":74,"column":14}},"18":{"start":{"line":68,"column":16},"end":{"line":73,"column":17}},"19":{"start":{"line":69,"column":20},"end":{"line":69,"column":60}},"20":{"start":{"line":72,"column":20},"end":{"line":72,"column":122}},"21":{"start":{"line":78,"column":12},"end":{"line":80,"column":14}},"22":{"start":{"line":79,"column":16},"end":{"line":79,"column":92}},"23":{"start":{"line":84,"column":12},"end":{"line":84,"column":58}},"24":{"start":{"line":87,"column":12},"end":{"line":87,"column":97}},"25":{"start":{"line":94,"column":0},"end":{"line":131,"column":7}},"26":{"start":{"line":98,"column":8},"end":{"line":130,"column":9}},"27":{"start":{"line":103,"column":12},"end":{"line":113,"column":14}},"28":{"start":{"line":107,"column":16},"end":{"line":112,"column":17}},"29":{"start":{"line":108,"column":20},"end":{"line":108,"column":60}},"30":{"start":{"line":111,"column":20},"end":{"line":111,"column":131}},"31":{"start":{"line":117,"column":12},"end":{"line":119,"column":14}},"32":{"start":{"line":118,"column":16},"end":{"line":118,"column":68}},"33":{"start":{"line":123,"column":12},"end":{"line":123,"column":60}},"34":{"start":{"line":125,"column":13},"end":{"line":130,"column":9}},"35":{"start":{"line":126,"column":12},"end":{"line":126,"column":86}},"36":{"start":{"line":129,"column":12},"end":{"line":129,"column":83}},"37":{"start":{"line":136,"column":0},"end":{"line":174,"column":7}},"38":{"start":{"line":141,"column":8},"end":{"line":173,"column":9}},"39":{"start":{"line":146,"column":12},"end":{"line":156,"column":14}},"40":{"start":{"line":150,"column":16},"end":{"line":155,"column":17}},"41":{"start":{"line":151,"column":20},"end":{"line":151,"column":60}},"42":{"start":{"line":154,"column":20},"end":{"line":154,"column":135}},"43":{"start":{"line":160,"column":12},"end":{"line":162,"column":14}},"44":{"start":{"line":161,"column":16},"end":{"line":161,"column":70}},"45":{"start":{"line":166,"column":12},"end":{"line":166,"column":62}},"46":{"start":{"line":168,"column":13},"end":{"line":173,"column":9}},"47":{"start":{"line":169,"column":12},"end":{"line":169,"column":86}},"48":{"start":{"line":172,"column":12},"end":{"line":172,"column":83}},"49":{"start":{"line":179,"column":0},"end":{"line":217,"column":7}},"50":{"start":{"line":184,"column":8},"end":{"line":216,"column":9}},"51":{"start":{"line":189,"column":12},"end":{"line":199,"column":14}},"52":{"start":{"line":193,"column":16},"end":{"line":198,"column":17}},"53":{"start":{"line":194,"column":20},"end":{"line":194,"column":60}},"54":{"start":{"line":197,"column":20},"end":{"line":197,"column":54}},"55":{"start":{"line":203,"column":12},"end":{"line":205,"column":14}},"56":{"start":{"line":204,"column":16},"end":{"line":204,"column":69}},"57":{"start":{"line":209,"column":12},"end":{"line":209,"column":68}},"58":{"start":{"line":211,"column":13},"end":{"line":216,"column":9}},"59":{"start":{"line":212,"column":12},"end":{"line":212,"column":86}},"60":{"start":{"line":215,"column":12},"end":{"line":215,"column":82}},"61":{"start":{"line":219,"column":0},"end":{"line":219,"column":24}}},"branchMap":{"1":{"line":20,"type":"if","locations":[{"start":{"line":20,"column":8},"end":{"line":20,"column":8}},{"start":{"line":20,"column":8},"end":{"line":20,"column":8}}]},"2":{"line":28,"type":"if","locations":[{"start":{"line":28,"column":16},"end":{"line":28,"column":16}},{"start":{"line":28,"column":16},"end":{"line":28,"column":16}}]},"3":{"line":59,"type":"if","locations":[{"start":{"line":59,"column":8},"end":{"line":59,"column":8}},{"start":{"line":59,"column":8},"end":{"line":59,"column":8}}]},"4":{"line":68,"type":"if","locations":[{"start":{"line":68,"column":16},"end":{"line":68,"column":16}},{"start":{"line":68,"column":16},"end":{"line":68,"column":16}}]},"5":{"line":98,"type":"if","locations":[{"start":{"line":98,"column":8},"end":{"line":98,"column":8}},{"start":{"line":98,"column":8},"end":{"line":98,"column":8}}]},"6":{"line":98,"type":"binary-expr","locations":[{"start":{"line":98,"column":12},"end":{"line":98,"column":42}},{"start":{"line":98,"column":46},"end":{"line":98,"column":73}}]},"7":{"line":107,"type":"if","locations":[{"start":{"line":107,"column":16},"end":{"line":107,"column":16}},{"start":{"line":107,"column":16},"end":{"line":107,"column":16}}]},"8":{"line":125,"type":"if","locations":[{"start":{"line":125,"column":13},"end":{"line":125,"column":13}},{"start":{"line":125,"column":13},"end":{"line":125,"column":13}}]},"9":{"line":141,"type":"if","locations":[{"start":{"line":141,"column":8},"end":{"line":141,"column":8}},{"start":{"line":141,"column":8},"end":{"line":141,"column":8}}]},"10":{"line":141,"type":"binary-expr","locations":[{"start":{"line":141,"column":12},"end":{"line":141,"column":42}},{"start":{"line":141,"column":46},"end":{"line":141,"column":73}}]},"11":{"line":150,"type":"if","locations":[{"start":{"line":150,"column":16},"end":{"line":150,"column":16}},{"start":{"line":150,"column":16},"end":{"line":150,"column":16}}]},"12":{"line":168,"type":"if","locations":[{"start":{"line":168,"column":13},"end":{"line":168,"column":13}},{"start":{"line":168,"column":13},"end":{"line":168,"column":13}}]},"13":{"line":184,"type":"if","locations":[{"start":{"line":184,"column":8},"end":{"line":184,"column":8}},{"start":{"line":184,"column":8},"end":{"line":184,"column":8}}]},"14":{"line":184,"type":"binary-expr","locations":[{"start":{"line":184,"column":12},"end":{"line":184,"column":39}},{"start":{"line":184,"column":43},"end":{"line":184,"column":66}}]},"15":{"line":193,"type":"if","locations":[{"start":{"line":193,"column":16},"end":{"line":193,"column":16}},{"start":{"line":193,"column":16},"end":{"line":193,"column":16}}]},"16":{"line":211,"type":"if","locations":[{"start":{"line":211,"column":13},"end":{"line":211,"column":13}},{"start":{"line":211,"column":13},"end":{"line":211,"column":13}}]}}},"/Users/Srividya/Microservices/MicroServices/Channels/pushDBConnection.js":{"path":"/Users/Srividya/Microservices/MicroServices/Channels/pushDBConnection.js","s":{"1":1,"2":1,"3":1,"4":1,"5":1,"6":2,"7":2,"8":0,"9":2,"10":2,"11":1,"12":1,"13":1,"14":1,"15":1,"16":2,"17":2,"18":0,"19":2,"20":2,"21":1,"22":1,"23":1,"24":0,"25":1,"26":1,"27":1,"28":3,"29":3,"30":0,"31":3,"32":3,"33":2,"34":2,"35":2,"36":1,"37":1,"38":1,"39":0,"40":1,"41":1,"42":1,"43":1,"44":1,"45":3,"46":3,"47":0,"48":3,"49":3,"50":2,"51":2,"52":2,"53":0,"54":0,"55":0,"56":0,"57":2,"58":2,"59":1,"60":1,"61":1,"62":1,"63":1,"64":1,"65":1,"66":1,"67":0,"68":1,"69":1,"70":1,"71":1,"72":1,"73":0,"74":1,"75":1,"76":1,"77":2,"78":1,"79":0,"80":0,"81":0,"82":1,"83":1,"84":1,"85":1,"86":1,"87":1,"88":1,"89":1,"90":0,"91":1,"92":0,"93":1,"94":1,"95":1,"96":1,"97":0,"98":1},"b":{"1":[0,2],"2":[1,1],"3":[0,2],"4":[1,1],"5":[1,0],"6":[0,3],"7":[2,1],"8":[1,1],"9":[1,0],"10":[0,3],"11":[2,1],"12":[0,2],"13":[0,0],"14":[1,1],"15":[0,1],"16":[1,0],"17":[0,1],"18":[1,0],"19":[1,0],"20":[0,1],"21":[0,1],"22":[1,1],"23":[1,0]},"f":{"1":2,"2":2,"3":2,"4":2,"5":2,"6":2,"7":3,"8":3,"9":3,"10":2,"11":3,"12":3,"13":3,"14":2,"15":1,"16":1,"17":1,"18":1,"19":1,"20":2,"21":1,"22":1,"23":1},"fnMap":{"1":{"name":"(anonymous_1)","line":15,"loc":{"start":{"line":15,"column":33},"end":{"line":15,"column":68}}},"2":{"name":"(anonymous_2)","line":19,"loc":{"start":{"line":19,"column":73},"end":{"line":19,"column":91}}},"3":{"name":"(anonymous_3)","line":27,"loc":{"start":{"line":27,"column":59},"end":{"line":27,"column":85}}},"4":{"name":"(anonymous_4)","line":44,"loc":{"start":{"line":44,"column":33},"end":{"line":44,"column":68}}},"5":{"name":"(anonymous_5)","line":46,"loc":{"start":{"line":46,"column":73},"end":{"line":46,"column":91}}},"6":{"name":"(anonymous_6)","line":53,"loc":{"start":{"line":53,"column":44},"end":{"line":53,"column":68}}},"7":{"name":"(anonymous_7)","line":74,"loc":{"start":{"line":74,"column":29},"end":{"line":74,"column":57}}},"8":{"name":"(anonymous_8)","line":76,"loc":{"start":{"line":76,"column":73},"end":{"line":76,"column":91}}},"9":{"name":"(anonymous_9)","line":86,"loc":{"start":{"line":86,"column":18},"end":{"line":86,"column":42}}},"10":{"name":"(anonymous_10)","line":90,"loc":{"start":{"line":90,"column":97},"end":{"line":90,"column":121}}},"11":{"name":"(anonymous_11)","line":119,"loc":{"start":{"line":119,"column":31},"end":{"line":119,"column":59}}},"12":{"name":"(anonymous_12)","line":121,"loc":{"start":{"line":121,"column":73},"end":{"line":121,"column":91}}},"13":{"name":"(anonymous_13)","line":131,"loc":{"start":{"line":131,"column":18},"end":{"line":131,"column":42}}},"14":{"name":"(anonymous_14)","line":135,"loc":{"start":{"line":135,"column":83},"end":{"line":135,"column":107}}},"15":{"name":"(anonymous_15)","line":171,"loc":{"start":{"line":171,"column":30},"end":{"line":171,"column":61}}},"16":{"name":"(anonymous_16)","line":174,"loc":{"start":{"line":174,"column":23},"end":{"line":174,"column":52}}},"17":{"name":"(anonymous_17)","line":176,"loc":{"start":{"line":176,"column":77},"end":{"line":176,"column":95}}},"18":{"name":"(anonymous_18)","line":186,"loc":{"start":{"line":186,"column":22},"end":{"line":186,"column":46}}},"19":{"name":"(anonymous_19)","line":188,"loc":{"start":{"line":188,"column":82},"end":{"line":188,"column":106}}},"20":{"name":"(anonymous_20)","line":198,"loc":{"start":{"line":198,"column":50},"end":{"line":198,"column":65}}},"21":{"name":"(anonymous_21)","line":219,"loc":{"start":{"line":219,"column":36},"end":{"line":219,"column":81}}},"22":{"name":"(anonymous_22)","line":243,"loc":{"start":{"line":243,"column":25},"end":{"line":243,"column":50}}},"23":{"name":"(anonymous_23)","line":263,"loc":{"start":{"line":263,"column":24},"end":{"line":263,"column":46}}}},"statementMap":{"1":{"start":{"line":5,"column":0},"end":{"line":5,"column":49}},"2":{"start":{"line":8,"column":0},"end":{"line":8,"column":42}},"3":{"start":{"line":10,"column":0},"end":{"line":10,"column":29}},"4":{"start":{"line":12,"column":0},"end":{"line":12,"column":33}},"5":{"start":{"line":15,"column":0},"end":{"line":41,"column":2}},"6":{"start":{"line":19,"column":4},"end":{"line":40,"column":7}},"7":{"start":{"line":21,"column":8},"end":{"line":23,"column":9}},"8":{"start":{"line":22,"column":12},"end":{"line":22,"column":33}},"9":{"start":{"line":27,"column":8},"end":{"line":38,"column":11}},"10":{"start":{"line":29,"column":12},"end":{"line":33,"column":13}},"11":{"start":{"line":31,"column":16},"end":{"line":31,"column":27}},"12":{"start":{"line":32,"column":16},"end":{"line":32,"column":57}},"13":{"start":{"line":35,"column":12},"end":{"line":35,"column":23}},"14":{"start":{"line":37,"column":12},"end":{"line":37,"column":45}},"15":{"start":{"line":44,"column":0},"end":{"line":71,"column":2}},"16":{"start":{"line":46,"column":4},"end":{"line":70,"column":7}},"17":{"start":{"line":48,"column":8},"end":{"line":50,"column":9}},"18":{"start":{"line":49,"column":12},"end":{"line":49,"column":33}},"19":{"start":{"line":53,"column":8},"end":{"line":69,"column":11}},"20":{"start":{"line":55,"column":12},"end":{"line":64,"column":13}},"21":{"start":{"line":56,"column":16},"end":{"line":56,"column":27}},"22":{"start":{"line":58,"column":16},"end":{"line":63,"column":17}},"23":{"start":{"line":59,"column":20},"end":{"line":59,"column":97}},"24":{"start":{"line":62,"column":20},"end":{"line":62,"column":77}},"25":{"start":{"line":66,"column":12},"end":{"line":66,"column":23}},"26":{"start":{"line":68,"column":12},"end":{"line":68,"column":43}},"27":{"start":{"line":74,"column":0},"end":{"line":116,"column":2}},"28":{"start":{"line":76,"column":4},"end":{"line":115,"column":7}},"29":{"start":{"line":78,"column":8},"end":{"line":80,"column":9}},"30":{"start":{"line":79,"column":12},"end":{"line":79,"column":33}},"31":{"start":{"line":85,"column":8},"end":{"line":114,"column":15}},"32":{"start":{"line":88,"column":16},"end":{"line":113,"column":17}},"33":{"start":{"line":89,"column":20},"end":{"line":89,"column":66}},"34":{"start":{"line":90,"column":20},"end":{"line":106,"column":23}},"35":{"start":{"line":91,"column":24},"end":{"line":101,"column":25}},"36":{"start":{"line":93,"column":28},"end":{"line":93,"column":39}},"37":{"start":{"line":95,"column":28},"end":{"line":100,"column":29}},"38":{"start":{"line":96,"column":32},"end":{"line":96,"column":142}},"39":{"start":{"line":99,"column":32},"end":{"line":99,"column":89}},"40":{"start":{"line":103,"column":24},"end":{"line":103,"column":35}},"41":{"start":{"line":105,"column":24},"end":{"line":105,"column":55}},"42":{"start":{"line":110,"column":20},"end":{"line":110,"column":31}},"43":{"start":{"line":112,"column":20},"end":{"line":112,"column":103}},"44":{"start":{"line":119,"column":0},"end":{"line":167,"column":2}},"45":{"start":{"line":121,"column":4},"end":{"line":166,"column":7}},"46":{"start":{"line":123,"column":8},"end":{"line":125,"column":9}},"47":{"start":{"line":124,"column":12},"end":{"line":124,"column":33}},"48":{"start":{"line":130,"column":8},"end":{"line":165,"column":15}},"49":{"start":{"line":133,"column":16},"end":{"line":164,"column":17}},"50":{"start":{"line":134,"column":20},"end":{"line":134,"column":66}},"51":{"start":{"line":135,"column":20},"end":{"line":157,"column":23}},"52":{"start":{"line":136,"column":24},"end":{"line":146,"column":25}},"53":{"start":{"line":138,"column":28},"end":{"line":138,"column":39}},"54":{"start":{"line":140,"column":28},"end":{"line":145,"column":29}},"55":{"start":{"line":141,"column":32},"end":{"line":141,"column":146}},"56":{"start":{"line":144,"column":32},"end":{"line":144,"column":89}},"57":{"start":{"line":148,"column":24},"end":{"line":148,"column":35}},"58":{"start":{"line":150,"column":24},"end":{"line":156,"column":25}},"59":{"start":{"line":151,"column":28},"end":{"line":151,"column":142}},"60":{"start":{"line":155,"column":28},"end":{"line":155,"column":59}},"61":{"start":{"line":161,"column":20},"end":{"line":161,"column":31}},"62":{"start":{"line":163,"column":20},"end":{"line":163,"column":105}},"63":{"start":{"line":171,"column":0},"end":{"line":277,"column":2}},"64":{"start":{"line":174,"column":4},"end":{"line":216,"column":6}},"65":{"start":{"line":176,"column":8},"end":{"line":215,"column":11}},"66":{"start":{"line":178,"column":12},"end":{"line":180,"column":13}},"67":{"start":{"line":179,"column":16},"end":{"line":179,"column":46}},"68":{"start":{"line":185,"column":12},"end":{"line":214,"column":19}},"69":{"start":{"line":187,"column":20},"end":{"line":213,"column":21}},"70":{"start":{"line":188,"column":24},"end":{"line":207,"column":27}},"71":{"start":{"line":190,"column":28},"end":{"line":190,"column":39}},"72":{"start":{"line":191,"column":28},"end":{"line":206,"column":29}},"73":{"start":{"line":193,"column":32},"end":{"line":193,"column":98}},"74":{"start":{"line":195,"column":33},"end":{"line":206,"column":29}},"75":{"start":{"line":197,"column":32},"end":{"line":197,"column":54}},"76":{"start":{"line":198,"column":32},"end":{"line":200,"column":35}},"77":{"start":{"line":199,"column":36},"end":{"line":199,"column":67}},"78":{"start":{"line":201,"column":32},"end":{"line":201,"column":76}},"79":{"start":{"line":205,"column":32},"end":{"line":205,"column":81}},"80":{"start":{"line":211,"column":24},"end":{"line":211,"column":35}},"81":{"start":{"line":212,"column":24},"end":{"line":212,"column":103}},"82":{"start":{"line":219,"column":4},"end":{"line":258,"column":6}},"83":{"start":{"line":222,"column":8},"end":{"line":225,"column":10}},"84":{"start":{"line":226,"column":8},"end":{"line":228,"column":9}},"85":{"start":{"line":227,"column":12},"end":{"line":227,"column":59}},"86":{"start":{"line":231,"column":8},"end":{"line":238,"column":10}},"87":{"start":{"line":240,"column":8},"end":{"line":240,"column":69}},"88":{"start":{"line":243,"column":8},"end":{"line":257,"column":11}},"89":{"start":{"line":244,"column":12},"end":{"line":256,"column":13}},"90":{"start":{"line":246,"column":16},"end":{"line":246,"column":47}},"91":{"start":{"line":249,"column":16},"end":{"line":255,"column":17}},"92":{"start":{"line":251,"column":20},"end":{"line":251,"column":78}},"93":{"start":{"line":254,"column":20},"end":{"line":254,"column":73}},"94":{"start":{"line":263,"column":4},"end":{"line":272,"column":6}},"95":{"start":{"line":266,"column":8},"end":{"line":271,"column":9}},"96":{"start":{"line":267,"column":12},"end":{"line":267,"column":33}},"97":{"start":{"line":270,"column":12},"end":{"line":270,"column":41}},"98":{"start":{"line":276,"column":4},"end":{"line":276,"column":77}}},"branchMap":{"1":{"line":21,"type":"if","locations":[{"start":{"line":21,"column":8},"end":{"line":21,"column":8}},{"start":{"line":21,"column":8},"end":{"line":21,"column":8}}]},"2":{"line":29,"type":"if","locations":[{"start":{"line":29,"column":12},"end":{"line":29,"column":12}},{"start":{"line":29,"column":12},"end":{"line":29,"column":12}}]},"3":{"line":48,"type":"if","locations":[{"start":{"line":48,"column":8},"end":{"line":48,"column":8}},{"start":{"line":48,"column":8},"end":{"line":48,"column":8}}]},"4":{"line":55,"type":"if","locations":[{"start":{"line":55,"column":12},"end":{"line":55,"column":12}},{"start":{"line":55,"column":12},"end":{"line":55,"column":12}}]},"5":{"line":58,"type":"if","locations":[{"start":{"line":58,"column":16},"end":{"line":58,"column":16}},{"start":{"line":58,"column":16},"end":{"line":58,"column":16}}]},"6":{"line":78,"type":"if","locations":[{"start":{"line":78,"column":8},"end":{"line":78,"column":8}},{"start":{"line":78,"column":8},"end":{"line":78,"column":8}}]},"7":{"line":88,"type":"if","locations":[{"start":{"line":88,"column":16},"end":{"line":88,"column":16}},{"start":{"line":88,"column":16},"end":{"line":88,"column":16}}]},"8":{"line":91,"type":"if","locations":[{"start":{"line":91,"column":24},"end":{"line":91,"column":24}},{"start":{"line":91,"column":24},"end":{"line":91,"column":24}}]},"9":{"line":95,"type":"if","locations":[{"start":{"line":95,"column":28},"end":{"line":95,"column":28}},{"start":{"line":95,"column":28},"end":{"line":95,"column":28}}]},"10":{"line":123,"type":"if","locations":[{"start":{"line":123,"column":8},"end":{"line":123,"column":8}},{"start":{"line":123,"column":8},"end":{"line":123,"column":8}}]},"11":{"line":133,"type":"if","locations":[{"start":{"line":133,"column":16},"end":{"line":133,"column":16}},{"start":{"line":133,"column":16},"end":{"line":133,"column":16}}]},"12":{"line":136,"type":"if","locations":[{"start":{"line":136,"column":24},"end":{"line":136,"column":24}},{"start":{"line":136,"column":24},"end":{"line":136,"column":24}}]},"13":{"line":140,"type":"if","locations":[{"start":{"line":140,"column":28},"end":{"line":140,"column":28}},{"start":{"line":140,"column":28},"end":{"line":140,"column":28}}]},"14":{"line":150,"type":"if","locations":[{"start":{"line":150,"column":24},"end":{"line":150,"column":24}},{"start":{"line":150,"column":24},"end":{"line":150,"column":24}}]},"15":{"line":178,"type":"if","locations":[{"start":{"line":178,"column":12},"end":{"line":178,"column":12}},{"start":{"line":178,"column":12},"end":{"line":178,"column":12}}]},"16":{"line":187,"type":"if","locations":[{"start":{"line":187,"column":20},"end":{"line":187,"column":20}},{"start":{"line":187,"column":20},"end":{"line":187,"column":20}}]},"17":{"line":191,"type":"if","locations":[{"start":{"line":191,"column":28},"end":{"line":191,"column":28}},{"start":{"line":191,"column":28},"end":{"line":191,"column":28}}]},"18":{"line":195,"type":"if","locations":[{"start":{"line":195,"column":33},"end":{"line":195,"column":33}},{"start":{"line":195,"column":33},"end":{"line":195,"column":33}}]},"19":{"line":226,"type":"if","locations":[{"start":{"line":226,"column":8},"end":{"line":226,"column":8}},{"start":{"line":226,"column":8},"end":{"line":226,"column":8}}]},"20":{"line":244,"type":"if","locations":[{"start":{"line":244,"column":12},"end":{"line":244,"column":12}},{"start":{"line":244,"column":12},"end":{"line":244,"column":12}}]},"21":{"line":249,"type":"if","locations":[{"start":{"line":249,"column":16},"end":{"line":249,"column":16}},{"start":{"line":249,"column":16},"end":{"line":249,"column":16}}]},"22":{"line":249,"type":"binary-expr","locations":[{"start":{"line":249,"column":20},"end":{"line":249,"column":39}},{"start":{"line":249,"column":43},"end":{"line":249,"column":69}}]},"23":{"line":266,"type":"if","locations":[{"start":{"line":266,"column":8},"end":{"line":266,"column":8}},{"start":{"line":266,"column":8},"end":{"line":266,"column":8}}]}}}}