TN:
SF:/Users/Srividya/Microservices/MicroServices/Channels/channelsTest.js
FN:13,(anonymous_1)
FN:15,(anonymous_2)
FN:17,(anonymous_3)
FN:22,(anonymous_4)
FN:23,(anonymous_5)
FN:27,(anonymous_6)
FN:35,(anonymous_7)
FN:36,(anonymous_8)
FN:41,(anonymous_9)
FN:49,(anonymous_10)
FN:50,(anonymous_11)
FN:54,(anonymous_12)
FN:62,(anonymous_13)
FN:63,(anonymous_14)
FN:68,(anonymous_15)
FN:76,(anonymous_16)
FN:77,(anonymous_17)
FN:82,(anonymous_18)
FN:90,(anonymous_19)
FN:91,(anonymous_20)
FN:96,(anonymous_21)
FN:104,(anonymous_22)
FN:105,(anonymous_23)
FN:110,(anonymous_24)
FN:118,(anonymous_25)
FN:119,(anonymous_26)
FN:124,(anonymous_27)
FN:132,(anonymous_28)
FN:133,(anonymous_29)
FN:138,(anonymous_30)
FN:146,(anonymous_31)
FN:147,(anonymous_32)
FN:152,(anonymous_33)
FN:160,(anonymous_34)
FN:161,(anonymous_35)
FN:178,(anonymous_36)
FN:187,(anonymous_37)
FN:188,(anonymous_38)
FN:193,(anonymous_39)
FNF:39
FNH:39
FNDA:1,(anonymous_1)
FNDA:1,(anonymous_2)
FNDA:1,(anonymous_3)
FNDA:1,(anonymous_4)
FNDA:1,(anonymous_5)
FNDA:1,(anonymous_6)
FNDA:1,(anonymous_7)
FNDA:1,(anonymous_8)
FNDA:1,(anonymous_9)
FNDA:1,(anonymous_10)
FNDA:1,(anonymous_11)
FNDA:1,(anonymous_12)
FNDA:1,(anonymous_13)
FNDA:1,(anonymous_14)
FNDA:1,(anonymous_15)
FNDA:1,(anonymous_16)
FNDA:1,(anonymous_17)
FNDA:1,(anonymous_18)
FNDA:1,(anonymous_19)
FNDA:1,(anonymous_20)
FNDA:1,(anonymous_21)
FNDA:1,(anonymous_22)
FNDA:1,(anonymous_23)
FNDA:1,(anonymous_24)
FNDA:1,(anonymous_25)
FNDA:1,(anonymous_26)
FNDA:1,(anonymous_27)
FNDA:1,(anonymous_28)
FNDA:1,(anonymous_29)
FNDA:1,(anonymous_30)
FNDA:1,(anonymous_31)
FNDA:1,(anonymous_32)
FNDA:1,(anonymous_33)
FNDA:1,(anonymous_34)
FNDA:1,(anonymous_35)
FNDA:1,(anonymous_36)
FNDA:1,(anonymous_37)
FNDA:1,(anonymous_38)
FNDA:1,(anonymous_39)
DA:4,1
DA:5,1
DA:6,1
DA:7,1
DA:8,1
DA:13,1
DA:15,1
DA:16,1
DA:17,1
DA:18,1
DA:22,1
DA:23,1
DA:24,1
DA:25,1
DA:28,1
DA:29,1
DA:30,1
DA:35,1
DA:36,1
DA:37,1
DA:39,1
DA:42,1
DA:43,1
DA:44,1
DA:49,1
DA:50,1
DA:51,1
DA:52,1
DA:55,1
DA:56,1
DA:57,1
DA:62,1
DA:63,1
DA:64,1
DA:66,1
DA:69,1
DA:70,1
DA:71,1
DA:76,1
DA:77,1
DA:78,1
DA:80,1
DA:83,1
DA:84,1
DA:85,1
DA:90,1
DA:91,1
DA:92,1
DA:94,1
DA:97,1
DA:98,1
DA:99,1
DA:104,1
DA:105,1
DA:106,1
DA:108,1
DA:111,1
DA:112,1
DA:113,1
DA:118,1
DA:119,1
DA:120,1
DA:122,1
DA:125,1
DA:126,1
DA:127,1
DA:132,1
DA:133,1
DA:134,1
DA:136,1
DA:139,1
DA:140,1
DA:141,1
DA:146,1
DA:147,1
DA:148,1
DA:150,1
DA:153,1
DA:154,1
DA:155,1
DA:160,1
DA:161,1
DA:162,1
DA:164,1
DA:176,1
DA:179,1
DA:180,0
DA:181,0
DA:187,1
DA:188,1
DA:189,1
DA:191,1
DA:194,1
DA:195,1
DA:196,1
LF:95
LH:93
BRF:0
BRH:0
end_of_record
TN:
SF:/Users/Srividya/Microservices/MicroServices/Channels/app.js
FN:20,(anonymous_1)
FNF:1
FNH:0
FNDA:0,(anonymous_1)
DA:5,1
DA:6,1
DA:7,1
DA:10,1
DA:11,1
DA:13,1
DA:14,1
DA:17,1
DA:20,1
DA:21,0
DA:22,0
DA:23,0
DA:24,0
DA:28,1
DA:29,1
DA:31,1
LF:16
LH:12
BRDA:11,1,0,1
BRDA:11,1,1,1
BRF:2
BRH:2
end_of_record
TN:
SF:/Users/Srividya/Microservices/MicroServices/Channels/channels.js
FN:16,(anonymous_1)
FN:25,(anonymous_2)
FN:38,(anonymous_3)
FN:55,(anonymous_4)
FN:64,(anonymous_5)
FN:78,(anonymous_6)
FN:95,(anonymous_7)
FN:103,(anonymous_8)
FN:117,(anonymous_9)
FN:137,(anonymous_10)
FN:146,(anonymous_11)
FN:160,(anonymous_12)
FN:180,(anonymous_13)
FN:189,(anonymous_14)
FN:203,(anonymous_15)
FNF:15
FNH:15
FNDA:2,(anonymous_1)
FNDA:2,(anonymous_2)
FNDA:2,(anonymous_3)
FNDA:2,(anonymous_4)
FNDA:2,(anonymous_5)
FNDA:2,(anonymous_6)
FNDA:3,(anonymous_7)
FNDA:3,(anonymous_8)
FNDA:3,(anonymous_9)
FNDA:3,(anonymous_10)
FNDA:3,(anonymous_11)
FNDA:3,(anonymous_12)
FNDA:2,(anonymous_13)
FNDA:1,(anonymous_14)
FNDA:1,(anonymous_15)
DA:5,1
DA:6,1
DA:9,1
DA:11,1
DA:15,1
DA:20,2
DA:25,2
DA:28,2
DA:29,1
DA:32,1
DA:38,2
DA:39,2
DA:44,2
DA:47,0
DA:54,1
DA:59,2
DA:64,2
DA:68,2
DA:69,1
DA:72,1
DA:78,2
DA:79,2
DA:84,2
DA:87,0
DA:94,1
DA:98,3
DA:103,3
DA:107,3
DA:108,2
DA:111,1
DA:117,3
DA:118,3
DA:123,3
DA:125,0
DA:126,0
DA:129,0
DA:136,1
DA:141,3
DA:146,3
DA:150,3
DA:151,2
DA:154,1
DA:160,3
DA:161,3
DA:166,3
DA:168,0
DA:169,0
DA:172,0
DA:179,1
DA:184,2
DA:189,1
DA:193,1
DA:194,1
DA:197,0
DA:203,1
DA:204,1
DA:209,1
DA:211,1
DA:212,1
DA:215,0
DA:219,1
LF:61
LH:51
BRDA:20,1,0,2
BRDA:20,1,1,0
BRDA:28,2,0,1
BRDA:28,2,1,1
BRDA:59,3,0,2
BRDA:59,3,1,0
BRDA:68,4,0,1
BRDA:68,4,1,1
BRDA:98,5,0,3
BRDA:98,5,1,0
BRDA:98,6,0,3
BRDA:98,6,1,3
BRDA:107,7,0,2
BRDA:107,7,1,1
BRDA:125,8,0,0
BRDA:125,8,1,0
BRDA:141,9,0,3
BRDA:141,9,1,0
BRDA:141,10,0,3
BRDA:141,10,1,3
BRDA:150,11,0,2
BRDA:150,11,1,1
BRDA:168,12,0,0
BRDA:168,12,1,0
BRDA:184,13,0,1
BRDA:184,13,1,1
BRDA:184,14,0,2
BRDA:184,14,1,1
BRDA:193,15,0,1
BRDA:193,15,1,0
BRDA:211,16,0,1
BRDA:211,16,1,0
BRF:32
BRH:22
end_of_record
TN:
SF:/Users/Srividya/Microservices/MicroServices/Channels/pushDBConnection.js
FN:15,(anonymous_1)
FN:19,(anonymous_2)
FN:27,(anonymous_3)
FN:44,(anonymous_4)
FN:46,(anonymous_5)
FN:53,(anonymous_6)
FN:74,(anonymous_7)
FN:76,(anonymous_8)
FN:86,(anonymous_9)
FN:90,(anonymous_10)
FN:119,(anonymous_11)
FN:121,(anonymous_12)
FN:131,(anonymous_13)
FN:135,(anonymous_14)
FN:171,(anonymous_15)
FN:174,(anonymous_16)
FN:176,(anonymous_17)
FN:186,(anonymous_18)
FN:188,(anonymous_19)
FN:198,(anonymous_20)
FN:219,(anonymous_21)
FN:243,(anonymous_22)
FN:263,(anonymous_23)
FNF:23
FNH:23
FNDA:2,(anonymous_1)
FNDA:2,(anonymous_2)
FNDA:2,(anonymous_3)
FNDA:2,(anonymous_4)
FNDA:2,(anonymous_5)
FNDA:2,(anonymous_6)
FNDA:3,(anonymous_7)
FNDA:3,(anonymous_8)
FNDA:3,(anonymous_9)
FNDA:2,(anonymous_10)
FNDA:3,(anonymous_11)
FNDA:3,(anonymous_12)
FNDA:3,(anonymous_13)
FNDA:2,(anonymous_14)
FNDA:1,(anonymous_15)
FNDA:1,(anonymous_16)
FNDA:1,(anonymous_17)
FNDA:1,(anonymous_18)
FNDA:1,(anonymous_19)
FNDA:2,(anonymous_20)
FNDA:1,(anonymous_21)
FNDA:1,(anonymous_22)
FNDA:1,(anonymous_23)
DA:5,1
DA:8,1
DA:10,1
DA:12,1
DA:15,1
DA:19,2
DA:21,2
DA:22,0
DA:27,2
DA:29,2
DA:31,1
DA:32,1
DA:35,1
DA:37,1
DA:44,1
DA:46,2
DA:48,2
DA:49,0
DA:53,2
DA:55,2
DA:56,1
DA:58,1
DA:59,1
DA:62,0
DA:66,1
DA:68,1
DA:74,1
DA:76,3
DA:78,3
DA:79,0
DA:85,3
DA:88,3
DA:89,2
DA:90,2
DA:91,2
DA:93,1
DA:95,1
DA:96,1
DA:99,0
DA:103,1
DA:105,1
DA:110,1
DA:112,1
DA:119,1
DA:121,3
DA:123,3
DA:124,0
DA:130,3
DA:133,3
DA:134,2
DA:135,2
DA:136,2
DA:138,0
DA:140,0
DA:141,0
DA:144,0
DA:148,2
DA:150,2
DA:151,1
DA:155,1
DA:161,1
DA:163,1
DA:171,1
DA:174,1
DA:176,1
DA:178,1
DA:179,0
DA:185,1
DA:187,1
DA:188,1
DA:190,1
DA:191,1
DA:193,0
DA:195,1
DA:197,1
DA:198,1
DA:199,2
DA:201,1
DA:205,0
DA:211,0
DA:212,0
DA:219,1
DA:222,1
DA:226,1
DA:227,1
DA:231,1
DA:240,1
DA:243,1
DA:244,1
DA:246,0
DA:249,1
DA:251,0
DA:254,1
DA:263,1
DA:266,1
DA:267,1
DA:270,0
DA:276,1
LF:98
LH:80
BRDA:21,1,0,0
BRDA:21,1,1,2
BRDA:29,2,0,1
BRDA:29,2,1,1
BRDA:48,3,0,0
BRDA:48,3,1,2
BRDA:55,4,0,1
BRDA:55,4,1,1
BRDA:58,5,0,1
BRDA:58,5,1,0
BRDA:78,6,0,0
BRDA:78,6,1,3
BRDA:88,7,0,2
BRDA:88,7,1,1
BRDA:91,8,0,1
BRDA:91,8,1,1
BRDA:95,9,0,1
BRDA:95,9,1,0
BRDA:123,10,0,0
BRDA:123,10,1,3
BRDA:133,11,0,2
BRDA:133,11,1,1
BRDA:136,12,0,0
BRDA:136,12,1,2
BRDA:140,13,0,0
BRDA:140,13,1,0
BRDA:150,14,0,1
BRDA:150,14,1,1
BRDA:178,15,0,0
BRDA:178,15,1,1
BRDA:187,16,0,1
BRDA:187,16,1,0
BRDA:191,17,0,0
BRDA:191,17,1,1
BRDA:195,18,0,1
BRDA:195,18,1,0
BRDA:226,19,0,1
BRDA:226,19,1,0
BRDA:244,20,0,0
BRDA:244,20,1,1
BRDA:249,21,0,0
BRDA:249,21,1,1
BRDA:249,22,0,1
BRDA:249,22,1,1
BRDA:266,23,0,1
BRDA:266,23,1,0
BRF:46
BRH:29
end_of_record
