{"/Users/trujun/Documents/SlackNotification/app.js":{"path":"/Users/trujun/Documents/SlackNotification/app.js","s":{"1":1,"2":1,"3":1,"4":1,"5":1,"6":1,"7":0,"8":1,"9":1,"10":1,"11":1},"b":{"1":[1,1]},"f":{"1":0},"fnMap":{"1":{"name":"(anonymous_1)","line":14,"loc":{"start":{"line":14,"column":8},"end":{"line":14,"column":48}}}},"statementMap":{"1":{"start":{"line":5,"column":0},"end":{"line":5,"column":33}},"2":{"start":{"line":6,"column":0},"end":{"line":6,"column":20}},"3":{"start":{"line":8,"column":0},"end":{"line":8,"column":34}},"4":{"start":{"line":9,"column":0},"end":{"line":9,"column":27}},"5":{"start":{"line":11,"column":0},"end":{"line":11,"column":31}},"6":{"start":{"line":14,"column":0},"end":{"line":21,"column":3}},"7":{"start":{"line":15,"column":4},"end":{"line":20,"column":5}},"8":{"start":{"line":23,"column":0},"end":{"line":23,"column":45}},"9":{"start":{"line":25,"column":0},"end":{"line":25,"column":17}},"10":{"start":{"line":26,"column":0},"end":{"line":26,"column":50}},"11":{"start":{"line":28,"column":0},"end":{"line":28,"column":21}}},"branchMap":{"1":{"line":23,"type":"binary-expr","locations":[{"start":{"line":23,"column":11},"end":{"line":23,"column":36}},{"start":{"line":23,"column":40},"end":{"line":23,"column":44}}]}}},"/Users/trujun/Documents/SlackNotification/slack.js":{"path":"/Users/trujun/Documents/SlackNotification/slack.js","s":{"1":1,"2":1,"3":1,"4":1,"5":1,"6":1,"7":1,"8":1,"9":1,"10":9,"11":9,"12":9,"13":1,"14":1,"15":1,"16":1,"17":0,"18":1,"19":1,"20":1,"21":1,"22":1,"23":1,"24":1,"25":1,"26":1,"27":1,"28":1,"29":1,"30":0,"31":1,"32":1,"33":1,"34":1,"35":1,"36":1,"37":1,"38":1,"39":1,"40":1,"41":1,"42":1,"43":1,"44":0,"45":1,"46":1,"47":1,"48":1,"49":1,"50":1,"51":1,"52":1,"53":1,"54":1,"55":1,"56":1,"57":1,"58":0,"59":1,"60":1,"61":1,"62":1,"63":1,"64":1,"65":1,"66":1,"67":1,"68":1,"69":1,"70":1,"71":1,"72":0,"73":1,"74":1,"75":1,"76":1,"77":1,"78":1,"79":1,"80":1,"81":1,"82":1,"83":1,"84":1,"85":1,"86":1,"87":0,"88":1,"89":1,"90":2,"91":2,"92":2,"93":2,"94":2,"95":2,"96":2,"97":2,"98":2,"99":2,"100":2,"101":0,"102":2,"103":1,"104":0,"105":0,"106":0,"107":0,"108":0,"109":0,"110":0,"111":0,"112":0,"113":0,"114":0,"115":0,"116":0,"117":1,"118":0,"119":0,"120":0,"121":0,"122":0,"123":0,"124":0,"125":0,"126":0,"127":0,"128":0,"129":0,"130":0,"131":1,"132":1,"133":1,"134":1,"135":1,"136":1,"137":1,"138":1,"139":1,"140":1,"141":1,"142":1,"143":1,"144":1,"145":1,"146":1,"147":1,"148":1,"149":1,"150":1,"151":1,"152":1,"153":0,"154":1,"155":1,"156":0,"157":0,"158":0,"159":0,"160":0,"161":0,"162":0,"163":0,"164":0,"165":0,"166":0,"167":0,"168":0,"169":0,"170":0,"171":0,"172":0,"173":0,"174":1},"b":{"1":[0,1],"2":[0,1],"3":[0,1],"4":[0,1],"5":[0,1],"6":[0,1],"7":[0,2],"8":[0,0],"9":[0,0],"10":[0,1],"11":[0,0]},"f":{"1":1,"2":1,"3":9,"4":1,"5":1,"6":1,"7":1,"8":1,"9":1,"10":1,"11":1,"12":1,"13":1,"14":1,"15":1,"16":2,"17":2,"18":0,"19":0,"20":0,"21":0,"22":1,"23":1,"24":0,"25":0},"fnMap":{"1":{"name":"(anonymous_1)","line":15,"loc":{"start":{"line":15,"column":12},"end":{"line":15,"column":24}}},"2":{"name":"(anonymous_2)","line":22,"loc":{"start":{"line":22,"column":35},"end":{"line":23,"column":0}}},"3":{"name":"(anonymous_3)","line":29,"loc":{"start":{"line":29,"column":12},"end":{"line":29,"column":37}}},"4":{"name":"(anonymous_4)","line":35,"loc":{"start":{"line":35,"column":24},"end":{"line":35,"column":44}}},"5":{"name":"(anonymous_5)","line":37,"loc":{"start":{"line":37,"column":61},"end":{"line":37,"column":92}}},"6":{"name":"(anonymous_6)","line":50,"loc":{"start":{"line":50,"column":26},"end":{"line":50,"column":46}}},"7":{"name":"(anonymous_7)","line":61,"loc":{"start":{"line":61,"column":48},"end":{"line":61,"column":79}}},"8":{"name":"(anonymous_8)","line":71,"loc":{"start":{"line":71,"column":31},"end":{"line":71,"column":51}}},"9":{"name":"(anonymous_9)","line":83,"loc":{"start":{"line":83,"column":49},"end":{"line":83,"column":80}}},"10":{"name":"(anonymous_10)","line":93,"loc":{"start":{"line":93,"column":32},"end":{"line":93,"column":52}}},"11":{"name":"(anonymous_11)","line":105,"loc":{"start":{"line":105,"column":49},"end":{"line":105,"column":80}}},"12":{"name":"(anonymous_12)","line":115,"loc":{"start":{"line":115,"column":34},"end":{"line":115,"column":54}}},"13":{"name":"(anonymous_13)","line":127,"loc":{"start":{"line":127,"column":49},"end":{"line":127,"column":80}}},"14":{"name":"(anonymous_14)","line":137,"loc":{"start":{"line":137,"column":31},"end":{"line":137,"column":51}}},"15":{"name":"(anonymous_15)","line":150,"loc":{"start":{"line":150,"column":49},"end":{"line":150,"column":80}}},"16":{"name":"(anonymous_16)","line":160,"loc":{"start":{"line":160,"column":29},"end":{"line":160,"column":49}}},"17":{"name":"(anonymous_17)","line":172,"loc":{"start":{"line":172,"column":49},"end":{"line":172,"column":80}}},"18":{"name":"(anonymous_18)","line":182,"loc":{"start":{"line":182,"column":31},"end":{"line":182,"column":51}}},"19":{"name":"(anonymous_19)","line":194,"loc":{"start":{"line":194,"column":49},"end":{"line":194,"column":80}}},"20":{"name":"(anonymous_20)","line":204,"loc":{"start":{"line":204,"column":30},"end":{"line":204,"column":50}}},"21":{"name":"(anonymous_21)","line":216,"loc":{"start":{"line":216,"column":49},"end":{"line":216,"column":80}}},"22":{"name":"(anonymous_22)","line":226,"loc":{"start":{"line":226,"column":29},"end":{"line":226,"column":49}}},"23":{"name":"(anonymous_23)","line":251,"loc":{"start":{"line":251,"column":49},"end":{"line":251,"column":80}}},"24":{"name":"(anonymous_24)","line":261,"loc":{"start":{"line":261,"column":31},"end":{"line":261,"column":51}}},"25":{"name":"(anonymous_25)","line":281,"loc":{"start":{"line":281,"column":49},"end":{"line":281,"column":80}}}},"statementMap":{"1":{"start":{"line":9,"column":0},"end":{"line":9,"column":33}},"2":{"start":{"line":10,"column":0},"end":{"line":10,"column":46}},"3":{"start":{"line":11,"column":0},"end":{"line":11,"column":38}},"4":{"start":{"line":15,"column":0},"end":{"line":17,"column":2}},"5":{"start":{"line":20,"column":0},"end":{"line":20,"column":39}},"6":{"start":{"line":22,"column":0},"end":{"line":290,"column":1}},"7":{"start":{"line":24,"column":4},"end":{"line":24,"column":33}},"8":{"start":{"line":25,"column":4},"end":{"line":27,"column":8}},"9":{"start":{"line":29,"column":4},"end":{"line":33,"column":7}},"10":{"start":{"line":30,"column":8},"end":{"line":30,"column":55}},"11":{"start":{"line":31,"column":8},"end":{"line":31,"column":101}},"12":{"start":{"line":32,"column":8},"end":{"line":32,"column":15}},"13":{"start":{"line":35,"column":4},"end":{"line":48,"column":7}},"14":{"start":{"line":36,"column":8},"end":{"line":36,"column":52}},"15":{"start":{"line":37,"column":8},"end":{"line":45,"column":11}},"16":{"start":{"line":38,"column":12},"end":{"line":44,"column":13}},"17":{"start":{"line":39,"column":16},"end":{"line":39,"column":31}},"18":{"start":{"line":43,"column":14},"end":{"line":43,"column":28}},"19":{"start":{"line":50,"column":4},"end":{"line":69,"column":7}},"20":{"start":{"line":51,"column":8},"end":{"line":51,"column":48}},"21":{"start":{"line":52,"column":8},"end":{"line":52,"column":49}},"22":{"start":{"line":53,"column":8},"end":{"line":53,"column":36}},"23":{"start":{"line":54,"column":8},"end":{"line":54,"column":35}},"24":{"start":{"line":55,"column":8},"end":{"line":55,"column":58}},"25":{"start":{"line":57,"column":8},"end":{"line":57,"column":38}},"26":{"start":{"line":58,"column":8},"end":{"line":58,"column":38}},"27":{"start":{"line":59,"column":8},"end":{"line":59,"column":42}},"28":{"start":{"line":61,"column":7},"end":{"line":68,"column":10}},"29":{"start":{"line":62,"column":11},"end":{"line":67,"column":12}},"30":{"start":{"line":63,"column":15},"end":{"line":63,"column":30}},"31":{"start":{"line":66,"column":15},"end":{"line":66,"column":29}},"32":{"start":{"line":71,"column":4},"end":{"line":91,"column":7}},"33":{"start":{"line":72,"column":8},"end":{"line":72,"column":53}},"34":{"start":{"line":73,"column":8},"end":{"line":73,"column":54}},"35":{"start":{"line":74,"column":8},"end":{"line":74,"column":36}},"36":{"start":{"line":75,"column":8},"end":{"line":75,"column":41}},"37":{"start":{"line":76,"column":8},"end":{"line":76,"column":54}},"38":{"start":{"line":77,"column":8},"end":{"line":77,"column":58}},"39":{"start":{"line":79,"column":8},"end":{"line":79,"column":38}},"40":{"start":{"line":80,"column":8},"end":{"line":80,"column":38}},"41":{"start":{"line":81,"column":8},"end":{"line":81,"column":42}},"42":{"start":{"line":83,"column":8},"end":{"line":90,"column":11}},"43":{"start":{"line":84,"column":12},"end":{"line":89,"column":13}},"44":{"start":{"line":85,"column":16},"end":{"line":85,"column":31}},"45":{"start":{"line":88,"column":16},"end":{"line":88,"column":30}},"46":{"start":{"line":93,"column":4},"end":{"line":113,"column":7}},"47":{"start":{"line":94,"column":8},"end":{"line":94,"column":54}},"48":{"start":{"line":95,"column":8},"end":{"line":95,"column":55}},"49":{"start":{"line":96,"column":8},"end":{"line":96,"column":36}},"50":{"start":{"line":97,"column":8},"end":{"line":97,"column":42}},"51":{"start":{"line":98,"column":8},"end":{"line":98,"column":55}},"52":{"start":{"line":99,"column":8},"end":{"line":99,"column":58}},"53":{"start":{"line":101,"column":8},"end":{"line":101,"column":38}},"54":{"start":{"line":102,"column":8},"end":{"line":102,"column":38}},"55":{"start":{"line":103,"column":8},"end":{"line":103,"column":42}},"56":{"start":{"line":105,"column":8},"end":{"line":112,"column":11}},"57":{"start":{"line":106,"column":12},"end":{"line":111,"column":13}},"58":{"start":{"line":107,"column":16},"end":{"line":107,"column":31}},"59":{"start":{"line":110,"column":16},"end":{"line":110,"column":30}},"60":{"start":{"line":115,"column":4},"end":{"line":135,"column":7}},"61":{"start":{"line":116,"column":8},"end":{"line":116,"column":56}},"62":{"start":{"line":117,"column":8},"end":{"line":117,"column":58}},"63":{"start":{"line":118,"column":8},"end":{"line":118,"column":36}},"64":{"start":{"line":119,"column":8},"end":{"line":119,"column":42}},"65":{"start":{"line":120,"column":8},"end":{"line":120,"column":55}},"66":{"start":{"line":121,"column":8},"end":{"line":121,"column":58}},"67":{"start":{"line":123,"column":8},"end":{"line":123,"column":38}},"68":{"start":{"line":124,"column":8},"end":{"line":124,"column":38}},"69":{"start":{"line":125,"column":8},"end":{"line":125,"column":42}},"70":{"start":{"line":127,"column":8},"end":{"line":134,"column":11}},"71":{"start":{"line":128,"column":12},"end":{"line":133,"column":13}},"72":{"start":{"line":129,"column":16},"end":{"line":129,"column":31}},"73":{"start":{"line":132,"column":16},"end":{"line":132,"column":30}},"74":{"start":{"line":137,"column":4},"end":{"line":158,"column":7}},"75":{"start":{"line":138,"column":8},"end":{"line":138,"column":53}},"76":{"start":{"line":139,"column":8},"end":{"line":139,"column":55}},"77":{"start":{"line":140,"column":8},"end":{"line":140,"column":36}},"78":{"start":{"line":141,"column":8},"end":{"line":141,"column":42}},"79":{"start":{"line":142,"column":8},"end":{"line":142,"column":35}},"80":{"start":{"line":143,"column":8},"end":{"line":143,"column":69}},"81":{"start":{"line":144,"column":8},"end":{"line":144,"column":58}},"82":{"start":{"line":146,"column":8},"end":{"line":146,"column":38}},"83":{"start":{"line":147,"column":8},"end":{"line":147,"column":38}},"84":{"start":{"line":148,"column":8},"end":{"line":148,"column":42}},"85":{"start":{"line":150,"column":8},"end":{"line":157,"column":11}},"86":{"start":{"line":151,"column":12},"end":{"line":156,"column":13}},"87":{"start":{"line":152,"column":16},"end":{"line":152,"column":31}},"88":{"start":{"line":155,"column":16},"end":{"line":155,"column":30}},"89":{"start":{"line":160,"column":4},"end":{"line":180,"column":7}},"90":{"start":{"line":161,"column":8},"end":{"line":161,"column":50}},"91":{"start":{"line":162,"column":8},"end":{"line":162,"column":53}},"92":{"start":{"line":163,"column":8},"end":{"line":163,"column":36}},"93":{"start":{"line":164,"column":8},"end":{"line":164,"column":34}},"94":{"start":{"line":165,"column":8},"end":{"line":165,"column":47}},"95":{"start":{"line":166,"column":8},"end":{"line":166,"column":58}},"96":{"start":{"line":168,"column":8},"end":{"line":168,"column":38}},"97":{"start":{"line":169,"column":8},"end":{"line":169,"column":38}},"98":{"start":{"line":170,"column":8},"end":{"line":170,"column":42}},"99":{"start":{"line":172,"column":8},"end":{"line":179,"column":11}},"100":{"start":{"line":173,"column":12},"end":{"line":178,"column":13}},"101":{"start":{"line":174,"column":16},"end":{"line":174,"column":31}},"102":{"start":{"line":177,"column":16},"end":{"line":177,"column":30}},"103":{"start":{"line":182,"column":4},"end":{"line":202,"column":7}},"104":{"start":{"line":183,"column":8},"end":{"line":183,"column":53}},"105":{"start":{"line":184,"column":8},"end":{"line":184,"column":54}},"106":{"start":{"line":185,"column":8},"end":{"line":185,"column":36}},"107":{"start":{"line":186,"column":8},"end":{"line":186,"column":40}},"108":{"start":{"line":187,"column":8},"end":{"line":187,"column":53}},"109":{"start":{"line":188,"column":8},"end":{"line":188,"column":58}},"110":{"start":{"line":190,"column":8},"end":{"line":190,"column":38}},"111":{"start":{"line":191,"column":8},"end":{"line":191,"column":38}},"112":{"start":{"line":192,"column":8},"end":{"line":192,"column":42}},"113":{"start":{"line":194,"column":8},"end":{"line":201,"column":11}},"114":{"start":{"line":195,"column":12},"end":{"line":200,"column":13}},"115":{"start":{"line":196,"column":16},"end":{"line":196,"column":31}},"116":{"start":{"line":199,"column":16},"end":{"line":199,"column":30}},"117":{"start":{"line":204,"column":4},"end":{"line":224,"column":7}},"118":{"start":{"line":205,"column":8},"end":{"line":205,"column":52}},"119":{"start":{"line":206,"column":8},"end":{"line":206,"column":53}},"120":{"start":{"line":207,"column":8},"end":{"line":207,"column":36}},"121":{"start":{"line":208,"column":8},"end":{"line":208,"column":57}},"122":{"start":{"line":209,"column":8},"end":{"line":209,"column":71}},"123":{"start":{"line":210,"column":8},"end":{"line":210,"column":58}},"124":{"start":{"line":212,"column":8},"end":{"line":212,"column":38}},"125":{"start":{"line":213,"column":8},"end":{"line":213,"column":38}},"126":{"start":{"line":214,"column":8},"end":{"line":214,"column":42}},"127":{"start":{"line":216,"column":8},"end":{"line":223,"column":11}},"128":{"start":{"line":217,"column":12},"end":{"line":222,"column":13}},"129":{"start":{"line":218,"column":16},"end":{"line":218,"column":31}},"130":{"start":{"line":221,"column":16},"end":{"line":221,"column":30}},"131":{"start":{"line":226,"column":4},"end":{"line":259,"column":7}},"132":{"start":{"line":227,"column":8},"end":{"line":227,"column":51}},"133":{"start":{"line":228,"column":8},"end":{"line":228,"column":53}},"134":{"start":{"line":229,"column":8},"end":{"line":229,"column":36}},"135":{"start":{"line":230,"column":8},"end":{"line":230,"column":39}},"136":{"start":{"line":231,"column":8},"end":{"line":231,"column":33}},"137":{"start":{"line":232,"column":8},"end":{"line":232,"column":35}},"138":{"start":{"line":233,"column":8},"end":{"line":233,"column":45}},"139":{"start":{"line":234,"column":8},"end":{"line":234,"column":47}},"140":{"start":{"line":235,"column":8},"end":{"line":235,"column":49}},"141":{"start":{"line":236,"column":8},"end":{"line":236,"column":49}},"142":{"start":{"line":237,"column":8},"end":{"line":237,"column":41}},"143":{"start":{"line":238,"column":8},"end":{"line":238,"column":39}},"144":{"start":{"line":239,"column":8},"end":{"line":239,"column":41}},"145":{"start":{"line":240,"column":8},"end":{"line":240,"column":45}},"146":{"start":{"line":242,"column":8},"end":{"line":244,"column":57}},"147":{"start":{"line":245,"column":8},"end":{"line":245,"column":58}},"148":{"start":{"line":247,"column":8},"end":{"line":247,"column":38}},"149":{"start":{"line":248,"column":8},"end":{"line":248,"column":38}},"150":{"start":{"line":249,"column":8},"end":{"line":249,"column":42}},"151":{"start":{"line":251,"column":8},"end":{"line":258,"column":11}},"152":{"start":{"line":252,"column":12},"end":{"line":257,"column":13}},"153":{"start":{"line":253,"column":16},"end":{"line":253,"column":31}},"154":{"start":{"line":256,"column":16},"end":{"line":256,"column":30}},"155":{"start":{"line":261,"column":4},"end":{"line":289,"column":7}},"156":{"start":{"line":262,"column":8},"end":{"line":262,"column":51}},"157":{"start":{"line":263,"column":8},"end":{"line":263,"column":55}},"158":{"start":{"line":264,"column":8},"end":{"line":264,"column":36}},"159":{"start":{"line":265,"column":8},"end":{"line":265,"column":35}},"160":{"start":{"line":267,"column":8},"end":{"line":267,"column":33}},"161":{"start":{"line":268,"column":8},"end":{"line":268,"column":41}},"162":{"start":{"line":269,"column":8},"end":{"line":269,"column":43}},"163":{"start":{"line":270,"column":8},"end":{"line":270,"column":35}},"164":{"start":{"line":271,"column":8},"end":{"line":271,"column":33}},"165":{"start":{"line":273,"column":8},"end":{"line":274,"column":25}},"166":{"start":{"line":275,"column":8},"end":{"line":275,"column":58}},"167":{"start":{"line":277,"column":8},"end":{"line":277,"column":38}},"168":{"start":{"line":278,"column":8},"end":{"line":278,"column":38}},"169":{"start":{"line":279,"column":8},"end":{"line":279,"column":42}},"170":{"start":{"line":281,"column":8},"end":{"line":288,"column":11}},"171":{"start":{"line":282,"column":12},"end":{"line":287,"column":13}},"172":{"start":{"line":283,"column":16},"end":{"line":283,"column":31}},"173":{"start":{"line":286,"column":16},"end":{"line":286,"column":30}},"174":{"start":{"line":294,"column":0},"end":{"line":294,"column":23}}},"branchMap":{"1":{"line":38,"type":"if","locations":[{"start":{"line":38,"column":12},"end":{"line":38,"column":12}},{"start":{"line":38,"column":12},"end":{"line":38,"column":12}}]},"2":{"line":62,"type":"if","locations":[{"start":{"line":62,"column":11},"end":{"line":62,"column":11}},{"start":{"line":62,"column":11},"end":{"line":62,"column":11}}]},"3":{"line":84,"type":"if","locations":[{"start":{"line":84,"column":12},"end":{"line":84,"column":12}},{"start":{"line":84,"column":12},"end":{"line":84,"column":12}}]},"4":{"line":106,"type":"if","locations":[{"start":{"line":106,"column":12},"end":{"line":106,"column":12}},{"start":{"line":106,"column":12},"end":{"line":106,"column":12}}]},"5":{"line":128,"type":"if","locations":[{"start":{"line":128,"column":12},"end":{"line":128,"column":12}},{"start":{"line":128,"column":12},"end":{"line":128,"column":12}}]},"6":{"line":151,"type":"if","locations":[{"start":{"line":151,"column":12},"end":{"line":151,"column":12}},{"start":{"line":151,"column":12},"end":{"line":151,"column":12}}]},"7":{"line":173,"type":"if","locations":[{"start":{"line":173,"column":12},"end":{"line":173,"column":12}},{"start":{"line":173,"column":12},"end":{"line":173,"column":12}}]},"8":{"line":195,"type":"if","locations":[{"start":{"line":195,"column":12},"end":{"line":195,"column":12}},{"start":{"line":195,"column":12},"end":{"line":195,"column":12}}]},"9":{"line":217,"type":"if","locations":[{"start":{"line":217,"column":12},"end":{"line":217,"column":12}},{"start":{"line":217,"column":12},"end":{"line":217,"column":12}}]},"10":{"line":252,"type":"if","locations":[{"start":{"line":252,"column":12},"end":{"line":252,"column":12}},{"start":{"line":252,"column":12},"end":{"line":252,"column":12}}]},"11":{"line":282,"type":"if","locations":[{"start":{"line":282,"column":12},"end":{"line":282,"column":12}},{"start":{"line":282,"column":12},"end":{"line":282,"column":12}}]}}},"/Users/trujun/Documents/SlackNotification/httpConnections.js":{"path":"/Users/trujun/Documents/SlackNotification/httpConnections.js","s":{"1":1,"2":1,"3":8,"4":8,"5":0,"6":8,"7":8,"8":1,"9":1,"10":1,"11":1,"12":0,"13":0,"14":1,"15":1},"b":{"1":[0,8],"2":[0,1]},"f":{"1":8,"2":8,"3":1,"4":1},"fnMap":{"1":{"name":"(anonymous_1)","line":6,"loc":{"start":{"line":6,"column":22},"end":{"line":6,"column":60}}},"2":{"name":"(anonymous_2)","line":13,"loc":{"start":{"line":13,"column":7},"end":{"line":13,"column":39}}},"3":{"name":"(anonymous_3)","line":23,"loc":{"start":{"line":23,"column":21},"end":{"line":23,"column":43}}},"4":{"name":"(anonymous_4)","line":27,"loc":{"start":{"line":27,"column":7},"end":{"line":27,"column":39}}}},"statementMap":{"1":{"start":{"line":4,"column":0},"end":{"line":4,"column":33}},"2":{"start":{"line":6,"column":0},"end":{"line":21,"column":1}},"3":{"start":{"line":8,"column":4},"end":{"line":20,"column":7}},"4":{"start":{"line":14,"column":8},"end":{"line":18,"column":9}},"5":{"start":{"line":15,"column":12},"end":{"line":15,"column":31}},"6":{"start":{"line":17,"column":12},"end":{"line":17,"column":51}},"7":{"start":{"line":19,"column":8},"end":{"line":19,"column":40}},"8":{"start":{"line":23,"column":0},"end":{"line":39,"column":1}},"9":{"start":{"line":24,"column":4},"end":{"line":38,"column":7}},"10":{"start":{"line":28,"column":8},"end":{"line":28,"column":30}},"11":{"start":{"line":29,"column":8},"end":{"line":36,"column":9}},"12":{"start":{"line":30,"column":12},"end":{"line":30,"column":40}},"13":{"start":{"line":31,"column":12},"end":{"line":31,"column":40}},"14":{"start":{"line":34,"column":12},"end":{"line":34,"column":37}},"15":{"start":{"line":35,"column":12},"end":{"line":35,"column":43}}},"branchMap":{"1":{"line":14,"type":"if","locations":[{"start":{"line":14,"column":8},"end":{"line":14,"column":8}},{"start":{"line":14,"column":8},"end":{"line":14,"column":8}}]},"2":{"line":29,"type":"if","locations":[{"start":{"line":29,"column":8},"end":{"line":29,"column":8}},{"start":{"line":29,"column":8},"end":{"line":29,"column":8}}]}}}}