TN:
SF:/Users/trujun/Documents/SlackNotification/app.js
FN:14,(anonymous_1)
FNF:1
FNH:0
FNDA:0,(anonymous_1)
DA:5,1
DA:6,1
DA:8,1
DA:9,1
DA:11,1
DA:14,1
DA:15,0
DA:23,1
DA:25,1
DA:26,1
DA:28,1
LF:11
LH:10
BRDA:23,1,0,1
BRDA:23,1,1,1
BRF:2
BRH:2
end_of_record
TN:
SF:/Users/trujun/Documents/SlackNotification/slack.js
FN:15,(anonymous_1)
FN:22,(anonymous_2)
FN:29,(anonymous_3)
FN:35,(anonymous_4)
FN:37,(anonymous_5)
FN:50,(anonymous_6)
FN:61,(anonymous_7)
FN:71,(anonymous_8)
FN:83,(anonymous_9)
FN:93,(anonymous_10)
FN:105,(anonymous_11)
FN:115,(anonymous_12)
FN:127,(anonymous_13)
FN:137,(anonymous_14)
FN:150,(anonymous_15)
FN:160,(anonymous_16)
FN:172,(anonymous_17)
FN:182,(anonymous_18)
FN:194,(anonymous_19)
FN:204,(anonymous_20)
FN:216,(anonymous_21)
FN:226,(anonymous_22)
FN:251,(anonymous_23)
FN:261,(anonymous_24)
FN:281,(anonymous_25)
FNF:25
FNH:19
FNDA:1,(anonymous_1)
FNDA:1,(anonymous_2)
FNDA:9,(anonymous_3)
FNDA:1,(anonymous_4)
FNDA:1,(anonymous_5)
FNDA:1,(anonymous_6)
FNDA:1,(anonymous_7)
FNDA:1,(anonymous_8)
FNDA:1,(anonymous_9)
FNDA:1,(anonymous_10)
FNDA:1,(anonymous_11)
FNDA:1,(anonymous_12)
FNDA:1,(anonymous_13)
FNDA:1,(anonymous_14)
FNDA:1,(anonymous_15)
FNDA:2,(anonymous_16)
FNDA:2,(anonymous_17)
FNDA:0,(anonymous_18)
FNDA:0,(anonymous_19)
FNDA:0,(anonymous_20)
FNDA:0,(anonymous_21)
FNDA:1,(anonymous_22)
FNDA:1,(anonymous_23)
FNDA:0,(anonymous_24)
FNDA:0,(anonymous_25)
DA:9,1
DA:10,1
DA:11,1
DA:15,1
DA:20,1
DA:22,1
DA:24,1
DA:25,1
DA:29,1
DA:30,9
DA:31,9
DA:32,9
DA:35,1
DA:36,1
DA:37,1
DA:38,1
DA:39,0
DA:43,1
DA:50,1
DA:51,1
DA:52,1
DA:53,1
DA:54,1
DA:55,1
DA:57,1
DA:58,1
DA:59,1
DA:61,1
DA:62,1
DA:63,0
DA:66,1
DA:71,1
DA:72,1
DA:73,1
DA:74,1
DA:75,1
DA:76,1
DA:77,1
DA:79,1
DA:80,1
DA:81,1
DA:83,1
DA:84,1
DA:85,0
DA:88,1
DA:93,1
DA:94,1
DA:95,1
DA:96,1
DA:97,1
DA:98,1
DA:99,1
DA:101,1
DA:102,1
DA:103,1
DA:105,1
DA:106,1
DA:107,0
DA:110,1
DA:115,1
DA:116,1
DA:117,1
DA:118,1
DA:119,1
DA:120,1
DA:121,1
DA:123,1
DA:124,1
DA:125,1
DA:127,1
DA:128,1
DA:129,0
DA:132,1
DA:137,1
DA:138,1
DA:139,1
DA:140,1
DA:141,1
DA:142,1
DA:143,1
DA:144,1
DA:146,1
DA:147,1
DA:148,1
DA:150,1
DA:151,1
DA:152,0
DA:155,1
DA:160,1
DA:161,2
DA:162,2
DA:163,2
DA:164,2
DA:165,2
DA:166,2
DA:168,2
DA:169,2
DA:170,2
DA:172,2
DA:173,2
DA:174,0
DA:177,2
DA:182,1
DA:183,0
DA:184,0
DA:185,0
DA:186,0
DA:187,0
DA:188,0
DA:190,0
DA:191,0
DA:192,0
DA:194,0
DA:195,0
DA:196,0
DA:199,0
DA:204,1
DA:205,0
DA:206,0
DA:207,0
DA:208,0
DA:209,0
DA:210,0
DA:212,0
DA:213,0
DA:214,0
DA:216,0
DA:217,0
DA:218,0
DA:221,0
DA:226,1
DA:227,1
DA:228,1
DA:229,1
DA:230,1
DA:231,1
DA:232,1
DA:233,1
DA:234,1
DA:235,1
DA:236,1
DA:237,1
DA:238,1
DA:239,1
DA:240,1
DA:242,1
DA:245,1
DA:247,1
DA:248,1
DA:249,1
DA:251,1
DA:252,1
DA:253,0
DA:256,1
DA:261,1
DA:262,0
DA:263,0
DA:264,0
DA:265,0
DA:267,0
DA:268,0
DA:269,0
DA:270,0
DA:271,0
DA:273,0
DA:275,0
DA:277,0
DA:278,0
DA:279,0
DA:281,0
DA:282,0
DA:283,0
DA:286,0
DA:294,1
LF:174
LH:122
BRDA:38,1,0,0
BRDA:38,1,1,1
BRDA:62,2,0,0
BRDA:62,2,1,1
BRDA:84,3,0,0
BRDA:84,3,1,1
BRDA:106,4,0,0
BRDA:106,4,1,1
BRDA:128,5,0,0
BRDA:128,5,1,1
BRDA:151,6,0,0
BRDA:151,6,1,1
BRDA:173,7,0,0
BRDA:173,7,1,2
BRDA:195,8,0,0
BRDA:195,8,1,0
BRDA:217,9,0,0
BRDA:217,9,1,0
BRDA:252,10,0,0
BRDA:252,10,1,1
BRDA:282,11,0,0
BRDA:282,11,1,0
BRF:22
BRH:8
end_of_record
TN:
SF:/Users/trujun/Documents/SlackNotification/httpConnections.js
FN:6,(anonymous_1)
FN:13,(anonymous_2)
FN:23,(anonymous_3)
FN:27,(anonymous_4)
FNF:4
FNH:4
FNDA:8,(anonymous_1)
FNDA:8,(anonymous_2)
FNDA:1,(anonymous_3)
FNDA:1,(anonymous_4)
DA:4,1
DA:6,1
DA:8,8
DA:14,8
DA:15,0
DA:17,8
DA:19,8
DA:23,1
DA:24,1
DA:28,1
DA:29,1
DA:30,0
DA:31,0
DA:34,1
DA:35,1
LF:15
LH:12
BRDA:14,1,0,0
BRDA:14,1,1,8
BRDA:29,2,0,0
BRDA:29,2,1,1
BRF:4
BRH:2
end_of_record
