{"/home/ubuntu/GitOTP/Microservices/Templates/NodeJS/SendGrid_Hook/sendgridservice.js":{"path":"/home/ubuntu/GitOTP/Microservices/Templates/NodeJS/SendGrid_Hook/sendgridservice.js","s":{"1":1,"2":1,"3":1,"4":1,"5":1,"6":1,"7":1,"8":1,"9":1,"10":1,"11":0,"12":0,"13":1},"b":{"1":[1,0]},"f":{"1":1,"2":1,"3":1},"fnMap":{"1":{"name":"(anonymous_1)","line":7,"loc":{"start":{"line":7,"column":15},"end":{"line":7,"column":27}}},"2":{"name":"(anonymous_2)","line":12,"loc":{"start":{"line":12,"column":30},"end":{"line":12,"column":59}}},"3":{"name":"(anonymous_3)","line":25,"loc":{"start":{"line":25,"column":29},"end":{"line":25,"column":55}}}},"statementMap":{"1":{"start":{"line":6,"column":0},"end":{"line":6,"column":38}},"2":{"start":{"line":7,"column":0},"end":{"line":9,"column":2}},"3":{"start":{"line":12,"column":0},"end":{"line":37,"column":1}},"4":{"start":{"line":13,"column":4},"end":{"line":36,"column":5}},"5":{"start":{"line":15,"column":8},"end":{"line":15,"column":82}},"6":{"start":{"line":16,"column":8},"end":{"line":21,"column":10}},"7":{"start":{"line":23,"column":8},"end":{"line":23,"column":48}},"8":{"start":{"line":25,"column":8},"end":{"line":32,"column":11}},"9":{"start":{"line":26,"column":12},"end":{"line":31,"column":13}},"10":{"start":{"line":27,"column":16},"end":{"line":27,"column":47}},"11":{"start":{"line":30,"column":16},"end":{"line":30,"column":39}},"12":{"start":{"line":35,"column":8},"end":{"line":35,"column":29}},"13":{"start":{"line":39,"column":0},"end":{"line":39,"column":26}}},"branchMap":{"1":{"line":26,"type":"if","locations":[{"start":{"line":26,"column":12},"end":{"line":26,"column":12}},{"start":{"line":26,"column":12},"end":{"line":26,"column":12}}]}}}}