{"/Users/Srividya/Microservices/ServiceBrokers/AuthServiceBroker/test.js":{"path":"/Users/Srividya/Microservices/ServiceBrokers/AuthServiceBroker/test.js","s":{"1":1,"2":1,"3":1,"4":1,"5":1,"6":1,"7":1,"8":1,"9":1,"10":1,"11":1,"12":1,"13":1,"14":1,"15":1,"16":1,"17":1,"18":1,"19":1,"20":1,"21":1,"22":1,"23":1,"24":1,"25":1,"26":1,"27":1,"28":1,"29":1,"30":1,"31":1,"32":1,"33":1,"34":1,"35":1,"36":1,"37":1,"38":1,"39":1,"40":1,"41":1,"42":1,"43":1,"44":1,"45":1,"46":1,"47":1,"48":1,"49":1,"50":1,"51":1,"52":1},"b":{},"f":{"1":1,"2":1,"3":1,"4":1,"5":1,"6":1,"7":1,"8":1,"9":1,"10":1,"11":1,"12":1,"13":1,"14":1,"15":1,"16":1,"17":1,"18":1},"fnMap":{"1":{"name":"(anonymous_1)","line":18,"loc":{"start":{"line":18,"column":49},"end":{"line":18,"column":61}}},"2":{"name":"(anonymous_2)","line":20,"loc":{"start":{"line":20,"column":11},"end":{"line":20,"column":27}}},"3":{"name":"(anonymous_3)","line":22,"loc":{"start":{"line":22,"column":19},"end":{"line":22,"column":31}}},"4":{"name":"(anonymous_4)","line":28,"loc":{"start":{"line":28,"column":28},"end":{"line":28,"column":40}}},"5":{"name":"(anonymous_5)","line":29,"loc":{"start":{"line":29,"column":70},"end":{"line":29,"column":86}}},"6":{"name":"(anonymous_6)","line":32,"loc":{"start":{"line":32,"column":21},"end":{"line":32,"column":41}}},"7":{"name":"(anonymous_7)","line":41,"loc":{"start":{"line":41,"column":51},"end":{"line":41,"column":63}}},"8":{"name":"(anonymous_8)","line":42,"loc":{"start":{"line":42,"column":64},"end":{"line":42,"column":80}}},"9":{"name":"(anonymous_9)","line":79,"loc":{"start":{"line":79,"column":21},"end":{"line":79,"column":41}}},"10":{"name":"(anonymous_10)","line":91,"loc":{"start":{"line":91,"column":56},"end":{"line":91,"column":68}}},"11":{"name":"(anonymous_11)","line":92,"loc":{"start":{"line":92,"column":59},"end":{"line":92,"column":75}}},"12":{"name":"(anonymous_12)","line":109,"loc":{"start":{"line":109,"column":21},"end":{"line":109,"column":41}}},"13":{"name":"(anonymous_13)","line":122,"loc":{"start":{"line":122,"column":61},"end":{"line":122,"column":73}}},"14":{"name":"(anonymous_14)","line":123,"loc":{"start":{"line":123,"column":61},"end":{"line":123,"column":77}}},"15":{"name":"(anonymous_15)","line":136,"loc":{"start":{"line":136,"column":21},"end":{"line":136,"column":41}}},"16":{"name":"(anonymous_16)","line":145,"loc":{"start":{"line":145,"column":54},"end":{"line":145,"column":66}}},"17":{"name":"(anonymous_17)","line":146,"loc":{"start":{"line":146,"column":61},"end":{"line":146,"column":77}}},"18":{"name":"(anonymous_18)","line":160,"loc":{"start":{"line":160,"column":21},"end":{"line":160,"column":41}}}},"statementMap":{"1":{"start":{"line":4,"column":0},"end":{"line":4,"column":27}},"2":{"start":{"line":5,"column":0},"end":{"line":5,"column":36}},"3":{"start":{"line":6,"column":0},"end":{"line":6,"column":27}},"4":{"start":{"line":7,"column":0},"end":{"line":7,"column":36}},"5":{"start":{"line":9,"column":0},"end":{"line":9,"column":49}},"6":{"start":{"line":10,"column":0},"end":{"line":10,"column":19}},"7":{"start":{"line":18,"column":0},"end":{"line":169,"column":3}},"8":{"start":{"line":20,"column":4},"end":{"line":25,"column":7}},"9":{"start":{"line":21,"column":8},"end":{"line":21,"column":44}},"10":{"start":{"line":22,"column":8},"end":{"line":24,"column":17}},"11":{"start":{"line":23,"column":12},"end":{"line":23,"column":19}},"12":{"start":{"line":28,"column":4},"end":{"line":39,"column":7}},"13":{"start":{"line":29,"column":8},"end":{"line":38,"column":11}},"14":{"start":{"line":30,"column":12},"end":{"line":30,"column":32}},"15":{"start":{"line":31,"column":12},"end":{"line":37,"column":19}},"16":{"start":{"line":33,"column":20},"end":{"line":33,"column":48}},"17":{"start":{"line":34,"column":20},"end":{"line":34,"column":53}},"18":{"start":{"line":36,"column":20},"end":{"line":36,"column":27}},"19":{"start":{"line":41,"column":4},"end":{"line":89,"column":7}},"20":{"start":{"line":42,"column":8},"end":{"line":88,"column":11}},"21":{"start":{"line":43,"column":12},"end":{"line":43,"column":32}},"22":{"start":{"line":44,"column":12},"end":{"line":74,"column":14}},"23":{"start":{"line":75,"column":12},"end":{"line":85,"column":19}},"24":{"start":{"line":80,"column":20},"end":{"line":80,"column":48}},"25":{"start":{"line":81,"column":20},"end":{"line":81,"column":53}},"26":{"start":{"line":82,"column":20},"end":{"line":82,"column":51}},"27":{"start":{"line":83,"column":20},"end":{"line":83,"column":60}},"28":{"start":{"line":84,"column":20},"end":{"line":84,"column":27}},"29":{"start":{"line":91,"column":4},"end":{"line":119,"column":7}},"30":{"start":{"line":92,"column":8},"end":{"line":118,"column":11}},"31":{"start":{"line":93,"column":12},"end":{"line":93,"column":32}},"32":{"start":{"line":94,"column":12},"end":{"line":103,"column":14}},"33":{"start":{"line":104,"column":12},"end":{"line":115,"column":19}},"34":{"start":{"line":110,"column":20},"end":{"line":110,"column":48}},"35":{"start":{"line":111,"column":20},"end":{"line":111,"column":53}},"36":{"start":{"line":112,"column":20},"end":{"line":112,"column":51}},"37":{"start":{"line":113,"column":20},"end":{"line":113,"column":60}},"38":{"start":{"line":114,"column":20},"end":{"line":114,"column":27}},"39":{"start":{"line":122,"column":4},"end":{"line":143,"column":7}},"40":{"start":{"line":123,"column":8},"end":{"line":142,"column":11}},"41":{"start":{"line":124,"column":12},"end":{"line":124,"column":32}},"42":{"start":{"line":125,"column":12},"end":{"line":130,"column":14}},"43":{"start":{"line":131,"column":12},"end":{"line":139,"column":19}},"44":{"start":{"line":137,"column":20},"end":{"line":137,"column":48}},"45":{"start":{"line":138,"column":20},"end":{"line":138,"column":27}},"46":{"start":{"line":145,"column":4},"end":{"line":167,"column":7}},"47":{"start":{"line":146,"column":8},"end":{"line":166,"column":11}},"48":{"start":{"line":147,"column":12},"end":{"line":147,"column":32}},"49":{"start":{"line":148,"column":12},"end":{"line":154,"column":14}},"50":{"start":{"line":155,"column":12},"end":{"line":163,"column":19}},"51":{"start":{"line":161,"column":20},"end":{"line":161,"column":48}},"52":{"start":{"line":162,"column":20},"end":{"line":162,"column":27}}},"branchMap":{}},"/Users/Srividya/Microservices/ServiceBrokers/AuthServiceBroker/auth-service-broker.js":{"path":"/Users/Srividya/Microservices/ServiceBrokers/AuthServiceBroker/auth-service-broker.js","s":{"1":1,"2":1,"3":1,"4":1,"5":1,"6":1,"7":1,"8":1,"9":1,"10":1,"11":1,"12":1,"13":1,"14":1,"15":1,"16":1,"17":1,"18":1,"19":1,"20":1,"21":1,"22":1,"23":1,"24":1,"25":0,"26":0,"27":1,"28":1,"29":1,"30":1,"31":1,"32":1,"33":1,"34":1,"35":1,"36":1,"37":1,"38":1,"39":1,"40":1,"41":1,"42":1,"43":1,"44":0,"45":0,"46":1,"47":1,"48":1,"49":1,"50":1,"51":1,"52":1,"53":1,"54":1,"55":1,"56":1,"57":0,"58":0,"59":1,"60":1,"61":1,"62":1,"63":1,"64":1,"65":1,"66":1,"67":0,"68":1,"69":1,"70":1,"71":1,"72":1,"73":1,"74":1,"75":0,"76":0,"77":1,"78":1,"79":1,"80":5,"81":0,"82":0,"83":0,"84":0,"85":0,"86":5,"87":5,"88":1,"89":1,"90":5,"91":0,"92":0,"93":0,"94":0,"95":5,"96":5,"97":1,"98":1,"99":0,"100":1,"101":1,"102":1,"103":1,"104":1},"b":{"1":[0,1],"2":[1,0],"3":[1,1],"4":[1,0],"5":[1,1],"6":[1,0],"7":[1,1],"8":[1,0],"9":[1,1],"10":[0,1],"11":[0,1],"12":[1,1],"13":[1,0],"14":[1,0],"15":[1,0],"16":[0,1],"17":[0,5],"18":[0,0],"19":[0,5],"20":[5,5],"21":[0,0],"22":[0,0,0,0],"23":[1,1]},"f":{"1":1,"2":1,"3":1,"4":1,"5":1,"6":1,"7":1,"8":1,"9":0,"10":1,"11":5,"12":1,"13":5,"14":0,"15":1},"fnMap":{"1":{"name":"checkConsistency","line":34,"loc":{"start":{"line":34,"column":0},"end":{"line":34,"column":28}}},"2":{"name":"(anonymous_2)","line":52,"loc":{"start":{"line":52,"column":26},"end":{"line":52,"column":61}}},"3":{"name":"(anonymous_3)","line":59,"loc":{"start":{"line":59,"column":40},"end":{"line":59,"column":75}}},"4":{"name":"(anonymous_4)","line":64,"loc":{"start":{"line":64,"column":22},"end":{"line":64,"column":45}}},"5":{"name":"(anonymous_5)","line":88,"loc":{"start":{"line":88,"column":24},"end":{"line":88,"column":47}}},"6":{"name":"(anonymous_6)","line":109,"loc":{"start":{"line":109,"column":40},"end":{"line":109,"column":71}}},"7":{"name":"(anonymous_7)","line":120,"loc":{"start":{"line":120,"column":70},"end":{"line":120,"column":101}}},"8":{"name":"(anonymous_8)","line":156,"loc":{"start":{"line":156,"column":70},"end":{"line":156,"column":101}}},"9":{"name":"(anonymous_9)","line":166,"loc":{"start":{"line":166,"column":36},"end":{"line":166,"column":71}}},"10":{"name":"apiVersionChecker","line":174,"loc":{"start":{"line":174,"column":0},"end":{"line":174,"column":36}}},"11":{"name":"(anonymous_11)","line":176,"loc":{"start":{"line":176,"column":11},"end":{"line":176,"column":46}}},"12":{"name":"authenticate","line":191,"loc":{"start":{"line":191,"column":0},"end":{"line":191,"column":35}}},"13":{"name":"(anonymous_13)","line":192,"loc":{"start":{"line":192,"column":11},"end":{"line":192,"column":46}}},"14":{"name":"(anonymous_14)","line":215,"loc":{"start":{"line":215,"column":31},"end":{"line":215,"column":63}}},"15":{"name":"(anonymous_15)","line":223,"loc":{"start":{"line":223,"column":20},"end":{"line":223,"column":32}}}},"statementMap":{"1":{"start":{"line":10,"column":0},"end":{"line":10,"column":53}},"2":{"start":{"line":12,"column":0},"end":{"line":12,"column":24}},"3":{"start":{"line":13,"column":0},"end":{"line":13,"column":33}},"4":{"start":{"line":14,"column":0},"end":{"line":14,"column":29}},"5":{"start":{"line":15,"column":0},"end":{"line":15,"column":39}},"6":{"start":{"line":16,"column":0},"end":{"line":18,"column":3}},"7":{"start":{"line":19,"column":0},"end":{"line":19,"column":48}},"8":{"start":{"line":20,"column":0},"end":{"line":20,"column":34}},"9":{"start":{"line":21,"column":0},"end":{"line":21,"column":44}},"10":{"start":{"line":22,"column":0},"end":{"line":25,"column":4}},"11":{"start":{"line":26,"column":0},"end":{"line":26,"column":42}},"12":{"start":{"line":27,"column":0},"end":{"line":27,"column":45}},"13":{"start":{"line":28,"column":0},"end":{"line":28,"column":35}},"14":{"start":{"line":29,"column":0},"end":{"line":29,"column":33}},"15":{"start":{"line":30,"column":0},"end":{"line":30,"column":46}},"16":{"start":{"line":31,"column":0},"end":{"line":31,"column":29}},"17":{"start":{"line":34,"column":0},"end":{"line":49,"column":1}},"18":{"start":{"line":35,"column":4},"end":{"line":35,"column":38}},"19":{"start":{"line":37,"column":4},"end":{"line":37,"column":29}},"20":{"start":{"line":38,"column":4},"end":{"line":38,"column":25}},"21":{"start":{"line":40,"column":4},"end":{"line":48,"column":5}},"22":{"start":{"line":41,"column":8},"end":{"line":47,"column":9}},"23":{"start":{"line":42,"column":12},"end":{"line":42,"column":49}},"24":{"start":{"line":43,"column":12},"end":{"line":46,"column":13}},"25":{"start":{"line":44,"column":16},"end":{"line":44,"column":154}},"26":{"start":{"line":45,"column":16},"end":{"line":45,"column":37}},"27":{"start":{"line":52,"column":0},"end":{"line":56,"column":3}},"28":{"start":{"line":54,"column":4},"end":{"line":54,"column":34}},"29":{"start":{"line":55,"column":4},"end":{"line":55,"column":11}},"30":{"start":{"line":59,"column":0},"end":{"line":105,"column":3}},"31":{"start":{"line":61,"column":3},"end":{"line":61,"column":76}},"32":{"start":{"line":64,"column":8},"end":{"line":84,"column":10}},"33":{"start":{"line":69,"column":12},"end":{"line":71,"column":13}},"34":{"start":{"line":70,"column":16},"end":{"line":70,"column":191}},"35":{"start":{"line":72,"column":12},"end":{"line":74,"column":13}},"36":{"start":{"line":73,"column":16},"end":{"line":73,"column":187}},"37":{"start":{"line":75,"column":12},"end":{"line":77,"column":13}},"38":{"start":{"line":76,"column":16},"end":{"line":76,"column":189}},"39":{"start":{"line":78,"column":12},"end":{"line":80,"column":13}},"40":{"start":{"line":79,"column":16},"end":{"line":79,"column":191}},"41":{"start":{"line":83,"column":12},"end":{"line":83,"column":71}},"42":{"start":{"line":88,"column":4},"end":{"line":100,"column":6}},"43":{"start":{"line":89,"column":8},"end":{"line":99,"column":9}},"44":{"start":{"line":90,"column":12},"end":{"line":90,"column":33}},"45":{"start":{"line":91,"column":12},"end":{"line":91,"column":57}},"46":{"start":{"line":95,"column":12},"end":{"line":95,"column":62}},"47":{"start":{"line":96,"column":12},"end":{"line":96,"column":33}},"48":{"start":{"line":97,"column":12},"end":{"line":97,"column":87}},"49":{"start":{"line":102,"column":4},"end":{"line":102,"column":46}},"50":{"start":{"line":104,"column":4},"end":{"line":104,"column":11}},"51":{"start":{"line":109,"column":0},"end":{"line":116,"column":3}},"52":{"start":{"line":110,"column":4},"end":{"line":110,"column":73}},"53":{"start":{"line":111,"column":4},"end":{"line":113,"column":7}},"54":{"start":{"line":115,"column":4},"end":{"line":115,"column":11}},"55":{"start":{"line":120,"column":0},"end":{"line":153,"column":2}},"56":{"start":{"line":121,"column":8},"end":{"line":151,"column":9}},"57":{"start":{"line":122,"column":12},"end":{"line":122,"column":33}},"58":{"start":{"line":123,"column":12},"end":{"line":123,"column":107}},"59":{"start":{"line":127,"column":12},"end":{"line":134,"column":14}},"60":{"start":{"line":135,"column":12},"end":{"line":137,"column":13}},"61":{"start":{"line":136,"column":16},"end":{"line":136,"column":161}},"62":{"start":{"line":138,"column":12},"end":{"line":140,"column":13}},"63":{"start":{"line":139,"column":16},"end":{"line":139,"column":158}},"64":{"start":{"line":141,"column":12},"end":{"line":143,"column":13}},"65":{"start":{"line":142,"column":16},"end":{"line":142,"column":159}},"66":{"start":{"line":144,"column":12},"end":{"line":146,"column":13}},"67":{"start":{"line":145,"column":16},"end":{"line":145,"column":161}},"68":{"start":{"line":147,"column":12},"end":{"line":147,"column":33}},"69":{"start":{"line":149,"column":12},"end":{"line":149,"column":51}},"70":{"start":{"line":150,"column":12},"end":{"line":150,"column":19}},"71":{"start":{"line":156,"column":0},"end":{"line":162,"column":2}},"72":{"start":{"line":157,"column":8},"end":{"line":159,"column":11}},"73":{"start":{"line":160,"column":8},"end":{"line":160,"column":15}},"74":{"start":{"line":166,"column":0},"end":{"line":172,"column":3}},"75":{"start":{"line":168,"column":4},"end":{"line":170,"column":7}},"76":{"start":{"line":171,"column":4},"end":{"line":171,"column":11}},"77":{"start":{"line":174,"column":0},"end":{"line":189,"column":1}},"78":{"start":{"line":175,"column":4},"end":{"line":175,"column":40}},"79":{"start":{"line":176,"column":4},"end":{"line":188,"column":6}},"80":{"start":{"line":177,"column":8},"end":{"line":186,"column":9}},"81":{"start":{"line":178,"column":12},"end":{"line":178,"column":71}},"82":{"start":{"line":179,"column":12},"end":{"line":183,"column":13}},"83":{"start":{"line":180,"column":16},"end":{"line":180,"column":93}},"84":{"start":{"line":181,"column":16},"end":{"line":181,"column":37}},"85":{"start":{"line":182,"column":16},"end":{"line":182,"column":95}},"86":{"start":{"line":185,"column":12},"end":{"line":185,"column":65}},"87":{"start":{"line":187,"column":8},"end":{"line":187,"column":15}},"88":{"start":{"line":191,"column":0},"end":{"line":207,"column":1}},"89":{"start":{"line":192,"column":4},"end":{"line":206,"column":6}},"90":{"start":{"line":193,"column":8},"end":{"line":204,"column":9}},"91":{"start":{"line":194,"column":12},"end":{"line":200,"column":13}},"92":{"start":{"line":195,"column":16},"end":{"line":195,"column":37}},"93":{"start":{"line":196,"column":16},"end":{"line":196,"column":94}},"94":{"start":{"line":197,"column":16},"end":{"line":197,"column":90}},"95":{"start":{"line":203,"column":12},"end":{"line":203,"column":19}},"96":{"start":{"line":205,"column":8},"end":{"line":205,"column":15}},"97":{"start":{"line":209,"column":0},"end":{"line":212,"column":4}},"98":{"start":{"line":215,"column":0},"end":{"line":218,"column":3}},"99":{"start":{"line":216,"column":4},"end":{"line":216,"column":32}},"100":{"start":{"line":220,"column":0},"end":{"line":220,"column":19}},"101":{"start":{"line":221,"column":0},"end":{"line":221,"column":53}},"102":{"start":{"line":223,"column":0},"end":{"line":225,"column":3}},"103":{"start":{"line":224,"column":4},"end":{"line":224,"column":67}},"104":{"start":{"line":227,"column":0},"end":{"line":227,"column":24}}},"branchMap":{"1":{"line":43,"type":"if","locations":[{"start":{"line":43,"column":12},"end":{"line":43,"column":12}},{"start":{"line":43,"column":12},"end":{"line":43,"column":12}}]},"2":{"line":69,"type":"if","locations":[{"start":{"line":69,"column":12},"end":{"line":69,"column":12}},{"start":{"line":69,"column":12},"end":{"line":69,"column":12}}]},"3":{"line":69,"type":"binary-expr","locations":[{"start":{"line":69,"column":15},"end":{"line":69,"column":75}},{"start":{"line":69,"column":79},"end":{"line":69,"column":143}}]},"4":{"line":72,"type":"if","locations":[{"start":{"line":72,"column":12},"end":{"line":72,"column":12}},{"start":{"line":72,"column":12},"end":{"line":72,"column":12}}]},"5":{"line":72,"type":"binary-expr","locations":[{"start":{"line":72,"column":15},"end":{"line":72,"column":73}},{"start":{"line":72,"column":77},"end":{"line":72,"column":139}}]},"6":{"line":75,"type":"if","locations":[{"start":{"line":75,"column":12},"end":{"line":75,"column":12}},{"start":{"line":75,"column":12},"end":{"line":75,"column":12}}]},"7":{"line":75,"type":"binary-expr","locations":[{"start":{"line":75,"column":15},"end":{"line":75,"column":74}},{"start":{"line":75,"column":78},"end":{"line":75,"column":141}}]},"8":{"line":78,"type":"if","locations":[{"start":{"line":78,"column":12},"end":{"line":78,"column":12}},{"start":{"line":78,"column":12},"end":{"line":78,"column":12}}]},"9":{"line":78,"type":"binary-expr","locations":[{"start":{"line":78,"column":15},"end":{"line":78,"column":75}},{"start":{"line":78,"column":79},"end":{"line":78,"column":143}}]},"10":{"line":89,"type":"if","locations":[{"start":{"line":89,"column":8},"end":{"line":89,"column":8}},{"start":{"line":89,"column":8},"end":{"line":89,"column":8}}]},"11":{"line":121,"type":"if","locations":[{"start":{"line":121,"column":8},"end":{"line":121,"column":8}},{"start":{"line":121,"column":8},"end":{"line":121,"column":8}}]},"12":{"line":121,"type":"binary-expr","locations":[{"start":{"line":121,"column":12},"end":{"line":121,"column":34}},{"start":{"line":121,"column":38},"end":{"line":121,"column":68}}]},"13":{"line":135,"type":"if","locations":[{"start":{"line":135,"column":12},"end":{"line":135,"column":12}},{"start":{"line":135,"column":12},"end":{"line":135,"column":12}}]},"14":{"line":138,"type":"if","locations":[{"start":{"line":138,"column":12},"end":{"line":138,"column":12}},{"start":{"line":138,"column":12},"end":{"line":138,"column":12}}]},"15":{"line":141,"type":"if","locations":[{"start":{"line":141,"column":12},"end":{"line":141,"column":12}},{"start":{"line":141,"column":12},"end":{"line":141,"column":12}}]},"16":{"line":144,"type":"if","locations":[{"start":{"line":144,"column":12},"end":{"line":144,"column":12}},{"start":{"line":144,"column":12},"end":{"line":144,"column":12}}]},"17":{"line":177,"type":"if","locations":[{"start":{"line":177,"column":8},"end":{"line":177,"column":8}},{"start":{"line":177,"column":8},"end":{"line":177,"column":8}}]},"18":{"line":179,"type":"if","locations":[{"start":{"line":179,"column":12},"end":{"line":179,"column":12}},{"start":{"line":179,"column":12},"end":{"line":179,"column":12}}]},"19":{"line":193,"type":"if","locations":[{"start":{"line":193,"column":8},"end":{"line":193,"column":8}},{"start":{"line":193,"column":8},"end":{"line":193,"column":8}}]},"20":{"line":193,"type":"binary-expr","locations":[{"start":{"line":193,"column":12},"end":{"line":193,"column":32}},{"start":{"line":193,"column":36},"end":{"line":193,"column":60}}]},"21":{"line":194,"type":"if","locations":[{"start":{"line":194,"column":12},"end":{"line":194,"column":12}},{"start":{"line":194,"column":12},"end":{"line":194,"column":12}}]},"22":{"line":194,"type":"binary-expr","locations":[{"start":{"line":194,"column":18},"end":{"line":194,"column":39}},{"start":{"line":194,"column":43},"end":{"line":194,"column":70}},{"start":{"line":194,"column":74},"end":{"line":194,"column":135}},{"start":{"line":194,"column":139},"end":{"line":194,"column":204}}]},"23":{"line":221,"type":"binary-expr","locations":[{"start":{"line":221,"column":18},"end":{"line":221,"column":43}},{"start":{"line":221,"column":47},"end":{"line":221,"column":51}}]}}},"/Users/Srividya/Microservices/ServiceBrokers/AuthServiceBroker/cf-node-client.js":{"path":"/Users/Srividya/Microservices/ServiceBrokers/AuthServiceBroker/cf-node-client.js","s":{"1":1,"2":1,"3":1,"4":1,"5":1,"6":1,"7":1,"8":1,"9":1,"10":1,"11":1,"12":1,"13":1,"14":1,"15":1,"16":1,"17":1,"18":1,"19":1,"20":0,"21":0,"22":1,"23":0,"24":1,"25":1,"26":1,"27":1,"28":0,"29":0,"30":1,"31":1,"32":0,"33":0,"34":1,"35":1,"36":1,"37":1,"38":1,"39":1,"40":0,"41":0,"42":1,"43":1,"44":1,"45":1,"46":1,"47":1,"48":1,"49":1,"50":1,"51":1,"52":1,"53":1,"54":1,"55":1,"56":1,"57":1,"58":1,"59":1,"60":1,"61":1,"62":1,"63":0,"64":0,"65":1,"66":1,"67":1,"68":0,"69":0,"70":1,"71":1},"b":{"1":[1,0],"2":[0,1],"3":[0,1],"4":[0,1],"5":[0,1],"6":[0,1]},"f":{"1":1,"2":1,"3":1,"4":1,"5":1,"6":1,"7":1,"8":1,"9":1,"10":1,"11":1,"12":1,"13":1,"14":1,"15":1,"16":0,"17":1},"fnMap":{"1":{"name":"(anonymous_1)","line":12,"loc":{"start":{"line":12,"column":19},"end":{"line":12,"column":31}}},"2":{"name":"(anonymous_2)","line":17,"loc":{"start":{"line":17,"column":33},"end":{"line":17,"column":62}}},"3":{"name":"(anonymous_3)","line":29,"loc":{"start":{"line":29,"column":32},"end":{"line":29,"column":52}}},"4":{"name":"(anonymous_4)","line":32,"loc":{"start":{"line":32,"column":24},"end":{"line":32,"column":46}}},"5":{"name":"(anonymous_5)","line":49,"loc":{"start":{"line":49,"column":16},"end":{"line":49,"column":41}}},"6":{"name":"(anonymous_6)","line":51,"loc":{"start":{"line":51,"column":24},"end":{"line":51,"column":39}}},"7":{"name":"(anonymous_7)","line":58,"loc":{"start":{"line":58,"column":61},"end":{"line":58,"column":84}}},"8":{"name":"(anonymous_8)","line":73,"loc":{"start":{"line":73,"column":14},"end":{"line":73,"column":39}}},"9":{"name":"(anonymous_9)","line":77,"loc":{"start":{"line":77,"column":87},"end":{"line":77,"column":110}}},"10":{"name":"(anonymous_10)","line":88,"loc":{"start":{"line":88,"column":15},"end":{"line":88,"column":40}}},"11":{"name":"(anonymous_11)","line":101,"loc":{"start":{"line":101,"column":34},"end":{"line":101,"column":52}}},"12":{"name":"(anonymous_12)","line":112,"loc":{"start":{"line":112,"column":16},"end":{"line":112,"column":34}}},"13":{"name":"(anonymous_13)","line":116,"loc":{"start":{"line":116,"column":16},"end":{"line":116,"column":34}}},"14":{"name":"(anonymous_14)","line":119,"loc":{"start":{"line":119,"column":16},"end":{"line":119,"column":34}}},"15":{"name":"(anonymous_15)","line":123,"loc":{"start":{"line":123,"column":16},"end":{"line":123,"column":34}}},"16":{"name":"(anonymous_16)","line":127,"loc":{"start":{"line":127,"column":17},"end":{"line":127,"column":35}}},"17":{"name":"(anonymous_17)","line":136,"loc":{"start":{"line":136,"column":63},"end":{"line":136,"column":86}}}},"statementMap":{"1":{"start":{"line":9,"column":0},"end":{"line":9,"column":23}},"2":{"start":{"line":10,"column":0},"end":{"line":10,"column":29}},"3":{"start":{"line":11,"column":0},"end":{"line":11,"column":29}},"4":{"start":{"line":12,"column":0},"end":{"line":13,"column":2}},"5":{"start":{"line":17,"column":0},"end":{"line":146,"column":2}},"6":{"start":{"line":19,"column":4},"end":{"line":19,"column":36}},"7":{"start":{"line":20,"column":4},"end":{"line":20,"column":64}},"8":{"start":{"line":21,"column":4},"end":{"line":21,"column":68}},"9":{"start":{"line":22,"column":4},"end":{"line":22,"column":88}},"10":{"start":{"line":23,"column":4},"end":{"line":23,"column":86}},"11":{"start":{"line":24,"column":4},"end":{"line":24,"column":57}},"12":{"start":{"line":25,"column":4},"end":{"line":25,"column":27}},"13":{"start":{"line":26,"column":4},"end":{"line":26,"column":63}},"14":{"start":{"line":27,"column":4},"end":{"line":27,"column":38}},"15":{"start":{"line":29,"column":4},"end":{"line":46,"column":6}},"16":{"start":{"line":30,"column":8},"end":{"line":45,"column":9}},"17":{"start":{"line":31,"column":12},"end":{"line":31,"column":57}},"18":{"start":{"line":32,"column":12},"end":{"line":41,"column":15}},"19":{"start":{"line":33,"column":16},"end":{"line":39,"column":17}},"20":{"start":{"line":34,"column":20},"end":{"line":34,"column":76}},"21":{"start":{"line":35,"column":20},"end":{"line":35,"column":41}},"22":{"start":{"line":38,"column":20},"end":{"line":38,"column":49}},"23":{"start":{"line":44,"column":12},"end":{"line":44,"column":45}},"24":{"start":{"line":49,"column":4},"end":{"line":71,"column":5}},"25":{"start":{"line":50,"column":8},"end":{"line":50,"column":47}},"26":{"start":{"line":51,"column":8},"end":{"line":70,"column":11}},"27":{"start":{"line":52,"column":12},"end":{"line":68,"column":13}},"28":{"start":{"line":53,"column":16},"end":{"line":53,"column":51}},"29":{"start":{"line":54,"column":16},"end":{"line":54,"column":37}},"30":{"start":{"line":58,"column":16},"end":{"line":66,"column":19}},"31":{"start":{"line":59,"column":20},"end":{"line":65,"column":21}},"32":{"start":{"line":60,"column":24},"end":{"line":60,"column":63}},"33":{"start":{"line":61,"column":24},"end":{"line":61,"column":45}},"34":{"start":{"line":64,"column":24},"end":{"line":64,"column":54}},"35":{"start":{"line":73,"column":4},"end":{"line":86,"column":5}},"36":{"start":{"line":75,"column":8},"end":{"line":75,"column":46}},"37":{"start":{"line":76,"column":8},"end":{"line":76,"column":47}},"38":{"start":{"line":77,"column":8},"end":{"line":84,"column":11}},"39":{"start":{"line":78,"column":12},"end":{"line":83,"column":13}},"40":{"start":{"line":79,"column":16},"end":{"line":79,"column":53}},"41":{"start":{"line":80,"column":16},"end":{"line":80,"column":37}},"42":{"start":{"line":82,"column":16},"end":{"line":82,"column":46}},"43":{"start":{"line":88,"column":4},"end":{"line":132,"column":6}},"44":{"start":{"line":90,"column":8},"end":{"line":90,"column":20}},"45":{"start":{"line":91,"column":8},"end":{"line":95,"column":10}},"46":{"start":{"line":98,"column":8},"end":{"line":98,"column":34}},"47":{"start":{"line":99,"column":8},"end":{"line":99,"column":55}},"48":{"start":{"line":100,"column":8},"end":{"line":100,"column":29}},"49":{"start":{"line":101,"column":8},"end":{"line":131,"column":11}},"50":{"start":{"line":102,"column":12},"end":{"line":102,"column":43}},"51":{"start":{"line":104,"column":12},"end":{"line":108,"column":14}},"52":{"start":{"line":109,"column":12},"end":{"line":109,"column":35}},"53":{"start":{"line":111,"column":12},"end":{"line":111,"column":44}},"54":{"start":{"line":114,"column":12},"end":{"line":114,"column":33}},"55":{"start":{"line":115,"column":12},"end":{"line":115,"column":70}},"56":{"start":{"line":117,"column":12},"end":{"line":117,"column":33}},"57":{"start":{"line":118,"column":12},"end":{"line":118,"column":92}},"58":{"start":{"line":120,"column":12},"end":{"line":120,"column":36}},"59":{"start":{"line":121,"column":12},"end":{"line":121,"column":33}},"60":{"start":{"line":122,"column":12},"end":{"line":122,"column":39}},"61":{"start":{"line":124,"column":12},"end":{"line":124,"column":43}},"62":{"start":{"line":125,"column":12},"end":{"line":125,"column":42}},"63":{"start":{"line":128,"column":12},"end":{"line":128,"column":64}},"64":{"start":{"line":129,"column":12},"end":{"line":129,"column":36}},"65":{"start":{"line":135,"column":4},"end":{"line":135,"column":33}},"66":{"start":{"line":136,"column":4},"end":{"line":145,"column":7}},"67":{"start":{"line":137,"column":8},"end":{"line":143,"column":9}},"68":{"start":{"line":138,"column":12},"end":{"line":138,"column":60}},"69":{"start":{"line":139,"column":12},"end":{"line":139,"column":33}},"70":{"start":{"line":142,"column":12},"end":{"line":142,"column":42}},"71":{"start":{"line":149,"column":0},"end":{"line":149,"column":30}}},"branchMap":{"1":{"line":30,"type":"if","locations":[{"start":{"line":30,"column":8},"end":{"line":30,"column":8}},{"start":{"line":30,"column":8},"end":{"line":30,"column":8}}]},"2":{"line":33,"type":"if","locations":[{"start":{"line":33,"column":16},"end":{"line":33,"column":16}},{"start":{"line":33,"column":16},"end":{"line":33,"column":16}}]},"3":{"line":52,"type":"if","locations":[{"start":{"line":52,"column":12},"end":{"line":52,"column":12}},{"start":{"line":52,"column":12},"end":{"line":52,"column":12}}]},"4":{"line":59,"type":"if","locations":[{"start":{"line":59,"column":20},"end":{"line":59,"column":20}},{"start":{"line":59,"column":20},"end":{"line":59,"column":20}}]},"5":{"line":78,"type":"if","locations":[{"start":{"line":78,"column":12},"end":{"line":78,"column":12}},{"start":{"line":78,"column":12},"end":{"line":78,"column":12}}]},"6":{"line":137,"type":"if","locations":[{"start":{"line":137,"column":8},"end":{"line":137,"column":8}},{"start":{"line":137,"column":8},"end":{"line":137,"column":8}}]}}}}