{"/home/ubuntu/GitOTP/Microservices/Templates/NodeJS/Twilio_Hook/twilioservice.js":{"path":"/home/ubuntu/GitOTP/Microservices/Templates/NodeJS/Twilio_Hook/twilioservice.js","s":{"1":1,"2":1,"3":1,"4":1,"5":1,"6":1,"7":1,"8":1,"9":1,"10":1,"11":0,"12":0,"13":1},"b":{"1":[1,0]},"f":{"1":1,"2":1,"3":1},"fnMap":{"1":{"name":"(anonymous_1)","line":7,"loc":{"start":{"line":7,"column":20},"end":{"line":7,"column":32}}},"2":{"name":"(anonymous_2)","line":12,"loc":{"start":{"line":12,"column":38},"end":{"line":12,"column":69}}},"3":{"name":"(anonymous_3)","line":21,"loc":{"start":{"line":21,"column":32},"end":{"line":21,"column":58}}}},"statementMap":{"1":{"start":{"line":7,"column":0},"end":{"line":9,"column":2}},"2":{"start":{"line":12,"column":0},"end":{"line":33,"column":2}},"3":{"start":{"line":13,"column":8},"end":{"line":13,"column":82}},"4":{"start":{"line":14,"column":8},"end":{"line":18,"column":10}},"5":{"start":{"line":19,"column":8},"end":{"line":19,"column":26}},"6":{"start":{"line":21,"column":8},"end":{"line":31,"column":11}},"7":{"start":{"line":22,"column":12},"end":{"line":30,"column":13}},"8":{"start":{"line":23,"column":16},"end":{"line":23,"column":92}},"9":{"start":{"line":24,"column":16},"end":{"line":24,"column":56}},"10":{"start":{"line":25,"column":16},"end":{"line":25,"column":47}},"11":{"start":{"line":28,"column":16},"end":{"line":28,"column":86}},"12":{"start":{"line":29,"column":15},"end":{"line":29,"column":41}},"13":{"start":{"line":35,"column":0},"end":{"line":35,"column":31}}},"branchMap":{"1":{"line":22,"type":"if","locations":[{"start":{"line":22,"column":12},"end":{"line":22,"column":12}},{"start":{"line":22,"column":12},"end":{"line":22,"column":12}}]}}}}