{"/home/ubuntu/codeC/Microservices/Templates/NodeJS/Otp_Hook/app.js":{"path":"/home/ubuntu/codeC/Microservices/Templates/NodeJS/Otp_Hook/app.js","s":{"1":1,"2":1,"3":1,"4":1,"5":1,"6":1,"7":1,"8":1,"9":1,"10":1},"b":{"1":[1,1]},"f":{},"fnMap":{},"statementMap":{"1":{"start":{"line":6,"column":0},"end":{"line":6,"column":33}},"2":{"start":{"line":7,"column":0},"end":{"line":7,"column":20}},"3":{"start":{"line":9,"column":0},"end":{"line":9,"column":30}},"4":{"start":{"line":10,"column":0},"end":{"line":10,"column":23}},"5":{"start":{"line":12,"column":0},"end":{"line":12,"column":24}},"6":{"start":{"line":14,"column":0},"end":{"line":14,"column":24}},"7":{"start":{"line":16,"column":0},"end":{"line":16,"column":45}},"8":{"start":{"line":18,"column":0},"end":{"line":18,"column":17}},"9":{"start":{"line":19,"column":0},"end":{"line":19,"column":55}},"10":{"start":{"line":21,"column":0},"end":{"line":21,"column":21}}},"branchMap":{"1":{"line":16,"type":"binary-expr","locations":[{"start":{"line":16,"column":11},"end":{"line":16,"column":36}},{"start":{"line":16,"column":40},"end":{"line":16,"column":44}}]}}},"/home/ubuntu/codeC/Microservices/Templates/NodeJS/Otp_Hook/otp.js":{"path":"/home/ubuntu/codeC/Microservices/Templates/NodeJS/Otp_Hook/otp.js","s":{"1":1,"2":1,"3":1,"4":1,"5":1,"6":1,"7":1,"8":1,"9":1,"10":1,"11":1,"12":1,"13":1,"14":1,"15":1,"16":1,"17":1,"18":1,"19":1,"20":1,"21":1,"22":1,"23":1,"24":1,"25":1,"26":1,"27":1,"28":1,"29":1,"30":1,"31":0,"32":0,"33":0,"34":0,"35":0,"36":0,"37":0,"38":0,"39":0,"40":0,"41":0,"42":0,"43":0,"44":1,"45":1,"46":1,"47":1,"48":1,"49":1,"50":1,"51":1,"52":1,"53":1,"54":1,"55":1,"56":0,"57":0,"58":1,"59":1,"60":1},"b":{"1":[1,0],"2":[1,1],"3":[1,0],"4":[1,1],"5":[1,0],"6":[1,1],"7":[1,0],"8":[1,0],"9":[0,0],"10":[0,0],"11":[0,1],"12":[1,1]},"f":{"1":1,"2":1,"3":1,"4":1,"5":0,"6":1,"7":1},"fnMap":{"1":{"name":"(anonymous_1)","line":14,"loc":{"start":{"line":14,"column":10},"end":{"line":14,"column":22}}},"2":{"name":"(anonymous_2)","line":22,"loc":{"start":{"line":22,"column":28},"end":{"line":22,"column":43}}},"3":{"name":"(anonymous_3)","line":24,"loc":{"start":{"line":24,"column":38},"end":{"line":24,"column":58}}},"4":{"name":"(anonymous_4)","line":60,"loc":{"start":{"line":60,"column":42},"end":{"line":60,"column":65}}},"5":{"name":"(anonymous_5)","line":91,"loc":{"start":{"line":91,"column":41},"end":{"line":91,"column":64}}},"6":{"name":"(anonymous_6)","line":111,"loc":{"start":{"line":111,"column":28},"end":{"line":111,"column":43}}},"7":{"name":"(anonymous_7)","line":113,"loc":{"start":{"line":113,"column":38},"end":{"line":113,"column":58}}}},"statementMap":{"1":{"start":{"line":6,"column":0},"end":{"line":6,"column":31}},"2":{"start":{"line":7,"column":0},"end":{"line":7,"column":28}},"3":{"start":{"line":8,"column":0},"end":{"line":8,"column":30}},"4":{"start":{"line":9,"column":0},"end":{"line":9,"column":43}},"5":{"start":{"line":10,"column":0},"end":{"line":10,"column":40}},"6":{"start":{"line":11,"column":0},"end":{"line":11,"column":35}},"7":{"start":{"line":12,"column":0},"end":{"line":12,"column":38}},"8":{"start":{"line":14,"column":0},"end":{"line":16,"column":2}},"9":{"start":{"line":22,"column":0},"end":{"line":107,"column":2}},"10":{"start":{"line":24,"column":4},"end":{"line":106,"column":7}},"11":{"start":{"line":25,"column":8},"end":{"line":25,"column":28}},"12":{"start":{"line":27,"column":8},"end":{"line":27,"column":92}},"13":{"start":{"line":28,"column":8},"end":{"line":28,"column":97}},"14":{"start":{"line":29,"column":8},"end":{"line":29,"column":98}},"15":{"start":{"line":30,"column":8},"end":{"line":30,"column":56}},"16":{"start":{"line":33,"column":8},"end":{"line":33,"column":36}},"17":{"start":{"line":35,"column":8},"end":{"line":35,"column":62}},"18":{"start":{"line":38,"column":8},"end":{"line":38,"column":55}},"19":{"start":{"line":41,"column":8},"end":{"line":41,"column":68}},"20":{"start":{"line":42,"column":8},"end":{"line":42,"column":65}},"21":{"start":{"line":43,"column":8},"end":{"line":43,"column":41}},"22":{"start":{"line":46,"column":8},"end":{"line":105,"column":9}},"23":{"start":{"line":48,"column":12},"end":{"line":48,"column":55}},"24":{"start":{"line":49,"column":12},"end":{"line":49,"column":41}},"25":{"start":{"line":51,"column":12},"end":{"line":58,"column":14}},"26":{"start":{"line":60,"column":12},"end":{"line":77,"column":15}},"27":{"start":{"line":61,"column":16},"end":{"line":61,"column":63}},"28":{"start":{"line":62,"column":16},"end":{"line":62,"column":109}},"29":{"start":{"line":63,"column":16},"end":{"line":75,"column":17}},"30":{"start":{"line":65,"column":20},"end":{"line":65,"column":55}},"31":{"start":{"line":68,"column":20},"end":{"line":71,"column":22}},"32":{"start":{"line":73,"column":20},"end":{"line":73,"column":58}},"33":{"start":{"line":78,"column":15},"end":{"line":105,"column":9}},"34":{"start":{"line":80,"column":12},"end":{"line":80,"column":59}},"35":{"start":{"line":81,"column":12},"end":{"line":81,"column":45}},"36":{"start":{"line":83,"column":12},"end":{"line":90,"column":14}},"37":{"start":{"line":91,"column":12},"end":{"line":104,"column":15}},"38":{"start":{"line":92,"column":16},"end":{"line":92,"column":63}},"39":{"start":{"line":93,"column":16},"end":{"line":93,"column":109}},"40":{"start":{"line":94,"column":16},"end":{"line":103,"column":17}},"41":{"start":{"line":95,"column":20},"end":{"line":95,"column":55}},"42":{"start":{"line":98,"column":20},"end":{"line":101,"column":22}},"43":{"start":{"line":102,"column":20},"end":{"line":102,"column":58}},"44":{"start":{"line":111,"column":0},"end":{"line":140,"column":2}},"45":{"start":{"line":113,"column":4},"end":{"line":139,"column":7}},"46":{"start":{"line":116,"column":8},"end":{"line":116,"column":72}},"47":{"start":{"line":118,"column":8},"end":{"line":118,"column":40}},"48":{"start":{"line":120,"column":8},"end":{"line":120,"column":66}},"49":{"start":{"line":121,"column":8},"end":{"line":121,"column":44}},"50":{"start":{"line":123,"column":8},"end":{"line":123,"column":53}},"51":{"start":{"line":124,"column":8},"end":{"line":124,"column":24}},"52":{"start":{"line":125,"column":8},"end":{"line":125,"column":37}},"53":{"start":{"line":126,"column":8},"end":{"line":126,"column":55}},"54":{"start":{"line":127,"column":8},"end":{"line":127,"column":101}},"55":{"start":{"line":128,"column":8},"end":{"line":134,"column":9}},"56":{"start":{"line":129,"column":12},"end":{"line":129,"column":60}},"57":{"start":{"line":130,"column":12},"end":{"line":130,"column":50}},"58":{"start":{"line":132,"column":12},"end":{"line":132,"column":53}},"59":{"start":{"line":133,"column":12},"end":{"line":133,"column":50}},"60":{"start":{"line":142,"column":0},"end":{"line":142,"column":21}}},"branchMap":{"1":{"line":27,"type":"cond-expr","locations":[{"start":{"line":27,"column":67},"end":{"line":27,"column":87}},{"start":{"line":27,"column":90},"end":{"line":27,"column":91}}]},"2":{"line":27,"type":"binary-expr","locations":[{"start":{"line":27,"column":29},"end":{"line":27,"column":39}},{"start":{"line":27,"column":43},"end":{"line":27,"column":63}}]},"3":{"line":28,"type":"cond-expr","locations":[{"start":{"line":28,"column":66},"end":{"line":28,"column":84}},{"start":{"line":28,"column":87},"end":{"line":28,"column":96}}]},"4":{"line":28,"type":"binary-expr","locations":[{"start":{"line":28,"column":30},"end":{"line":28,"column":40}},{"start":{"line":28,"column":44},"end":{"line":28,"column":62}}]},"5":{"line":29,"type":"cond-expr","locations":[{"start":{"line":29,"column":68},"end":{"line":29,"column":92}},{"start":{"line":29,"column":95},"end":{"line":29,"column":97}}]},"6":{"line":29,"type":"binary-expr","locations":[{"start":{"line":29,"column":26},"end":{"line":29,"column":36}},{"start":{"line":29,"column":40},"end":{"line":29,"column":64}}]},"7":{"line":46,"type":"if","locations":[{"start":{"line":46,"column":8},"end":{"line":46,"column":8}},{"start":{"line":46,"column":8},"end":{"line":46,"column":8}}]},"8":{"line":63,"type":"if","locations":[{"start":{"line":63,"column":16},"end":{"line":63,"column":16}},{"start":{"line":63,"column":16},"end":{"line":63,"column":16}}]},"9":{"line":78,"type":"if","locations":[{"start":{"line":78,"column":15},"end":{"line":78,"column":15}},{"start":{"line":78,"column":15},"end":{"line":78,"column":15}}]},"10":{"line":94,"type":"if","locations":[{"start":{"line":94,"column":16},"end":{"line":94,"column":16}},{"start":{"line":94,"column":16},"end":{"line":94,"column":16}}]},"11":{"line":128,"type":"if","locations":[{"start":{"line":128,"column":8},"end":{"line":128,"column":8}},{"start":{"line":128,"column":8},"end":{"line":128,"column":8}}]},"12":{"line":128,"type":"binary-expr","locations":[{"start":{"line":128,"column":12},"end":{"line":128,"column":53}},{"start":{"line":128,"column":57},"end":{"line":128,"column":91}}]}}},"/home/ubuntu/codeC/Microservices/Templates/NodeJS/Otp_Hook/twilioservice.js":{"path":"/home/ubuntu/codeC/Microservices/Templates/NodeJS/Otp_Hook/twilioservice.js","s":{"1":1,"2":1,"3":1,"4":1,"5":1,"6":1,"7":1,"8":0,"9":0,"10":0,"11":1,"12":1,"13":1},"b":{"1":[0,1]},"f":{"1":1,"2":1,"3":1},"fnMap":{"1":{"name":"(anonymous_1)","line":7,"loc":{"start":{"line":7,"column":20},"end":{"line":7,"column":32}}},"2":{"name":"(anonymous_2)","line":12,"loc":{"start":{"line":12,"column":38},"end":{"line":12,"column":69}}},"3":{"name":"(anonymous_3)","line":21,"loc":{"start":{"line":21,"column":32},"end":{"line":21,"column":58}}}},"statementMap":{"1":{"start":{"line":7,"column":0},"end":{"line":9,"column":2}},"2":{"start":{"line":12,"column":0},"end":{"line":33,"column":2}},"3":{"start":{"line":13,"column":8},"end":{"line":13,"column":82}},"4":{"start":{"line":14,"column":8},"end":{"line":18,"column":10}},"5":{"start":{"line":19,"column":8},"end":{"line":19,"column":26}},"6":{"start":{"line":21,"column":8},"end":{"line":31,"column":11}},"7":{"start":{"line":22,"column":12},"end":{"line":30,"column":13}},"8":{"start":{"line":23,"column":16},"end":{"line":23,"column":92}},"9":{"start":{"line":24,"column":16},"end":{"line":24,"column":56}},"10":{"start":{"line":25,"column":16},"end":{"line":25,"column":47}},"11":{"start":{"line":28,"column":16},"end":{"line":28,"column":86}},"12":{"start":{"line":29,"column":15},"end":{"line":29,"column":41}},"13":{"start":{"line":35,"column":0},"end":{"line":35,"column":31}}},"branchMap":{"1":{"line":22,"type":"if","locations":[{"start":{"line":22,"column":12},"end":{"line":22,"column":12}},{"start":{"line":22,"column":12},"end":{"line":22,"column":12}}]}}}}