TN:
SF:/home/ubuntu/codeC/Microservices/Templates/NodeJS/Otp_Hook/app.js
FNF:0
FNH:0
DA:6,1
DA:7,1
DA:9,1
DA:10,1
DA:12,1
DA:14,1
DA:16,1
DA:18,1
DA:19,1
DA:21,1
LF:10
LH:10
BRDA:16,1,0,1
BRDA:16,1,1,1
BRF:2
BRH:2
end_of_record
TN:
SF:/home/ubuntu/codeC/Microservices/Templates/NodeJS/Otp_Hook/otp.js
FN:14,(anonymous_1)
FN:22,(anonymous_2)
FN:24,(anonymous_3)
FN:60,(anonymous_4)
FN:91,(anonymous_5)
FN:111,(anonymous_6)
FN:113,(anonymous_7)
FNF:7
FNH:6
FNDA:1,(anonymous_1)
FNDA:1,(anonymous_2)
FNDA:1,(anonymous_3)
FNDA:1,(anonymous_4)
FNDA:0,(anonymous_5)
FNDA:1,(anonymous_6)
FNDA:1,(anonymous_7)
DA:6,1
DA:7,1
DA:8,1
DA:9,1
DA:10,1
DA:11,1
DA:12,1
DA:14,1
DA:22,1
DA:24,1
DA:25,1
DA:27,1
DA:28,1
DA:29,1
DA:30,1
DA:33,1
DA:35,1
DA:38,1
DA:41,1
DA:42,1
DA:43,1
DA:46,1
DA:48,1
DA:49,1
DA:51,1
DA:60,1
DA:61,1
DA:62,1
DA:63,1
DA:65,1
DA:68,0
DA:73,0
DA:78,0
DA:80,0
DA:81,0
DA:83,0
DA:91,0
DA:92,0
DA:93,0
DA:94,0
DA:95,0
DA:98,0
DA:102,0
DA:111,1
DA:113,1
DA:116,1
DA:118,1
DA:120,1
DA:121,1
DA:123,1
DA:124,1
DA:125,1
DA:126,1
DA:127,1
DA:128,1
DA:129,0
DA:130,0
DA:132,1
DA:133,1
DA:142,1
LF:60
LH:45
BRDA:27,1,0,1
BRDA:27,1,1,0
BRDA:27,2,0,1
BRDA:27,2,1,1
BRDA:28,3,0,1
BRDA:28,3,1,0
BRDA:28,4,0,1
BRDA:28,4,1,1
BRDA:29,5,0,1
BRDA:29,5,1,0
BRDA:29,6,0,1
BRDA:29,6,1,1
BRDA:46,7,0,1
BRDA:46,7,1,0
BRDA:63,8,0,1
BRDA:63,8,1,0
BRDA:78,9,0,0
BRDA:78,9,1,0
BRDA:94,10,0,0
BRDA:94,10,1,0
BRDA:128,11,0,0
BRDA:128,11,1,1
BRDA:128,12,0,1
BRDA:128,12,1,1
BRF:24
BRH:14
end_of_record
TN:
SF:/home/ubuntu/codeC/Microservices/Templates/NodeJS/Otp_Hook/twilioservice.js
FN:7,(anonymous_1)
FN:12,(anonymous_2)
FN:21,(anonymous_3)
FNF:3
FNH:3
FNDA:1,(anonymous_1)
FNDA:1,(anonymous_2)
FNDA:1,(anonymous_3)
DA:7,1
DA:12,1
DA:13,1
DA:14,1
DA:19,1
DA:21,1
DA:22,1
DA:23,0
DA:24,0
DA:25,0
DA:28,1
DA:29,1
DA:35,1
LF:13
LH:10
BRDA:22,1,0,0
BRDA:22,1,1,1
BRF:2
BRH:1
end_of_record
